<?xml version="1.0" encoding="UTF-8" ?>
<testsuite errors="0" failures="0" hostname="DESKTOP-NC1MD3J" name="sample.UtilsJUnit3Test" skipped="0" tests="3" time="1.086" timestamp="2019-11-24T17:12:02">
  <properties>
    <property name="libs.jsp-compiler.javadoc" value="" />
    <property name="netbeans.autoupdate.country" value="US" />
    <property name="javac.test.classpath" value=":build/classes:C:\Program Files\NetBeans 8.2\platform\modules\ext\junit-4.12.jar:${libs.junit.classpath}:C:\Program Files\NetBeans 8.2\platform\modules\ext\hamcrest-core-1.3.jar" />
    <property name="libs.jsf20.maven-pom" value="" />
    <property name="libs.DataBindingME.src" value="C:\Program Files\NetBeans 8.2\mobility\sources\netbeans_databindingme-src.zip" />
    <property name="libs.spring-webmvc4.0.src" value="" />
    <property name="ant.core.lib" value="C:\Program Files\NetBeans 8.2\extide\ant\lib\ant.jar" />
    <property name="javadoc.windowtitle" value="" />
    <property name="libs.jsp-compilation.javadoc" value="" />
    <property name="user.dir" value="C:\Users\BlackAngel\Documents\NetBeansProjects\JUnitSampleSol" />
    <property name="libs.javaee-api-7.0.src" value="" />
    <property name="java.vm.version" value="25.171-b11" />
    <property name="libs.DataBindingME.classpath" value="C:\Program Files\NetBeans 8.2\mobility\modules\ext\netbeans_databindingme.jar" />
    <property name="libs.j2me_common_ant.src" value="" />
    <property name="libs.MySQLDriver.classpath" value="C:\Program Files\NetBeans 8.2\ide\modules\ext\mysql-connector-java-5.1.23-bin.jar" />
    <property name="libs.eclipselinkmodelgen.src" value="" />
    <property name="javadoc.notree" value="false" />
    <property name="netbeans.autoupdate.version" value="1.23" />
    <property name="libs.EclipseLink-GlassFish-v3.classpath" value="C:\Program Files\glassfish-4.1.1\glassfish\modules\org.eclipse.persistence.antlr.jar;C:\Program Files\glassfish-4.1.1\glassfish\modules\org.eclipse.persistence.asm.jar;C:\Program Files\glassfish-4.1.1\glassfish\modules\org.eclipse.persistence.core.jar;C:\Program Files\glassfish-4.1.1\glassfish\modules\org.eclipse.persistence.dbws.jar;C:\Program Files\glassfish-4.1.1\glassfish\modules\org.eclipse.persistence.jpa.jar;C:\Program Files\glassfish-4.1.1\glassfish\modules\org.eclipse.persistence.jpa.jpql.jar;C:\Program Files\glassfish-4.1.1\glassfish\modules\org.eclipse.persistence.jpa.modelgen.processor.jar;C:\Program Files\glassfish-4.1.1\glassfish\modules\org.eclipse.persistence.moxy.jar;C:\Program Files\glassfish-4.1.1\glassfish\modules\org.eclipse.persistence.oracle.jar;C:\Program Files\glassfish-4.1.1\glassfish\modules\javax.persistence.jar" />
    <property name="libs.javaee-web-api-6.0.classpath" value="C:\Program Files\NetBeans 8.2\enterprise\modules\ext\javaee-web-api-6.0.jar" />
    <property name="libs.DataBindingME-PIM.maven-pom" value="" />
    <property name="libs.Java-EE-GlassFish-v3-Prelude.javadoc" value="C:\Program Files\NetBeans 8.2\enterprise\docs\javaee-doc-api.jar" />
    <property name="javac.profile.cmd.line.arg" value="" />
    <property name="jdk.home" value="C:\Program Files\Java\jdk1.8.0_171" />
    <property name="libs.javac-api.src" value="" />
    <property name="javadoc.noindex" value="false" />
    <property name="libs.jpa2-persistence.classpath" value="C:\Program Files\NetBeans 8.2\java\modules\ext\hibernate4\hibernate-jpa-2.1-api-1.0.0.Final.jar" />
    <property name="sun.os.patch.level" value="" />
    <property name="libs.Java-EE-GlassFish-v3-Prelude.src" value="" />
    <property name="java.vm.specification.name" value="Java Virtual Machine Specification" />
    <property name="nb.show.statistics.ui" value="usageStatisticsEnabled" />
    <property name="netbeans.autoupdate.variant" value="" />
    <property name="have.tests" value="true" />
    <property name="org.xml.sax.driver" value="com.sun.org.apache.xerces.internal.jaxp.SAXParserImpl$JAXPSAXParser" />
    <property name="libs.hamcrest.classpath" value="C:\Program Files\NetBeans 8.2\platform\modules\ext\hamcrest-core-1.3.jar" />
    <property name="libs.javac-api.javadoc" value="" />
    <property name="os.name" value="Windows 10" />
    <property name="libs.beans-binding.classpath" value="C:\Program Files\NetBeans 8.2\java\modules\ext\beansbinding-1.2.1.jar" />
    <property name="libs.javaee-endorsed-api-7.0.maven-pom" value="" />
    <property name="ap.proc.none.internal" value="" />
    <property name="libs.DataBindingME-SVG.javadoc" value="C:\Program Files\NetBeans 8.2\mobility\modules\docs\netbeans_databindingme_svg-api.zip" />
    <property name="libs.restapi.javadoc" value="" />
    <property name="libs.JWSAntTasks.maven-pom" value="" />
    <property name="libs.jstl.classpath" value="C:\Program Files\NetBeans 8.2\enterprise\modules\ext\jstl-impl.jar;C:\Program Files\NetBeans 8.2\enterprise\modules\ext\jstl-api.jar" />
    <property name="libs.testng.src" value="" />
    <property name="libs.spring-webmvc3.0.src" value="" />
    <property name="libs.restapi.classpath" value="C:\Program Files\NetBeans 8.2\enterprise\modules\ext\jaxrs-2.0\javax.ws.rs-api-2.0.jar" />
    <property name="java.vendor.url.bug" value="http://bugreport.sun.com/bugreport/" />
    <property name="libs.jaxb.maven-pom" value="" />
    <property name="os.arch" value="amd64" />
    <property name="libs.eclipselink.src" value="" />
    <property name="user.name" value="BlackAngel" />
    <property name="libs.jsf12.javadoc" value="C:\Program Files\NetBeans 8.2\enterprise\docs\javaee-doc-api.jar" />
    <property name="libs.Comet-GlassFish-v3.javadoc" value="" />
    <property name="copylibs.rebase" value="true" />
    <property name="libs.j2me_common_ant.maven-pom" value="" />
    <property name="ant.file.JUnitSampleSol" value="C:\Users\BlackAngel\Documents\NetBeansProjects\JUnitSampleSol\build.xml" />
    <property name="libs.spring-webmvc3.0.maven-pom" value="" />
    <property name="libs.swing-layout.maven-pom" value="" />
    <property name="sun.java.command" value="org.apache.tools.ant.taskdefs.optional.junit.JUnitTestRunner sample.UtilsJUnit3Test skipNonTests=false filtertrace=true haltOnError=false haltOnFailure=false showoutput=true outputtoformatters=true logfailedtests=true threadid=0 logtestlistenerevents=true formatter=org.apache.tools.ant.taskdefs.optional.junit.BriefJUnitResultFormatter formatter=org.apache.tools.ant.taskdefs.optional.junit.XMLJUnitResultFormatter,C:\Users\BlackAngel\Documents\NetBeansProjects\JUnitSampleSol\build\test\results\TEST-sample.UtilsJUnit3Test.xml crashfile=C:\Users\BlackAngel\Documents\NetBeansProjects\JUnitSampleSol\build\junitvmwatcher5384789876239160460.properties propsfile=C:\Users\BlackAngel\Documents\NetBeansProjects\JUnitSampleSol\build\junit395700378686387101.properties" />
    <property name="build.classes.dir" value="build/classes" />
    <property name="netbeans.accept_license_class" value="org.netbeans.license.AcceptLicense" />
    <property name="build.sysclasspath" value="ignore" />
    <property name="manifest.encoding" value="UTF-8" />
    <property name="ap.supported.internal" value="true" />
    <property name="java.failonerror" value="true" />
    <property name="libs.javaee-endorsed-api-7.0.javadoc" value="C:\Program Files\NetBeans 8.2\enterprise\docs\javaee-doc-api.jar" />
    <property name="libs.jaxws21.javadoc" value="C:\Program Files\NetBeans 8.2\java\docs\jaxws-api-doc.zip" />
    <property name="libs.spring-webmvc4.0.javadoc" value="" />
    <property name="includes" value="sample/**/*Test.java" />
    <property name="user.country" value="US" />
    <property name="javadoc.encoding" value="UTF-8" />
    <property name="javac.classpath" value="" />
    <property name="libs.jsp-compilation-syscp.src" value="" />
    <property name="libs.JAVADB_DRIVER_LABEL.src" value="" />
    <property name="libs.spring-framework400.classpath" value="C:\Program Files\NetBeans 8.2\ide\modules\org-apache-commons-logging.jar;C:\Program Files\NetBeans 8.2\java\modules\ext\cglib-2.2.jar;C:\Program Files\NetBeans 8.2\java\modules\ext\spring-4\spring-aop-4.0.1.RELEASE.jar;C:\Program Files\NetBeans 8.2\java\modules\ext\spring-4\spring-aspects-4.0.1.RELEASE.jar;C:\Program Files\NetBeans 8.2\java\modules\ext\spring-4\spring-beans-4.0.1.RELEASE.jar;C:\Program Files\NetBeans 8.2\java\modules\ext\spring-4\spring-build-src-4.0.1.RELEASE.jar;C:\Program Files\NetBeans 8.2\java\modules\ext\spring-4\spring-context-4.0.1.RELEASE.jar;C:\Program Files\NetBeans 8.2\java\modules\ext\spring-4\spring-context-support-4.0.1.RELEASE.jar;C:\Program Files\NetBeans 8.2\java\modules\ext\spring-4\spring-core-4.0.1.RELEASE.jar;C:\Program Files\NetBeans 8.2\java\modules\ext\spring-4\spring-expression-4.0.1.RELEASE.jar;C:\Program Files\NetBeans 8.2\java\modules\ext\spring-4\spring-framework-bom-4.0.1.RELEASE.jar;C:\Program Files\NetBeans 8.2\java\modules\ext\spring-4\spring-instrument-4.0.1.RELEASE.jar;C:\Program Files\NetBeans 8.2\java\modules\ext\spring-4\spring-instrument-tomcat-4.0.1.RELEASE.jar;C:\Program Files\NetBeans 8.2\java\modules\ext\spring-4\spring-jdbc-4.0.1.RELEASE.jar;C:\Program Files\NetBeans 8.2\java\modules\ext\spring-4\spring-jms-4.0.1.RELEASE.jar;C:\Program Files\NetBeans 8.2\java\modules\ext\spring-4\spring-messaging-4.0.1.RELEASE.jar;C:\Program Files\NetBeans 8.2\java\modules\ext\spring-4\spring-orm-4.0.1.RELEASE.jar;C:\Program Files\NetBeans 8.2\java\modules\ext\spring-4\spring-oxm-4.0.1.RELEASE.jar;C:\Program Files\NetBeans 8.2\java\modules\ext\spring-4\spring-test-4.0.1.RELEASE.jar;C:\Program Files\NetBeans 8.2\java\modules\ext\spring-4\spring-tx-4.0.1.RELEASE.jar;C:\Program Files\NetBeans 8.2\java\modules\ext\spring-4\spring-web-4.0.1.RELEASE.jar;C:\Program Files\NetBeans 8.2\java\modules\ext\spring-4\spring-webmvc-4.0.1.RELEASE.jar;C:\Program Files\NetBeans 8.2\java\modules\ext\spring-4\spring-webmvc-portlet-4.0.1.RELEASE.jar;C:\Program Files\NetBeans 8.2\java\modules\ext\spring-4\spring-websocket-4.0.1.RELEASE.jar" />
    <property name="debug-transport" value="dt_shmem" />
    <property name="netbeans.home" value="C:\Program Files\NetBeans 8.2\platform" />
    <property name="build.compiler.emacs" value="true" />
    <property name="libs.javaee-web-api-6.0.src" value="" />
    <property name="libs.jsp-compilation-syscp.classpath" value="C:\Program Files\NetBeans 8.2\extide\ant\lib\ant.jar;C:\Program Files\NetBeans 8.2\enterprise\modules\ext\servlet3.1-jsp2.3-api.jar;C:\Program Files\NetBeans 8.2\enterprise\modules\ext\glassfish-jspparser-4.0.jar;C:\Program Files\NetBeans 8.2\enterprise\modules\ext\jstl-impl.jar;C:\Program Files\NetBeans 8.2\enterprise\modules\ext\jsf-2_2\javax.faces.jar" />
    <property name="java.endorsed.dirs" value="C:\Program Files\Java\jdk1.8.0_171\jre\lib\endorsed" />
    <property name="libs.Comet-GlassFish-v3.maven-pom" value="" />
    <property name="libs.groovy-all.src" value="" />
    <property name="netbeans.dynamic.classpath" value="C:\Program Files\NetBeans 8.2\platform\core\asm-all-5.0.1.jar;C:\Program Files\NetBeans 8.2\platform\core\core-base.jar;C:\Program Files\NetBeans 8.2\platform\core\core.jar;C:\Program Files\NetBeans 8.2\platform\core\org-netbeans-libs-asm.jar;C:\Program Files\NetBeans 8.2\platform\core\org-openide-filesystems-compat8.jar;C:\Program Files\NetBeans 8.2\platform\core\org-openide-filesystems.jar;C:\Program Files\NetBeans 8.2\platform\core\locale\core-base_ja.jar;C:\Program Files\NetBeans 8.2\platform\core\locale\core-base_pt_BR.jar;C:\Program Files\NetBeans 8.2\platform\core\locale\core-base_ru.jar;C:\Program Files\NetBeans 8.2\platform\core\locale\core-base_zh_CN.jar;C:\Program Files\NetBeans 8.2\platform\core\locale\core_ja.jar;C:\Program Files\NetBeans 8.2\platform\core\locale\core_pt_BR.jar;C:\Program Files\NetBeans 8.2\platform\core\locale\core_ru.jar;C:\Program Files\NetBeans 8.2\platform\core\locale\core_zh_CN.jar;C:\Program Files\NetBeans 8.2\platform\core\locale\org-netbeans-libs-asm_ja.jar;C:\Program Files\NetBeans 8.2\platform\core\locale\org-netbeans-libs-asm_pt_BR.jar;C:\Program Files\NetBeans 8.2\platform\core\locale\org-netbeans-libs-asm_ru.jar;C:\Program Files\NetBeans 8.2\platform\core\locale\org-netbeans-libs-asm_zh_CN.jar;C:\Program Files\NetBeans 8.2\platform\core\locale\org-openide-filesystems-compat8_ja.jar;C:\Program Files\NetBeans 8.2\platform\core\locale\org-openide-filesystems-compat8_pt_BR.jar;C:\Program Files\NetBeans 8.2\platform\core\locale\org-openide-filesystems-compat8_ru.jar;C:\Program Files\NetBeans 8.2\platform\core\locale\org-openide-filesystems-compat8_zh_CN.jar;C:\Program Files\NetBeans 8.2\platform\core\locale\org-openide-filesystems_ja.jar;C:\Program Files\NetBeans 8.2\platform\core\locale\org-openide-filesystems_pt_BR.jar;C:\Program Files\NetBeans 8.2\platform\core\locale\org-openide-filesystems_ru.jar;C:\Program Files\NetBeans 8.2\platform\core\locale\org-openide-filesystems_zh_CN.jar;C:\Program Files\NetBeans 8.2\nb\core\org-netbeans-upgrader.jar;C:\Program Files\NetBeans 8.2\nb\core\locale\core_nb.jar;C:\Program Files\NetBeans 8.2\nb\core\locale\core_nb_ja.jar;C:\Program Files\NetBeans 8.2\nb\core\locale\core_nb_pt_BR.jar;C:\Program Files\NetBeans 8.2\nb\core\locale\core_nb_ru.jar;C:\Program Files\NetBeans 8.2\nb\core\locale\core_nb_zh_CN.jar;C:\Program Files\NetBeans 8.2\nb\core\locale\org-netbeans-upgrader_ja.jar;C:\Program Files\NetBeans 8.2\nb\core\locale\org-netbeans-upgrader_pt_BR.jar;C:\Program Files\NetBeans 8.2\nb\core\locale\org-netbeans-upgrader_ru.jar;C:\Program Files\NetBeans 8.2\nb\core\locale\org-netbeans-upgrader_zh_CN.jar" />
    <property name="java.vm.specification.version" value="1.8" />
    <property name="libs.hibernate4-support.src" value="" />
    <property name="ant.file.JUnitSampleSol-impl" value="C:\Users\BlackAngel\Documents\NetBeansProjects\JUnitSampleSol\nbproject\build-impl.xml" />
    <property name="libs.primefaces.classpath" value="C:\Program Files\NetBeans 8.2\enterprise\modules\ext\primefaces\primefaces-5.0.jar" />
    <property name="libs.javaee-api-6.0.classpath" value="C:\Program Files\NetBeans 8.2\enterprise\modules\ext\javaee-api-6.0.jar" />
    <property name="libs.groovy-all.maven-pom" value="" />
    <property name="netbeans.productversion" value="NetBeans IDE 8.2 (Build 201609300101)" />
    <property name="libs.jaxws21.src" value="" />
    <property name="do.archive" value="true" />
    <property name="netbeans.autoupdate.language" value="en" />
    <property name="java.vendor" value="Oracle Corporation" />
    <property name="libs.javaee-api-6.0.javadoc" value="C:\Program Files\NetBeans 8.2\enterprise\docs\javaee-doc-api.jar" />
    <property name="jar.index.metainf" value="false" />
    <property name="javac.debug" value="true" />
    <property name="javadoc.splitindex" value="true" />
    <property name="file.separator" value="\" />
    <property name="libs.Java-EE-GlassFish-v3-Prelude.maven-pom" value="" />
    <property name="libs.junit_4.maven-pom" value="" />
    <property name="javac.test.processorpath" value=":build/classes:C:\Program Files\NetBeans 8.2\platform\modules\ext\junit-4.12.jar:${libs.junit.classpath}:C:\Program Files\NetBeans 8.2\platform\modules\ext\hamcrest-core-1.3.jar" />
    <property name="netbeans.buildnumber" value="201609300101" />
    <property name="libs.JWSAntTasks.javadoc" value="" />
    <property name="build.generated.sources.dir" value="build/generated-sources" />
    <property name="user.variant" value="" />
    <property name="libs.eclipselinkmodelgen.classpath" value="C:\Program Files\NetBeans 8.2\java\modules\ext\eclipselink\org.eclipse.persistence.jpa.modelgen_2.5.2.v20140319-9ad6abd.jar" />
    <property name="libs.javaee-endorsed-api-7.0.src" value="" />
    <property name="sun.java.launcher" value="SUN_STANDARD" />
    <property name="libs.hibernate4-persistencemodelgen.javadoc" value="" />
    <property name="libs.jaxb.javadoc" value="C:\Program Files\NetBeans 8.2\ide\docs\jaxb-api-doc.zip" />
    <property name="libs.struts.classpath" value="C:\Program Files\NetBeans 8.2\enterprise\modules\ext\struts\antlr-2.7.2.jar;C:\Program Files\NetBeans 8.2\enterprise\modules\ext\struts\bsf-2.3.0.jar;C:\Program Files\NetBeans 8.2\enterprise\modules\ext\struts\commons-beanutils-1.8.0.jar;C:\Program Files\NetBeans 8.2\enterprise\modules\ext\struts\commons-chain-1.2.jar;C:\Program Files\NetBeans 8.2\enterprise\modules\ext\struts\commons-digester-1.8.jar;C:\Program Files\NetBeans 8.2\enterprise\modules\ext\struts\commons-fileupload-1.1.1.jar;C:\Program Files\NetBeans 8.2\enterprise\modules\ext\struts\commons-io-1.1.jar;C:\Program Files\NetBeans 8.2\enterprise\modules\ext\struts\commons-logging-1.0.4.jar;C:\Program Files\NetBeans 8.2\enterprise\modules\ext\struts\commons-validator-1.3.1.jar;C:\Program Files\NetBeans 8.2\enterprise\modules\ext\struts\jstl-1.0.2.jar;C:\Program Files\NetBeans 8.2\enterprise\modules\ext\struts\oro-2.0.8.jar;C:\Program Files\NetBeans 8.2\enterprise\modules\ext\struts\standard-1.0.6.jar;C:\Program Files\NetBeans 8.2\enterprise\modules\ext\struts\struts-core-1.3.10.jar;C:\Program Files\NetBeans 8.2\enterprise\modules\ext\struts\struts-el-1.3.10.jar;C:\Program Files\NetBeans 8.2\enterprise\modules\ext\struts\struts-extras-1.3.10.jar;C:\Program Files\NetBeans 8.2\enterprise\modules\ext\struts\struts-faces-1.3.10.jar;C:\Program Files\NetBeans 8.2\enterprise\modules\ext\struts\struts-mailreader-dao-1.3.10.jar;C:\Program Files\NetBeans 8.2\enterprise\modules\ext\struts\struts-scripting-1.3.10.jar;C:\Program Files\NetBeans 8.2\enterprise\modules\ext\struts\struts-taglib-1.3.10.jar;C:\Program Files\NetBeans 8.2\enterprise\modules\ext\struts\struts-tiles-1.3.10.jar" />
    <property name="ant.home" value="C:\Program Files\NetBeans 8.2\extide\ant" />
    <property name="libs.junit_4.src" value="C:\Program Files\NetBeans 8.2\platform\docs\junit-4.12-sources.jar" />
    <property name="libs.testng.classpath" value="C:\Program Files\NetBeans 8.2\platform\modules\ext\testng-6.8.1-dist.jar" />
    <property name="libs.absolutelayout.maven-pom" value="" />
    <property name="ant.java.version" value="1.8" />
    <property name="java.library.path" value="C:\Program Files\Java\jdk1.8.0_171\jre\bin;C:\WINDOWS\Sun\Java\bin;C:\WINDOWS\system32;C:\WINDOWS;C:\Program Files (x86)\Common Files\Oracle\Java\javapath;C:\Program Files (x86)\Intel\Intel(R) Management Engine Components\iCLS\;C:\Program Files\Intel\Intel(R) Management Engine Components\iCLS\;C:\Windows\system32;C:\Windows;C:\Windows\System32\Wbem;C:\Windows\System32\WindowsPowerShell\v1.0\;C:\Windows\System32\OpenSSH\;C:\Program Files (x86)\NVIDIA Corporation\PhysX\Common;C:\Program Files (x86)\Intel\Intel(R) Management Engine Components\DAL;C:\Program Files\Intel\Intel(R) Management Engine Components\DAL;C:\Program Files (x86)\Intel\Intel(R) Management Engine Components\IPT;C:\Program Files\Intel\Intel(R) Management Engine Components\IPT;C:\Program Files\Intel\WiFi\bin\;C:\Program Files\Common Files\Intel\WirelessCommon\;C:\Program Files\NVIDIA Corporation\NVIDIA NvDLISR;C:\instantclient-basic-windows.x64-18.3.0.0.0dbru\instantclient_18_3;C:\instantclient-basic-nt-1\instantclient_12_2;C:\wamp64\bin\php\php5.6.40;C:\ProgramData\ComposerSetup\bin;C:\WINDOWS\system32;C:\WINDOWS;C:\WINDOWS\System32\Wbem;C:\WINDOWS\System32\WindowsPowerShell\v1.0\;C:\WINDOWS\System32\OpenSSH\;C:\Program Files\nodejs\;C:\Program Files\MongoDB\Server\4.2\bin;C:\Program Files\Git\cmd;C:\Users\BlackAngel\AppData\Local\Microsoft\WindowsApps;C:\Program Files\Intel\WiFi\bin\;C:\Program Files\Common Files\Intel\WirelessCommon\;C:\instantclient-basic-nt-1\instantclient_12_2;C:\instantclient-basic-windows.x64-18.3.0.0.0dbru\instantclient_18_3;C:\Users\BlackAngel\AppData\Roaming\Composer\vendor\bin;C:\Program Files\JetBrains\WebStorm 2019.1.3\bin;;C:\Users\BlackAngel\AppData\Roaming\npm;C:\Program Files\MongoDB\Server\4.2\bin;;C:\Users\BlackAngel\AppData\Local\Programs\Microsoft VS Code\bin;." />
    <property name="javadoc.author" value="false" />
    <property name="libs.metro.maven-pom" value="" />
    <property name="libs.EclipseLink-GlassFish-v3.src" value="" />
    <property name="java.util.logging.config.class" value="org.netbeans.core.startup.TopLogging" />
    <property name="libs.spring-framework400.src" value="" />
    <property name="libs.PostgreSQLDriver.src" value="" />
    <property name="sun.arch.data.model" value="64" />
    <property name="basedir" value="C:\Users\BlackAngel\Documents\NetBeansProjects\JUnitSampleSol" />
    <property name="libs.jpa20-persistence.maven-pom" value="" />
    <property name="jar.compress" value="false" />
    <property name="libs.javaee-web-api-7.0.classpath" value="C:\Program Files\NetBeans 8.2\enterprise\modules\ext\javaee-web-api-7.0.jar" />
    <property name="path.separator" value=";" />
    <property name="libs.javaee-web-api-6.0.javadoc" value="C:\Program Files\NetBeans 8.2\enterprise\docs\javaee-doc-api.jar" />
    <property name="ant.junit.enabletestlistenerevents" value="true" />
    <property name="sun.io.unicode.encoding" value="UnicodeLittle" />
    <property name="libs.jaxws21.classpath" value="C:\Program Files\NetBeans 8.2\ide\modules\ext\jaxb\jaxb-impl.jar;C:\Program Files\NetBeans 8.2\ide\modules\ext\jaxb\jaxb-xjc.jar;C:\Program Files\NetBeans 8.2\java\modules\ext\jaxws22\FastInfoset.jar;C:\Program Files\NetBeans 8.2\java\modules\ext\jaxws22\gmbal-api-only.jar;C:\Program Files\NetBeans 8.2\java\modules\ext\jaxws22\ha-api.jar;C:\Program Files\NetBeans 8.2\java\modules\ext\jaxws22\javax.mail_1.4.jar;C:\Program Files\NetBeans 8.2\java\modules\ext\jaxws22\jaxws-rt.jar;C:\Program Files\NetBeans 8.2\java\modules\ext\jaxws22\jaxws-tools.jar;C:\Program Files\NetBeans 8.2\java\modules\ext\jaxws22\management-api.jar;C:\Program Files\NetBeans 8.2\java\modules\ext\jaxws22\mimepull.jar;C:\Program Files\NetBeans 8.2\java\modules\ext\jaxws22\policy.jar;C:\Program Files\NetBeans 8.2\java\modules\ext\jaxws22\saaj-impl.jar;C:\Program Files\NetBeans 8.2\java\modules\ext\jaxws22\stax-ex.jar;C:\Program Files\NetBeans 8.2\java\modules\ext\jaxws22\stax2-api.jar;C:\Program Files\NetBeans 8.2\java\modules\ext\jaxws22\streambuffer.jar;C:\Program Files\NetBeans 8.2\java\modules\ext\jaxws22\woodstox-core-asl.jar;C:\Program Files\NetBeans 8.2\java\modules\ext\jaxws22\api\jaxws-api.jar;C:\Program Files\NetBeans 8.2\java\modules\ext\jaxws22\api\jsr181-api.jar;C:\Program Files\NetBeans 8.2\java\modules\ext\jaxws22\api\javax.annotation.jar;C:\Program Files\NetBeans 8.2\java\modules\ext\jaxws22\api\saaj-api.jar;C:\Program Files\NetBeans 8.2\ide\modules\ext\jaxb\activation.jar;C:\Program Files\NetBeans 8.2\ide\modules\ext\jaxb\api\jaxb-api.jar;C:\Program Files\NetBeans 8.2\ide\modules\ext\jaxb\api\jsr173_1.0_api.jar" />
    <property name="libs.struts.src" value="" />
    <property name="apple.awt.graphics.UseQuartz" value="true" />
    <property name="user.language" value="en" />
    <property name="testng.mode" value="testng" />
    <property name="libs.JAXB-ENDORSED.maven-pom" value="" />
    <property name="libs.eclipselink.maven-pom" value="" />
    <property name="test.binaryincludes" value="&lt;nothing&gt;" />
    <property name="libs.primefaces.javadoc" value="" />
    <property name="libs.spring-framework300.maven-pom" value="" />
    <property name="run.test.classpath" value=":build/classes:C:\Program Files\NetBeans 8.2\platform\modules\ext\junit-4.12.jar:${libs.junit.classpath}:C:\Program Files\NetBeans 8.2\platform\modules\ext\hamcrest-core-1.3.jar:build/test/classes" />
    <property name="ant.project.invoked-targets" value="test" />
    <property name="test.binaryexcludes" value="" />
    <property name="libs.swing-layout.javadoc" value="C:\Program Files\NetBeans 8.2\platform\docs\swing-layout-1.0.4-doc.zip" />
    <property name="sun.java2d.dpiaware" value="true" />
    <property name="libs.hibernate4-persistence.maven-pom" value="" />
    <property name="libs.DataBindingME-SVG.classpath" value="C:\Program Files\NetBeans 8.2\mobility\modules\ext\netbeans_databindingme_svg.jar" />
    <property name="https.nonProxyHosts" value="localhost|127.0.0.1|DESKTOP-NC1MD3J" />
    <property name="libs.PostgreSQLDriver.maven-pom" value="" />
    <property name="java.class.version" value="52.0" />
    <property name="libs.JAVADB_DRIVER_LABEL.classpath" value="C:\Program Files\Java\jdk1.8.0_171\db\lib\derby.jar;C:\Program Files\Java\jdk1.8.0_171\db\lib\derbyclient.jar;C:\Program Files\Java\jdk1.8.0_171\db\lib\derbynet.jar" />
    <property name="libs.hibernate4-persistencemodelgen.maven-pom" value="" />
    <property name="libs.javaee-endorsed-api-6.0.src" value="" />
    <property name="libs.eclipselink.javadoc" value="C:\Program Files\NetBeans 8.2\java\modules\ext\docs\javax.persistence-2.1.0-doc.zip" />
    <property name="libs.jsp-compilation.maven-pom" value="" />
    <property name="user.properties.file" value="C:\Users\BlackAngel\AppData\Roaming\NetBeans\8.2\build.properties" />
    <property name="runtime.encoding" value="UTF-8" />
    <property name="libs.javac-api.maven-pom" value="" />
    <property name="file.encoding.pkg" value="sun.io" />
    <property name="sun.cpu.endian" value="little" />
    <property name="libs.JAXB-ENDORSED.javadoc" value="" />
    <property name="libs.JWSAntTasks.classpath" value="C:\Program Files\NetBeans 8.2\java\ant\extra\org-netbeans-modules-javawebstart-anttasks.jar" />
    <property name="libs.spring-webmvc4.0.maven-pom" value="" />
    <property name="libs.spring-framework300.src" value="" />
    <property name="libs.jstl.src" value="" />
    <property name="empty.dir" value="C:\Users\BlackAngel\Documents\NetBeansProjects\JUnitSampleSol\build\empty" />
    <property name="version-output" value="java version &quot;1.8" />
    <property name="test.binarytestincludes" value="" />
    <property name="libs.hibernate4-persistencemodelgen.src" value="" />
    <property name="javadoc.preview" value="true" />
    <property name="libs.jpa20-persistence.javadoc" value="C:\Program Files\NetBeans 8.2\java\modules\ext\docs\javax.persistence-2.1.0-doc.zip" />
    <property name="java.home" value="C:\Program Files\Java\jdk1.8.0_171\jre" />
    <property name="libs.jsp-compilation.src" value="" />
    <property name="debug.test.classpath" value=":build/classes:C:\Program Files\NetBeans 8.2\platform\modules\ext\junit-4.12.jar:${libs.junit.classpath}:C:\Program Files\NetBeans 8.2\platform\modules\ext\hamcrest-core-1.3.jar:build/test/classes" />
    <property name="libs.javaee-endorsed-api-6.0.classpath" value="C:\Program Files\NetBeans 8.2\enterprise\modules\ext\javaee6-endorsed\javax.annotation.jar;C:\Program Files\NetBeans 8.2\enterprise\modules\ext\javaee6-endorsed\jaxb-api-osgi.jar;C:\Program Files\NetBeans 8.2\enterprise\modules\ext\javaee6-endorsed\webservices-api-osgi.jar" />
    <property name="libs.javaee-api-6.0.src" value="" />
    <property name="netbeans.importclass" value="org.netbeans.upgrade.AutoUpgrade" />
    <property name="ant.project.default-target" value="default" />
    <property name="annotation.processing.run.all.processors" value="true" />
    <property name="libs.DataBindingME.maven-pom" value="" />
    <property name="libs.PostgreSQLDriver.javadoc" value="" />
    <property name="libs.restlib.classpath" value="C:\Program Files\NetBeans 8.2\enterprise\modules\ext\jersey2\ext\asm-all-repackaged-2.2.0-b21.jar;C:\Program Files\NetBeans 8.2\enterprise\modules\ext\jersey2\ext\cglib-2.2.0-b21.jar;C:\Program Files\NetBeans 8.2\enterprise\modules\ext\jersey2\ext\guava-14.0.1.jar;C:\Program Files\NetBeans 8.2\enterprise\modules\ext\jersey2\ext\hk2-api-2.2.0-b21.jar;C:\Program Files\NetBeans 8.2\enterprise\modules\ext\jersey2\ext\hk2-locator-2.2.0-b21.jar;C:\Program Files\NetBeans 8.2\enterprise\modules\ext\jersey2\ext\hk2-utils-2.2.0-b21.jar;C:\Program Files\NetBeans 8.2\enterprise\modules\ext\jersey2\ext\javax.annotation-api-1.2.jar;C:\Program Files\NetBeans 8.2\enterprise\modules\ext\jersey2\ext\javax.inject-2.2.0-b21.jar;C:\Program Files\NetBeans 8.2\enterprise\modules\ext\jersey2\ext\javax.servlet-api-3.0.1.jar;C:\Program Files\NetBeans 8.2\enterprise\modules\ext\jersey2\ext\jaxb-api-2.2.7.jar;C:\Program Files\NetBeans 8.2\enterprise\modules\ext\jersey2\ext\jersey-entity-filtering-2.5.1.jar;C:\Program Files\NetBeans 8.2\enterprise\modules\ext\jersey2\ext\jersey-media-moxy-2.5.1.jar;C:\Program Files\NetBeans 8.2\enterprise\modules\ext\jersey2\ext\org.osgi.core-4.2.0.jar;C:\Program Files\NetBeans 8.2\enterprise\modules\ext\jersey2\ext\osgi-resource-locator-1.0.1.jar;C:\Program Files\NetBeans 8.2\enterprise\modules\ext\jersey2\ext\persistence-api-1.0.jar;C:\Program Files\NetBeans 8.2\enterprise\modules\ext\jersey2\ext\validation-api-1.1.0.Final.jar;C:\Program Files\NetBeans 8.2\enterprise\modules\ext\jersey2\jersey-client.jar;C:\Program Files\NetBeans 8.2\enterprise\modules\ext\jersey2\jersey-common.jar;C:\Program Files\NetBeans 8.2\enterprise\modules\ext\jersey2\jersey-container-servlet.jar;C:\Program Files\NetBeans 8.2\enterprise\modules\ext\jersey2\jersey-container-servlet-core.jar;C:\Program Files\NetBeans 8.2\enterprise\modules\ext\jersey2\jersey-server.jar;C:\Program Files\NetBeans 8.2\java\modules\ext\eclipselink\eclipselink.jar" />
    <property name="libs.MySQLDriver.maven-pom" value="" />
    <property name="libs.hibernate4-persistence.javadoc" value="C:\Program Files\NetBeans 8.2\java\modules\ext\docs\javax.persistence-2.1.0-doc.zip" />
    <property name="http.nonProxyHosts" value="localhost|127.0.0.1|DESKTOP-NC1MD3J" />
    <property name="libs.junit_4.javadoc" value="C:\Program Files\NetBeans 8.2\platform\docs\junit-4.12-javadoc.jar" />
    <property name="libs.EclipseLink-GlassFish-v3.maven-pom" value="" />
    <property name="libs.javaee-web-api-6.0.maven-pom" value="" />
    <property name="run.classpath" value=":build/classes" />
    <property name="jna.boot.library.name" value="jnidispatch-422" />
    <property name="libs.javaee-endorsed-api-6.0.javadoc" value="C:\Program Files\NetBeans 8.2\enterprise\docs\javaee-doc-api.jar" />
    <property name="libs.javaee-api-7.0.classpath" value="C:\Program Files\NetBeans 8.2\enterprise\modules\ext\javaee-api-7.0.jar" />
    <property name="sun.awt.datatransfer.timeout" value="1000" />
    <property name="libs.spring-webmvc3.0.javadoc" value="" />
    <property name="libs.jpa2-persistence.maven-pom" value="" />
    <property name="libs.hibernate4-support.classpath" value="C:\Program Files\NetBeans 8.2\java\modules\ext\hibernate4\antlr-2.7.7.jar;C:\Program Files\NetBeans 8.2\java\modules\ext\hibernate4\c3p0-0.9.2.1.jar;C:\Program Files\NetBeans 8.2\java\modules\ext\hibernate4\hibernate-c3p0-4.3.1.Final.jar;C:\Program Files\NetBeans 8.2\java\modules\ext\hibernate4\mchange-commons-java-0.2.3.4.jar;C:\Program Files\NetBeans 8.2\java\modules\ext\hibernate4\dom4j-1.6.1.jar;C:\Program Files\NetBeans 8.2\java\modules\ext\hibernate4\ehcache-core-2.4.3.jar;C:\Program Files\NetBeans 8.2\java\modules\ext\hibernate4\hibernate-ehcache-4.3.1.Final.jar;C:\Program Files\NetBeans 8.2\java\modules\ext\hibernate4\hibernate-core-4.3.1.Final.jar;C:\Program Files\NetBeans 8.2\java\modules\ext\hibernate4\jboss-logging-3.1.3.GA.jar;C:\Program Files\NetBeans 8.2\java\modules\ext\hibernate4\hibernate-commons-annotations-4.0.4.Final.jar;C:\Program Files\NetBeans 8.2\java\modules\ext\hibernate4\hibernate-entitymanager-4.3.1.Final.jar;C:\Program Files\NetBeans 8.2\java\modules\ext\hibernate4\javassist-3.18.1-GA.jar;C:\Program Files\NetBeans 8.2\java\modules\ext\hibernate4\jboss-transaction-api_1.2_spec-1.0.0.Final.jar;C:\Program Files\NetBeans 8.2\java\modules\ext\hibernate4\slf4j-api-1.6.1.jar;C:\Program Files\NetBeans 8.2\java\modules\ext\hibernate4\slf4j-simple-1.6.1.jar" />
    <property name="nb.native.filechooser" value="false" />
    <property name="libs.restapi.src" value="" />
    <property name="sun.management.compiler" value="HotSpot 64-Bit Tiered Compilers" />
    <property name="libs.j2me_common_ant.javadoc" value="" />
    <property name="javac.deprecation" value="false" />
    <property name="javadoc.use" value="true" />
    <property name="sun.java2d.noddraw" value="true" />
    <property name="libs.jsp-compiler.classpath" value="C:\Program Files\NetBeans 8.2\enterprise\ant\extra\jspcompile.jar" />
    <property name="javac.processorpath" value="" />
    <property name="libs.hamcrest.maven-pom" value="" />
    <property name="javac.compilerargs" value="" />
    <property name="ant.file" value="C:\Users\BlackAngel\Documents\NetBeansProjects\JUnitSampleSol\build.xml" />
    <property name="libs.beans-binding.maven-pom" value="" />
    <property name="libs.hibernate4-support.javadoc" value="C:\Program Files\NetBeans 8.2\java\modules\ext\docs\javax.persistence-2.1.0-doc.zip" />
    <property name="libs.jsf12.classpath" value="C:\Program Files\NetBeans 8.2\enterprise\modules\ext\jsf-1_2\commons-beanutils.jar;C:\Program Files\NetBeans 8.2\enterprise\modules\ext\jsf-1_2\commons-collections.jar;C:\Program Files\NetBeans 8.2\enterprise\modules\ext\jsf-1_2\commons-digester.jar;C:\Program Files\NetBeans 8.2\enterprise\modules\ext\jsf-1_2\commons-logging.jar;C:\Program Files\NetBeans 8.2\enterprise\modules\ext\jsf-1_2\jsf-api.jar;C:\Program Files\NetBeans 8.2\enterprise\modules\ext\jsf-1_2\jsf-impl.jar" />
    <property name="libs.Java-EE-GlassFish-v3-Prelude.classpath" value="C:\Program Files\glassfish-4.1.1\glassfish\modules\endorsed\javax.annotation-api.jar;C:\Program Files\glassfish-4.1.1\glassfish\modules\endorsed\jaxb-api.jar;C:\Program Files\glassfish-4.1.1\glassfish\modules\endorsed\webservices-api-osgi.jar;C:\Program Files\glassfish-4.1.1\glassfish\modules\bean-validator.jar;C:\Program Files\glassfish-4.1.1\glassfish\modules\cdi-api.jar;C:\Program Files\glassfish-4.1.1\glassfish\modules\javax.batch-api.jar;C:\Program Files\glassfish-4.1.1\glassfish\modules\javax.ejb-api.jar;C:\Program Files\glassfish-4.1.1\glassfish\modules\javax.el.jar;C:\Program Files\glassfish-4.1.1\glassfish\modules\javax.enterprise.concurrent-api.jar;C:\Program Files\glassfish-4.1.1\glassfish\modules\javax.enterprise.concurrent.jar;C:\Program Files\glassfish-4.1.1\glassfish\modules\javax.enterprise.deploy-api.jar;C:\Program Files\glassfish-4.1.1\glassfish\modules\javax.faces.jar;C:\Program Files\glassfish-4.1.1\glassfish\modules\javax.inject.jar;C:\Program Files\glassfish-4.1.1\glassfish\modules\javax.interceptor-api.jar;C:\Program Files\glassfish-4.1.1\glassfish\modules\javax.jms-api.jar;C:\Program Files\glassfish-4.1.1\glassfish\modules\javax.json.jar;C:\Program Files\glassfish-4.1.1\glassfish\modules\javax.mail.jar;C:\Program Files\glassfish-4.1.1\glassfish\modules\javax.management.j2ee-api.jar;C:\Program Files\glassfish-4.1.1\glassfish\modules\javax.persistence.jar;C:\Program Files\glassfish-4.1.1\glassfish\modules\javax.resource-api.jar;C:\Program Files\glassfish-4.1.1\glassfish\modules\javax.security.auth.message-api.jar;C:\Program Files\glassfish-4.1.1\glassfish\modules\javax.security.jacc-api.jar;C:\Program Files\glassfish-4.1.1\glassfish\modules\javax.servlet-api.jar;C:\Program Files\glassfish-4.1.1\glassfish\modules\javax.servlet.jsp-api.jar;C:\Program Files\glassfish-4.1.1\glassfish\modules\javax.servlet.jsp.jar;C:\Program Files\glassfish-4.1.1\glassfish\modules\javax.servlet.jsp.jstl-api.jar;C:\Program Files\glassfish-4.1.1\glassfish\modules\javax.servlet.jsp.jstl.jar;C:\Program Files\glassfish-4.1.1\glassfish\modules\javax.transaction-api.jar;C:\Program Files\glassfish-4.1.1\glassfish\modules\javax.websocket-api.jar;C:\Program Files\glassfish-4.1.1\glassfish\modules\javax.ws.rs-api.jar;C:\Program Files\glassfish-4.1.1\glassfish\modules\javax.xml.registry-api.jar;C:\Program Files\glassfish-4.1.1\glassfish\modules\javax.xml.rpc-api.jar;C:\Program Files\glassfish-4.1.1\glassfish\modules\jaxb-osgi.jar;C:\Program Files\glassfish-4.1.1\glassfish\modules\webservices-osgi.jar;C:\Program Files\glassfish-4.1.1\glassfish\modules\weld-osgi-bundle.jar;C:\Program Files\glassfish-4.1.1\mq\lib\jaxm-api.jar" />
    <property name="libs.jstl.maven-pom" value="" />
    <property name="libs.restapi.maven-pom" value="" />
    <property name="libs.beans-binding.src" value="" />
    <property name="ant.file.type.JUnitSampleSol" value="file" />
    <property name="java.vm.specification.vendor" value="Oracle Corporation" />
    <property name="libs.DataBindingME-PIM.javadoc" value="C:\Program Files\NetBeans 8.2\mobility\modules\docs\netbeans_databindingme_pim-api.zip" />
    <property name="libs.swing-layout.src" value="C:\Program Files\NetBeans 8.2\platform\docs\swing-layout-1.0.4-src.zip" />
    <property name="org.openide.major.version" value="IDE/1" />
    <property name="java.vm.name" value="Java HotSpot(TM) 64-Bit Server VM" />
    <property name="netbeans.user" value="C:\Users\BlackAngel\AppData\Roaming\NetBeans\8.2" />
    <property name="javadoc.additionalparam" value="" />
    <property name="java.io.tmpdir" value="C:\Users\BLACKA~1\AppData\Local\Temp\" />
    <property name="java.vendor.url" value="http://java.oracle.com/" />
    <property name="endorsed.classpath.cmd.line.arg" value="" />
    <property name="jna.loaded" value="true" />
    <property name="junit.available" value="true" />
    <property name="libs.jsp-compiler.src" value="" />
    <property name="sun.boot.library.path" value="C:\Program Files\Java\jdk1.8.0_171\jre\bin" />
    <property name="have.sources" value="true" />
    <property name="libs.hamcrest.javadoc" value="" />
    <property name="debug.classpath" value=":build/classes" />
    <property name="javadoc.private" value="false" />
    <property name="test.src.dir" value="test" />
    <property name="libs.jsf20.classpath" value="C:\Program Files\NetBeans 8.2\enterprise\modules\ext\jsf-2_2\javax.faces.jar" />
    <property name="ap.processors.internal" value="" />
    <property name="meta.inf.dir" value="src/META-INF" />
    <property name="javadoc.encoding.used" value="UTF-8" />
    <property name="libs.DataBindingME-SVG.src" value="C:\Program Files\NetBeans 8.2\mobility\sources\netbeans_databindingme_svg-src.zip" />
    <property name="dist.jar" value="dist/JUnitSampleSol.jar" />
    <property name="libs.spring-framework400.maven-pom" value="" />
    <property name="java.runtime.name" value="Java(TM) SE Runtime Environment" />
    <property name="ant.project.name" value="JUnitSampleSol" />
    <property name="netbeans.hash.code" value="unique=NB_CND_EXTIDE_GFMOD_GROOVY_JAVA_JC_MOB_PHP_WEBCOMMON_WEBEE01ce17c33-9bbd-4a0e-8832-62e06e616954_f323fb7c-257e-4a9d-aeba-9802ab6684ae" />
    <property name="netbeans.default_userdir_root" value="C:\Users\BlackAngel\AppData\Roaming\NetBeans" />
    <property name="libs.jsp-compilation-syscp.maven-pom" value="" />
    <property name="junit.selected.version" value="4" />
    <property name="sun.cpu.isalist" value="amd64" />
    <property name="libs.spring-framework400.javadoc" value="" />
    <property name="libs.CopyLibs.javadoc" value="" />
    <property name="org.openide.specification.version" value="6.2" />
    <property name="libs.DataBindingME-PIM.classpath" value="C:\Program Files\NetBeans 8.2\mobility\modules\ext\netbeans_databindingme_pim.jar" />
    <property name="user.home" value="C:\Users\BlackAngel" />
    <property name="annotation.processing.processors.list" value="" />
    <property name="libs.primefaces.maven-pom" value="" />
    <property name="debug-args-line" value="-Xdebug" />
    <property name="libs.javaee-api-6.0.maven-pom" value="" />
    <property name="libs.JWSAntTasks.src" value="" />
    <property name="jar.index" value="false" />
    <property name="libs.CopyLibs.maven-pom" value="" />
    <property name="libs.spring-framework300.javadoc" value="" />
    <property name="libs.absolutelayout.javadoc" value="" />
    <property name="guice.disable.misplaced.annotation.check" value="true" />
    <property name="java.specification.name" value="Java Platform API Specification" />
    <property name="java.specification.vendor" value="Oracle Corporation" />
    <property name="libs.javac-api.classpath" value="C:\Program Files\NetBeans 8.2\java\modules\ext\nb-javac-api.jar" />
    <property name="ant.file.type.JUnitSampleSol-impl" value="file" />
    <property name="java.version" value="1.8.0_171" />
    <property name="run.jvmargs.ide" value="" />
    <property name="javadoc.version" value="false" />
    <property name="libs.MySQLDriver.javadoc" value="" />
    <property name="org.openide.version" value="deprecated" />
    <property name="platform.java" value="C:\Program Files\Java\jdk1.8.0_171\jre/bin/java" />
    <property name="source.encoding" value="UTF-8" />
    <property name="ap.cmd.line.internal" value="" />
    <property name="libs.eclipselinkmodelgen.maven-pom" value="" />
    <property name="libs.jsp-compilation-syscp.javadoc" value="" />
    <property name="libs.eclipselinkmodelgen.javadoc" value="" />
    <property name="libs.javaee-endorsed-api-7.0.classpath" value="C:\Program Files\NetBeans 8.2\enterprise\modules\ext\javaee7-endorsed\javax.annotation-api.jar;C:\Program Files\NetBeans 8.2\enterprise\modules\ext\javaee7-endorsed\javax.xml.soap-api.jar;C:\Program Files\NetBeans 8.2\enterprise\modules\ext\javaee7-endorsed\jaxb-api-osgi.jar;C:\Program Files\NetBeans 8.2\enterprise\modules\ext\javaee7-endorsed\jaxws-api.jar;C:\Program Files\NetBeans 8.2\enterprise\modules\ext\javaee7-endorsed\jsr181-api.jar" />
    <property name="libs.metro.javadoc" value="C:\Program Files\NetBeans 8.2\enterprise\docs\metro-1.4-doc.zip" />
    <property name="libs.struts.maven-pom" value="" />
    <property name="netbeans.home+have.tests" value="true" />
    <property name="annotation.processing.processor.options" value="" />
    <property name="libs.testng.maven-pom" value="" />
    <property name="libs.jaxb.src" value="" />
    <property name="jdk.launcher.addexports.5" value="java.management/sun.management=ALL-UNNAMED" />
    <property name="jdk.launcher.addexports.4" value="java.desktop/com.sun.java.swing.plaf.windows=ALL-UNNAMED" />
    <property name="jdk.launcher.addexports.3" value="java.desktop/sun.awt.im=ALL-UNNAMED" />
    <property name="work.dir" value="C:\Users\BlackAngel\Documents\NetBeansProjects\JUnitSampleSol" />
    <property name="libs.jaxb.classpath" value="C:\Program Files\NetBeans 8.2\ide\modules\ext\jaxb\jaxb-impl.jar;C:\Program Files\NetBeans 8.2\ide\modules\ext\jaxb\jaxb-xjc.jar;C:\Program Files\NetBeans 8.2\ide\modules\ext\jaxb\jaxb1-impl.jar;C:\Program Files\NetBeans 8.2\ide\modules\ext\jaxb\activation.jar;C:\Program Files\NetBeans 8.2\ide\modules\ext\jaxb\api\jaxb-api.jar;C:\Program Files\NetBeans 8.2\ide\modules\ext\jaxb\api\jsr173_1.0_api.jar" />
    <property name="jdk.launcher.addexports.2" value="java.desktop/java.awt.peer=ALL-UNNAMED" />
    <property name="jdk.launcher.addexports.1" value="java.base/jdk.internal.jrtfs=ALL-UNNAMED" />
    <property name="jdk.launcher.addexports.0" value="java.desktop/sun.awt=ALL-UNNAMED" />
    <property name="do.depend" value="false" />
    <property name="dist.javadoc.dir" value="dist/javadoc" />
    <property name="libs.j2me_common_ant.classpath" value="C:\Program Files\NetBeans 8.2\mobility\modules\org-netbeans-modules-j2me-common-ant.jar;C:\Program Files\NetBeans 8.2\java\modules\org-netbeans-modules-classfile.jar" />
    <property name="libs.spring-webmvc3.0.classpath" value="C:\Program Files\NetBeans 8.2\java\modules\ext\spring-3.0\spring-webmvc-3.2.7.RELEASE.jar" />
    <property name="libs.swing-layout.classpath" value="C:\Program Files\NetBeans 8.2\platform\modules\ext\swing-layout-1.0.4.jar" />
    <property name="libs.javaee-web-api-7.0.maven-pom" value="" />
    <property name="libs.restlib.src" value="" />
    <property name="javac.source" value="1.6" />
    <property name="build.generated.dir" value="build/generated" />
    <property name="line.separator" value="&#xd;&#xa;" />
    <property name="java.specification.version" value="1.8" />
    <property name="libs.jaxws21.maven-pom" value="" />
    <property name="java.vm.info" value="mixed mode" />
    <property name="nb.junit.batch" value="true" />
    <property name="junit.forkmode" value="perTest" />
    <property name="sun.boot.class.path" value="C:\Program Files\Java\jdk1.8.0_171\jre\lib\resources.jar;C:\Program Files\Java\jdk1.8.0_171\jre\lib\rt.jar;C:\Program Files\Java\jdk1.8.0_171\jre\lib\sunrsasign.jar;C:\Program Files\Java\jdk1.8.0_171\jre\lib\jsse.jar;C:\Program Files\Java\jdk1.8.0_171\jre\lib\jce.jar;C:\Program Files\Java\jdk1.8.0_171\jre\lib\charsets.jar;C:\Program Files\Java\jdk1.8.0_171\jre\lib\jfr.jar;C:\Program Files\Java\jdk1.8.0_171\jre\classes" />
    <property name="javac.target" value="1.6" />
    <property name="built-jar.properties" value="C:\Users\BlackAngel\Documents\NetBeansProjects\JUnitSampleSol\build\built-jar.properties" />
    <property name="build.test.classes.dir" value="build/test/classes" />
    <property name="src.dir" value="src" />
    <property name="sun.awt.keepWorkingSetOnMinimize" value="true" />
    <property name="libs.jpa2-persistence.src" value="" />
    <property name="annotation.processing.enabled" value="true" />
    <property name="libs.jsf20.src" value="" />
    <property name="libs.jpa20-persistence.src" value="" />
    <property name="libs.DataBindingME-SVG.maven-pom" value="" />
    <property name="libs.jsf12.src" value="" />
    <property name="libs.JAVADB_DRIVER_LABEL.maven-pom" value="" />
    <property name="libs.struts.javadoc" value="C:\Program Files\NetBeans 8.2\enterprise\docs\struts-1.3.10-javadoc.zip" />
    <property name="ignore.failing.tests" value="true" />
    <property name="libs.Comet-GlassFish-v3.classpath" value="" />
    <property name="libs.javaee-web-api-7.0.src" value="" />
    <property name="libs.primefaces.src" value="" />
    <property name="dist.dir" value="dist" />
    <property name="libs.groovy-all.javadoc" value="" />
    <property name="testng.debug.mode" value="" />
    <property name="libs.groovy-all.classpath" value="C:\Program Files\NetBeans 8.2\groovy\modules\ext\groovy-all.jar" />
    <property name="javac.fork" value="false" />
    <property name="java.awt.printerjob" value="sun.awt.windows.WPrinterJob" />
    <property name="default.javac.source" value="1.8" />
    <property name="debug-transport-by-os" value="dt_shmem" />
    <property name="sun.jnu.encoding" value="Cp1252" />
    <property name="libs.MySQLDriver.src" value="" />
    <property name="java.runtime.version" value="1.8.0_171-b11" />
    <property name="build.test.results.dir" value="build/test/results" />
    <property name="default.javac.target" value="1.8" />
    <property name="libs.junit_4.classpath" value="C:\Program Files\NetBeans 8.2\platform\modules\ext\junit-4.12.jar" />
    <property name="user.timezone" value="" />
    <property name="nb.junit.single" value="false" />
    <property name="libs.javaee-endorsed-api-6.0.maven-pom" value="" />
    <property name="libs.JAVADB_DRIVER_LABEL.javadoc" value="" />
    <property name="netbeans.dirs" value="C:\Program Files\NetBeans 8.2\nb;C:\Program Files\NetBeans 8.2\ergonomics;C:\Program Files\NetBeans 8.2\ide;C:\Program Files\NetBeans 8.2\extide;C:\Program Files\NetBeans 8.2\java;C:\Program Files\NetBeans 8.2\apisupport;C:\Program Files\NetBeans 8.2\webcommon;C:\Program Files\NetBeans 8.2\websvccommon;C:\Program Files\NetBeans 8.2\enterprise;C:\Program Files\NetBeans 8.2\mobility;C:\Program Files\NetBeans 8.2\profiler;C:\Program Files\NetBeans 8.2\python;C:\Program Files\NetBeans 8.2\php;C:\Program Files\NetBeans 8.2\identity;C:\Program Files\NetBeans 8.2\harness;C:\Program Files\NetBeans 8.2\cnd;C:\Program Files\NetBeans 8.2\cndext;C:\Program Files\NetBeans 8.2\dlight;C:\Program Files\NetBeans 8.2\groovy;C:\Program Files\NetBeans 8.2\extra;C:\Program Files\NetBeans 8.2\javacard;C:\Program Files\NetBeans 8.2\javafx" />
    <property name="libs.jsf20.javadoc" value="C:\Program Files\NetBeans 8.2\enterprise\docs\javaee-doc-api.jar" />
    <property name="libs.jstl.javadoc" value="C:\Program Files\NetBeans 8.2\enterprise\docs\javaee-doc-api.jar" />
    <property name="java.ext.dirs" value="C:\Program Files\Java\jdk1.8.0_171\jre\lib\ext;C:\WINDOWS\Sun\Java\lib\ext" />
    <property name="libs.metro.src" value="" />
    <property name="libs.absolutelayout.classpath" value="C:\Program Files\NetBeans 8.2\java\modules\ext\AbsoluteLayout.jar" />
    <property name="excludes" value="" />
    <property name="libs.metro.classpath" value="C:\Program Files\NetBeans 8.2\ide\modules\ext\jaxb\activation.jar;C:\Program Files\NetBeans 8.2\enterprise\modules\ext\metro\webservices-api.jar;C:\Program Files\NetBeans 8.2\enterprise\modules\ext\metro\webservices-extra-api.jar;C:\Program Files\NetBeans 8.2\enterprise\modules\ext\metro\webservices-extra.jar;C:\Program Files\NetBeans 8.2\enterprise\modules\ext\metro\webservices-rt.jar;C:\Program Files\NetBeans 8.2\enterprise\modules\ext\metro\webservices-tools.jar" />
    <property name="libs.restlib.maven-pom" value="" />
    <property name="libs.jpa2-persistence.javadoc" value="C:\Program Files\NetBeans 8.2\java\modules\ext\docs\javax.persistence-2.1.0-doc.zip" />
    <property name="libs.DataBindingME.javadoc" value="C:\Program Files\NetBeans 8.2\mobility\modules\docs\netbeans_databindingme-api.zip" />
    <property name="apple.laf.useScreenMenuBar" value="true" />
    <property name="java.class.path" value="C:\Users\BlackAngel\Documents\NetBeansProjects\JUnitSampleSol\build\classes;C:\Program Files\NetBeans 8.2\platform\modules\ext\junit-4.12.jar;C:\Program Files\NetBeans 8.2\platform\modules\ext\hamcrest-core-1.3.jar;C:\Users\BlackAngel\Documents\NetBeansProjects\JUnitSampleSol\build\test\classes;C:\Program Files\NetBeans 8.2\extide\ant\lib\ant-launcher.jar;C:\Program Files\NetBeans 8.2\extide\ant\lib\ant.jar;C:\Program Files\NetBeans 8.2\extide\ant\lib\ant-junit.jar;C:\Program Files\NetBeans 8.2\extide\ant\lib\ant-junit4.jar" />
    <property name="do.mkdist" value="true" />
    <property name="libs.absolutelayout.src" value="" />
    <property name="libs.jpa20-persistence.classpath" value="C:\Program Files\NetBeans 8.2\java\modules\ext\eclipselink\javax.persistence_2.1.0.v201304241213.jar" />
    <property name="os.version" value="10.0" />
    <property name="application.args" value="" />
    <property name="libs.EclipseLink-GlassFish-v3.javadoc" value="C:\Program Files\NetBeans 8.2\enterprise\docs\javaee-doc-api.jar" />
    <property name="libs.javaee-api-7.0.maven-pom" value="" />
    <property name="sun.awt.enableExtraMouseButtons" value="true" />
    <property name="sun.desktop" value="windows" />
    <property name="libs.hibernate4-persistence.src" value="" />
    <property name="libs.hibernate4-support.maven-pom" value="" />
    <property name="libs.Comet-GlassFish-v3.src" value="" />
    <property name="libs.restlib.javadoc" value="" />
    <property name="libs.JAXB-ENDORSED.classpath" value="C:\Program Files\NetBeans 8.2\ide\modules\ext\jaxb\api\jaxb-api.jar" />
    <property name="nb.internal.action.name" value="test" />
    <property name="libs.javaee-api-7.0.javadoc" value="C:\Program Files\NetBeans 8.2\enterprise\docs\javaee-doc-api.jar" />
    <property name="libs.eclipselink.classpath" value="C:\Program Files\NetBeans 8.2\java\modules\ext\eclipselink\eclipselink.jar;C:\Program Files\NetBeans 8.2\java\modules\ext\eclipselink\javax.persistence_2.1.0.v201304241213.jar;C:\Program Files\NetBeans 8.2\java\modules\ext\eclipselink\org.eclipse.persistence.jpa.jpql_2.5.2.v20140319-9ad6abd.jar" />
    <property name="libs.beans-binding.javadoc" value="C:\Program Files\NetBeans 8.2\java\docs\beansbinding-1.2.1-doc.zip" />
    <property name="java.awt.graphicsenv" value="sun.awt.Win32GraphicsEnvironment" />
    <property name="java.vm.vendor" value="Oracle Corporation" />
    <property name="libs.CopyLibs.classpath" value="C:\Program Files\NetBeans 8.2\java\ant\extra\org-netbeans-modules-java-j2seproject-copylibstask.jar" />
    <property name="libs.spring-framework300.classpath" value="C:\Program Files\NetBeans 8.2\ide\modules\org-apache-commons-logging.jar;C:\Program Files\NetBeans 8.2\java\modules\ext\cglib-2.2.jar;C:\Program Files\NetBeans 8.2\java\modules\ext\spring-3.0\spring-aop-3.2.7.RELEASE.jar;C:\Program Files\NetBeans 8.2\java\modules\ext\spring-3.0\spring-aspects-3.2.7.RELEASE.jar;C:\Program Files\NetBeans 8.2\java\modules\ext\spring-3.0\spring-beans-3.2.7.RELEASE.jar;C:\Program Files\NetBeans 8.2\java\modules\ext\spring-3.0\spring-build-src-3.2.7.RELEASE.jar;C:\Program Files\NetBeans 8.2\java\modules\ext\spring-3.0\spring-context-3.2.7.RELEASE.jar;C:\Program Files\NetBeans 8.2\java\modules\ext\spring-3.0\spring-context-support-3.2.7.RELEASE.jar;C:\Program Files\NetBeans 8.2\java\modules\ext\spring-3.0\spring-core-3.2.7.RELEASE.jar;C:\Program Files\NetBeans 8.2\java\modules\ext\spring-3.0\spring-expression-3.2.7.RELEASE.jar;C:\Program Files\NetBeans 8.2\java\modules\ext\spring-3.0\spring-framework-bom-3.2.7.RELEASE.jar;C:\Program Files\NetBeans 8.2\java\modules\ext\spring-3.0\spring-instrument-3.2.7.RELEASE.jar;C:\Program Files\NetBeans 8.2\java\modules\ext\spring-3.0\spring-instrument-tomcat-3.2.7.RELEASE.jar;C:\Program Files\NetBeans 8.2\java\modules\ext\spring-3.0\spring-jdbc-3.2.7.RELEASE.jar;C:\Program Files\NetBeans 8.2\java\modules\ext\spring-3.0\spring-jms-3.2.7.RELEASE.jar;C:\Program Files\NetBeans 8.2\java\modules\ext\spring-3.0\spring-orm-3.2.7.RELEASE.jar;C:\Program Files\NetBeans 8.2\java\modules\ext\spring-3.0\spring-oxm-3.2.7.RELEASE.jar;C:\Program Files\NetBeans 8.2\java\modules\ext\spring-3.0\spring-struts-3.2.7.RELEASE.jar;C:\Program Files\NetBeans 8.2\java\modules\ext\spring-3.0\spring-test-3.2.7.RELEASE.jar;C:\Program Files\NetBeans 8.2\java\modules\ext\spring-3.0\spring-tx-3.2.7.RELEASE.jar;C:\Program Files\NetBeans 8.2\java\modules\ext\spring-3.0\spring-web-3.2.7.RELEASE.jar;C:\Program Files\NetBeans 8.2\java\modules\ext\spring-3.0\spring-webmvc-3.2.7.RELEASE.jar;C:\Program Files\NetBeans 8.2\java\modules\ext\spring-3.0\spring-webmvc-portlet-3.2.7.RELEASE.jar" />
    <property name="libs.jsp-compiler.maven-pom" value="" />
    <property name="libs.hamcrest.src" value="" />
    <property name="run.jvmargs" value="" />
    <property name="libs.hibernate4-persistence.classpath" value="C:\Program Files\NetBeans 8.2\java\modules\ext\hibernate4\antlr-2.7.7.jar;C:\Program Files\NetBeans 8.2\java\modules\ext\hibernate4\c3p0-0.9.2.1.jar;C:\Program Files\NetBeans 8.2\java\modules\ext\hibernate4\hibernate-c3p0-4.3.1.Final.jar;C:\Program Files\NetBeans 8.2\java\modules\ext\hibernate4\mchange-commons-java-0.2.3.4.jar;C:\Program Files\NetBeans 8.2\java\modules\ext\hibernate4\dom4j-1.6.1.jar;C:\Program Files\NetBeans 8.2\java\modules\ext\hibernate4\ehcache-core-2.4.3.jar;C:\Program Files\NetBeans 8.2\java\modules\ext\hibernate4\hibernate-ehcache-4.3.1.Final.jar;C:\Program Files\NetBeans 8.2\java\modules\ext\hibernate4\hibernate-core-4.3.1.Final.jar;C:\Program Files\NetBeans 8.2\java\modules\ext\hibernate4\jboss-logging-3.1.3.GA.jar;C:\Program Files\NetBeans 8.2\java\modules\ext\hibernate4\hibernate-commons-annotations-4.0.4.Final.jar;C:\Program Files\NetBeans 8.2\java\modules\ext\hibernate4\hibernate-entitymanager-4.3.1.Final.jar;C:\Program Files\NetBeans 8.2\java\modules\ext\hibernate4\javassist-3.18.1-GA.jar;C:\Program Files\NetBeans 8.2\java\modules\ext\hibernate4\jboss-transaction-api_1.2_spec-1.0.0.Final.jar;C:\Program Files\NetBeans 8.2\java\modules\ext\hibernate4\slf4j-api-1.6.1.jar;C:\Program Files\NetBeans 8.2\java\modules\ext\hibernate4\slf4j-simple-1.6.1.jar;C:\Program Files\NetBeans 8.2\java\modules\ext\hibernate4\hibernate-jpa-2.1-api-1.0.0.Final.jar" />
    <property name="libs.JAXB-ENDORSED.src" value="" />
    <property name="libs.testng.javadoc" value="C:\Program Files\NetBeans 8.2\platform\docs\testng-6.8.1-javadoc.zip" />
    <property name="libs.DataBindingME-PIM.src" value="C:\Program Files\NetBeans 8.2\mobility\sources\netbeans_databindingme_pim-src.zip" />
    <property name="user.script" value="" />
    <property name="libs.PostgreSQLDriver.classpath" value="C:\Program Files\NetBeans 8.2\ide\modules\ext\postgresql-9.4.1209.jar" />
    <property name="libs.jsf12.maven-pom" value="" />
    <property name="libs.hibernate4-persistencemodelgen.classpath" value="C:\Program Files\NetBeans 8.2\java\modules\ext\hibernate4\hibernate-jpamodelgen-4.3.1.Final.jar" />
    <property name="libs.CopyLibs.src" value="" />
    <property name="build.dir" value="build" />
    <property name="libs.jsp-compilation.classpath" value="C:\Program Files\NetBeans 8.2\extide\ant\lib\ant.jar;C:\Program Files\NetBeans 8.2\enterprise\modules\ext\servlet3.1-jsp2.3-api.jar;C:\Program Files\NetBeans 8.2\enterprise\modules\ext\glassfish-jspparser-4.0.jar;C:\Program Files\NetBeans 8.2\enterprise\modules\ext\jsf-2_2\javax.faces.jar;C:\Program Files\NetBeans 8.2\enterprise\modules\ext\jstl-api.jar;C:\Program Files\NetBeans 8.2\extide\ant\lib\ant-launcher.jar" />
    <property name="ant.version" value="Apache Ant(TM) version 1.9.7 compiled on April 9 2016" />
    <property name="build.classes.excludes" value="**/*.java,**/*.form" />
    <property name="file.encoding" value="Cp1252" />
    <property name="jdkBug6558476" value="false" />
    <property name="javadoc.nonavbar" value="false" />
    <property name="libs.spring-webmvc4.0.classpath" value="C:\Program Files\NetBeans 8.2\java\modules\ext\spring-4\spring-webmvc-4.0.1.RELEASE.jar" />
    <property name="platform.active" value="default_platform" />
    <property name="awt.toolkit" value="sun.awt.windows.WToolkit" />
    <property name="libs.javaee-web-api-7.0.javadoc" value="C:\Program Files\NetBeans 8.2\enterprise\docs\javaee-doc-api.jar" />
  </properties>
  <testcase classname="sample.UtilsJUnit3Test" name="testWithTimeout" time="1.002" />
  <testcase classname="sample.UtilsJUnit3Test" name="testExpectedException" time="0.002" />
  <testcase classname="sample.UtilsJUnit3Test" name="testHelloWorld" time="0.001" />
  <system-out><![CDATA[* UtilsJUnit3Test: setUp() method
* UtilsJUnit3Test: test method 2 - testWithTimeout()
computing 17814!
17814! = 1166826745899957866216469917632645513435034235073966597701132814917433009737336964192437369913671645363026531595803152168399724694540314424539503325442115506529989889175920445643906928184915404765165970620741996739033143662647793818602394712766496694999884837857960788397570854461560889816150640442567907323175454944624353675419739886380213479697337990601206557040896528022318294975575959274483980160197231622743613970672002691044919457607522200895577727046580133300593965119060117411364671305230941630441632593703933607002371747809950702243443681544635724029157890382759419352705281096114669091922941575081061662826168930199496883576194782867737533231837076286722791960655096086897222942172131372326740518508977621460459854737795157606413046461172385640889267416775188683325498067096565065691480880788204240620396000407641933186832365104812221889891572971705842674802825006659445369182324185394753843325839962372845729269785356326552361111930807077898642244815965632074196034289025974498176788061259550564992514731249719656989156152156733592256581923963702088658111279774074868548869333215465486743010172731107325567057835550398854710484790615780427375991173093189422554994101491934825117742957906378319296545755547921707913121820234842900673216754777777434586995190284720756619453992784473237341738964073567815922028234548800188067352852080203540066690136947475117074178669604333611671137850037687189231160265535011456389267397514089394421362786742850429667082700132233184911159709175565514917450250943493260553607126992329982006119377642206385679404676347947757601577394609361697158397139804885421195260585531839011475513426652497020307372028605940732371785729026724949493451467426281849907494818376743161571486313017056079413432927307640081403507719528216685032556072932346033178138084982222817524894121396730975476560985078424124500307592720640493415240734588507582240800644375113192356858781022905522373797317761691250622612150616365773532807398424705450711981482940328718259364120147494526518912479765552217626234181765083977609874468671881201608210629223709153158056201076404715725397430919797374692187719988468172627812857913534507544739905147855570466465712682217935881328699474530170985392733537740220319833598711934908273246339034121469246424863563698566555537509964028374141503640474930371486186930240919036452594140016079335301475047311492974385695610799990037684608723832384654790856679502209574850847814587487115387236377996705965009231925013427272436088926972060607655308487740118461433851300878123208577643591643837197004030084506500894911688170765867496066462468774400256105294557016340417098515521701381323289673309055054442679330209880873323545513816245476237809501489301960324606205331696682256619707213398895878421082565682745048834600386047442569161150339181595037262380403483415091892111187498953973507804189247507988346630081925452154917147889494188549042755230448390569329782846080572618667924349489751957264189878890393809638887065883589441347094049846956244685672807583487470375214336501286809709251895697968279510311243338932352678155862524291229350665076668684569020212214439118947426694618655988240937958259993368624617461098445422482070386763757527044620637775802438742500672823510719676425180380169428968869575509437771936435880219547826285687097397490580024548221371133907998607222323115822187327205993655809771979254595887410380929567849276598487921227484094822070280007508450799602870361442871233642380767404400752587103206896228665178145975198104744197841048402366452596785446000349457574246611511747352055557420156247290683347872950876253573259299677796268497723033567667038466745950796508194125070103235104856249985149738927024735553692001728997782577930782072907977746277281953595895031668888123720196972259427527847136250851242694934393862622770983697782829877784112596050894138827891175676887499928250903114985222763794664259799091150707676290390133679138352789096453537431087792244618753565869717920435465315026333353013885731129651236292009816356419392074592302432191113131375979720689317741520492929730856611535931036856305332534808902013581944082964480694702100071441898755942967117169006110880958762405823354136563039296558618003386461055282645963712640780245004874513498589204326558781850515137906321027282992153678680436630504795263667299716068509805012286733340801316314696890009889543054407770598211708651351878528214764522537830525470401450522277421249739270228565869183422195837998706843122816221028286605907565002666499470043063284098830642065203383432507413257508897285753125459189317162750624324096843806400514027007371241531186229987286649318245094463123475160253026177907880794488725898165269143206889468706181968036879119185634542249062425342403353188761067455671353617526955705552067433494981137137019013839471119338566730363199319007328263810388501317254612872874474502259308461851921118381375469245739737110578242839762150447175162361231685427811955721571564413989212936327076025381238293125042908052668327318351594063759615150216703895918637109428336590727227553365745384279042991845912678352541086934810767814533929473527387021272948420230891886547437098120259624619968554109602091009114755642686303303411552373384340484462808452468046049442416883557747666905415736367866606487580671597065537143222370481460284048059503428746934789219017449429755241835476821048859659845728142685823135676105457690710270653624728822165303387110457084283615667394349182863433815233808419265004987024425364165455182634321259092992457453405057035126357402713332137451875909107237790854267734179858087663997384864736385666320912481127696386661689042523790503528878263954599155441155867033111682463539585154223978978038047832488591338545182223560548493031341254320093556869722185198148370943043155748835058640431640485787945202377459041185548769481643466491770356381401262510330409863863899217724341322270932594589898298023763363023166825889238554824971095233751083762630261138420170436986841022440331275922834335130572876019640465206198608773741103623156690090729846104925655227301191942860008350714356907745103161978995936613306798630110703764055899067146747301671912780317485406656114140810403277007296075358056054874483744614823433566331411369977937901820286103182441313771080293215842112684477590933920730634532526204265635359063466057688537817530663635543845899666289238640846859221493568655797249101113243499081954112361858952292319181043042961530946902217190469110727088844606196421389708538569398232476320662288610043352816844754510484363429857818793410149023467035793726356872628755442659617146128535239701976445502459782058112995492483717392111807423665448999157667756973642066009524723178978592678008090201913414699395343197715778135388414679109505081096165127019275885852368033973978365860480485253580722482056087180035342631656162682388872259825821178434624425287329727082867907303591108154096282868311692279428968249305983105330466909530197152930401848225812214324728792974753320562361019530800906122153587207727221132035244960567282039681847815484538039678397553061756207805805829965412254469753959801410223877404064973412634130652700295834073447434026521194995459929107373646573735411577131530353908683763189026533102756011593200656488757025171485100212711173157974216142844909618123498057473332828439680158841386166990135005397271377561423089178879756404249173102562392480440191956253394528941228225888401257744997425675724098531583007185431883456367857178718955947539664816589917293449534161801238403846039220500787970083774605967888844494729285885321553477405630253027628885084252922747321427439957784032248845531732126240960149102072769114203298524879239527304243396254000707833453674241764110261819151936843128745287348635034542003906485470263268539319083182259619159685131840653056589595642536981856917777622398841857957008995122038261760362965479974338112142832866895071518902549598049624525646556405110987621158440166165618630252994241533875253918400564606119174862904825852694523140909012430962150528098294140547734909251651396354753649465417076743671113218556859601879559138455190289973880210265707200760272829702886748532974508663779187425063717754897055328848293997195803580756205215358735768231829649046616998580389388554805003089342915698277957811033241573188602095966657749442174492479984809734038873984483638284056016179160036682332187043160094390640222711542266879493264614544467635641819186703714702312316367460048615888174420026230079486289761504520408674647913544106921191901722256845497877887532211063943393843901613659345854130964471005828053814730669554051436214651178762501012466008741012155779985211995585137424194348383396876162807295523209583157398442404599686604603251800898778544944223430991280186803512855752046995121970857107207482751536253864261150967241395874111574263620368854758947109273196505879701075519416897827435992971363385285934113337445483118782552030479496545515099898670933321957077487992141414194891191042157302788028092983273876718510479422358588373219253699989037470364917202172330642521381866336653924149331976030171683442730511801460151722169856066430566373944048085344033773392012738897670834841844696027525000417619801631723514676320426752099758447719262409299062725692397767005844443227014773482636340140932986011988413508290154904974753930508338299808105091523262547247276456070185954074792335922637054533528304362125617890666297185001844827433503754431096382805944161721863162745426816089096470605176767676580992234760746463649434838691952556132696945565189964752967732037178980618890890802595687085464042533709506410169243062410997304608641692764583572758482969362682534788980735767463081485924497482285507395521020300619319067969368738168864423206274463287193416163403931990052253316045328044397642388308550418834089628101766816030861101345459190396698705948300776308928072410111554766221165135813007096145528321331771946163337427215328034071638055637638107869987132734244714126068548470766836398200676706955303259522128424060586756879565861612759669578397161248594331870419515209045662529979089685236001984531786140465272374831962069526778127559028840020474253738598091822520762720246841946571844957978595426154016956055285966172580259918238080700596256026563318457884687473338034484291272130183551076213857036477634243110305747194033124405278753847712279567437426426627858697309483289315700346288993620636836309072090314018695713846021968342937272505226067396640957684729969255559821170588733692924704784101352528717215178685431048445008180869925036338643623474638365328750712083759340371404361831174104624746660017599224603341980056419995085561536047942082144144879057757891933819430162416438679150907295671541545863111704921298133203327998466315924761526741498116057706662446271663073952652356822498395752473215901877452899253983076945555402605279217801079388517409633536724520830281536552491011283322024323082337291509236682806927476530688754952500497124457362613729836152120093723752087842334179103287866494825279085491470081625252038886864646357321161370523275315218600357097610697664774772568186825962430649749056484880514000266373377445025612961565104407018596973686466460534011886592689941605322016896832151986905183851893979654562782313976883669278380755589029091549895288250409710973489121676865131405338470607911153973675222310331478513615280298823221358067508299587360798511950199550621155050151179275799729597291070980537804818346502763183256939737810122664628431707877181018834822624740511112130497142818860114111635739673701850564141050127807477310705025864174275390053014310857071179003836690763925199106063739959916038721714475630059767917532471987352868387471864307952810273572813874102537142011479011827837296756160196065025503752105220519492674731749050884765193282442476611308027399129870339015264599086976101345009182119375748117852163466582578071003057479751585306775108591545350582114538229168965048432084985369240463747322521408442300808444189624820972122892667396123750813219902946832668817469011028389819978939799086337950708344494964733116283489893235124156850414154528284256873661733460131009922459504331856997975389679162491011025756922161567370899758145955546264870183754111171891414031837839114246833362443316358084642987520367370681367053487962303453648945713007518752966096851746517503052290064686804208917244692582354163523348120185680888406110379951989511535072777322138478727008213194648019135289072057787760225385257861689456673718009922464517802663463688910498978688771770086679351309736887199317446602805059892440589965262263402806420671696102574389030312863146589721240034549825238215685071330221774681893492978425154876449360566669975175716219123894766919626996291916321829358537322433654658558235431501897103750127186847300969853867661565298858281795265294697054372690821344812088985214106129338130860295077634309873047285086549198959363454608384509684588553519939187394565198571995867138801180915786209597236823639240241489036652722663258159994990103065272911493434480430355720732498282280599297173505484063801535122470935663730201476729974855491938358087926046100348181138754210991919280268874051426650969812355196281502015518513559649344832172107575800609318391808392520341727422828304228757494123387250926096655867105321902130297744623369880411119532887304278746434529711741302923396180728305490805240250637348058634774802141500306377103620261805639566095729986128208111572976748536542732752664288932610179792995957559104428682901856697600644746834240559461273990421629562700941559752688213904378832901135692135976535232941755191371380237583004326397040051239062551394027337214379434182318322425583283386770960398798117433985231438615300501925041311593697106371746902793354406428099259282962924790527370469724508564890651366406302376834318068511814353820575329533862837961844056977168922097528310793382295072763053559576196560537909827547632629181899231987555566040209122241620892327759437739722757936822040307688624116794015693217064776216560937669479529702351782975135539829408720747494184814425354049306810434356942818944737510907741107276334562797875629009035910610028882479763345950603904572582179012684067043673326230873071635318506061291891914413130717846639496897830865611358255334738660802238868943163888200290977842866925275831421287250473205686105629520472990285534749315931313304379774382834448334234038389053349099807020516306380697886103251909363116680292224730094033621004715040404949801374155184659665145967080727556100083835354949953375303953376847000439771069056516071626822507543598411553510711535372659057841841274568374309189297366649921701226201109916810389192718086954348909487423324288066809321989475414352163460903247975204750948818295780568039527425173035902959877971548506779041560307640900613250024290886231519472474908383464665835135309274927745700832117560939617228473006557072243236418783579312066152388734662818796515712626994073398996457432632029618216199049136372042772998362494712811994808648101806132637800800496541761602582030152828684400650407018176661741787147519568828044334557268050489794883508402176933881760686141381872627122689715181745504398807812038810502385049838710777240087758224077941709652626984613444265812374823406130746300787068554772562665732575407769487625417593861035122329110054612468677914613193044440588588725742676022734426306732507869907832707264867763940809240103888105820800947366178972669144687420313514168420846764166488825120163276966968460161543750923123724324531616002091511204000706384478246484182213269781135511934088711856270519386449243482920726497918482923067771152295301264512603903170362306494726681570113173667464928171116994965721722918698308571407189926395639385024992172394860886059288139686972330298835701439660173751074545423068099509972866875933187261248224518722182305397613296089331071462585021796151389155991636168717167687227356166211344755659523705959611101627944499054837261606850065762676966798173644689930972179606294192906733867885960940555220357123228773959464847540407629363277905670991016171005494008605125463405020879138971842527494559818151467515203919045353057819018404857068069189091105526421488230355354376769190425148484457690318087008824569581971858855779327056859916276666245633249357546626757290669150392608471949038917301446073037790546235404922786996934227366493921976669607502796195492496295245155846415720914953930567904452757080238346055994931249013184441917863108761957155331069973240069024029788043736335781255937853848359175799350193520863432431481994157758691856638426474212362581313853420738487923777129760216944497340835890107007445718090122293364986587985937883950604542422370858706029234450731325600419338311997156314117384828547330862047560519903618968926580494193023489078091003117428864775787979800189679286698295113921184391752759879945231552320464460119660822589912940490426302853515629806657979663781059069903988074593157135229963412812232047066302626828617691420657169696591748289297410766784504574235756144974252419700548904171904881484039858223510658564163331619057504861482982870947014637771851618653765776455153503021214325678061160238216747163929574585224547954649650316604199217364149639819398053883575467653503427944403227568223324476411010480930731749615995290245040466279275346740808919688711518369631688084598173805419413527865884544788755882528409698101470376722995412380098658214985760209136020846994140928974367218144475652707763025829805338089728755168979901972441891307994480166301005835332292064122018539277615822951849352085219245109810258780141764514080433497360050912539088614506228017923325837296869014579169678290434383691999379895421048931110595361216404689241112463020554460249837254702212382573834517837317731427201023637678043986447002455195413816073864942177631810486607407777307646492411987393266787422954878736154516708748372490868187182655010417060206428753222802684277012364431402003859581788184861719844648540134909232607188111959202777669732845020067893281651531747305770425513411363156118172889028123729942373186996894150132745501827531932855171413900002386419103621116336635439751553122027282774642165677157868614322556634784034688485919207058266770616244700181957018876198415909475259066163926131753702174255310906256640525308411072703071676715062638467364873642601498959157201043825405621289283778253692771520725835995195985962788625274270519330190246582555441773177283575621246784052269366613748910497180894737497836709351905087100498350385744523006786575814639784686816238964252537903840141706520768640938478643399014903259912659767700886602011137267698661243097889768406841075926163316126709965221000975062223335045478953284311710799419189971428769137927341544816323621552011868963965717294136451415124832125908286682636758528720082597140740999632322739949871860864691215580311056226333037875512185678746714155389330564150268191539797521973346705418347687111081593249310767720350417597147025812129047793910991688233115473650101136794523384256886325281194990982294552573862201479285309449832034424968969522258218487641495271073451859854348644805908055477890552528729258885250526554799418565221052672909741050789065790406560363993031803855102974307127585632269429809236956138091677383785719216251948737292720783179943174169468961137938316853694553157416048034667913586092452437373278835011737633192724893185050529356091502853957254704373733662868030904487483966707734667498177950115803112888474399576826367802842823500416045995139720549496422730932628798709194058689298474676792517771748461266376271416313365859088325570310252523104826751136010904672853600629249467989647347570095351254573275611494639609315140222239567420345444444573432332681786272198492568046986337496546913968900286998585402147995474311263799613554593287020872162800619696682821530513757065271087335825634754852763276043858678006680363853879440653811912367050536530927889657296923745726325024046439992577606925298072571798625083711515767090745698723848370337045982517220723846910238878341116985134260857370836371209509720810071539731871477245827551084490008139037063074587662275194095420106051968457778080618720423216153760550549052023179431733992235760450251148131038047993836525500387716757137284743871938538938836606816968611901418724820503095622675241634012343977550584233522867181565968906369782049283670264877558647187995352759308846591331920538269378887279997462635838221407259452566295698193822831015541227950587426554253264773329014282630995573103535749504266167428008601806508818844644386275907266648119175635480780258878740963846663187586447909473407800521664657808418279542069471850625323082924393791718031305292986831828634495917537340321481927081258132841205391014611470336465891825724667435107806231166463120534287340809061851003194056980603164561843543060450187757571818375313780885272119742912877421627936316498927008548303657291346663512306560016456820544645855466158553934433656372811244458678467389327396494056849692637925649077588360306449996679839699828966432220049060948987013976036662620083980566700502353414463675529533974239716144681998241166265701948863561300247902209058276746173187963539158759722022995814240865450843461904065710609526950455676135404840493875287271894282202346810708607306239036208867202153661447671611209192487855460716279817014576421189386801158659528105196344824940612013936305344756242400764843548960808912142387891870635532820675790389490126431663248468650070504612932457543525103887234162980067193738372139644671420073652599417592470960881052358013863616391792155745428358012816073213016600970307514361552699398538171636164691140616149088968764024165545009617091212577636206085478269416928579191067038497188041539045422994738529188883602611359479135148735452053039892930793484592937217053161019282210201355036117793242409781031894914609521650790323463326433299056576446286448371614291130352964056911735996480016117934217256541841058386311503648050666800989061079189749292062981370474374224839995225046242532114513676489807447242063919403424889735155018928953918148483075954268919334225855017252681208020975587200578104458436688611355250184608262712621423920966284952043590593704113083573258477504452972229493528491491749328523725795167564615820000979663219310076554404695226853552564456109910642776534826055542261232548360540594283185382282785808441570742210015294797872397059620960601522818228563342596902625645899127437673590672273173558154137184722269189626630874748014217711769709352462099554255476852998656661551815931230980726942553766610053086315188220563337511717459226946750427174026438221224858618650584845418967430142063998964805777819236963045399329854470620825960707475602177855359429290470771385129439096448946071637835692478273328109116440566804280809362671426594023856081782129161659215613743779465393061296871017871923696883478927389533525059208188698654572358898535268360665562254633316149076670747664124485029963256467666955292871971693645675198023599668943982976092548228920177469416300819113421212235280454294850658700216676328004968560605184023050493185424608603158256836142266828278618138084881293385691479233827739275626720263924724674623339284720691897401372009339149969332533653056186846598167911851301993488732834581335486651330883854992907563227920918086368521444997105142513487755932821082602271699582356779230051982274641576236527275531908727583819371596857277906168405616977137429472741190309839503801282664732511634955027586893684668725363733711335528249211499838547514519866067800488731811595635287977004136399345478485082213887857828015060332554692224051974084074160133407090140322089013271479791485532620011520944106472519621493631985394324235953265994883014438971353449575452826047726815656833877080723930008504002636231564131756257195290971935116943658868585148182941908573315130905928348911611885195092408225401822400323586127278414687256059714795208846660970984816653622919101723166192936453179569711258088159852501368743020294219721852966629058782274332638167611978847075388661497789820096825757326693319053369090033102625216677465394580472815946623300697560446453952948124955856152584345552558335631186011948053393186753104173160671290850046164797060384704099487356000302177706692089609657564792745981777047822938207693283590394014936821091450290272337515655285709698077222955958475955627486997755658184335061507439423291744840182952744469250911835474004735035751915445166015978017443070077386837618929391596224631775474126502586074497126329970321983734315037151941936920076505084846824021537833198027505436307785572279861543524437974322454133796801596317968893644574281198043490270783486830306950163585649378047154163190864920059294011041698523832630724932367368863127651319865369820379415931206250606537053026298069883509443822390294665715922029494772953355978277480731413360498593975308040953601448834241518539814745938509509760913665693360092662654175385425315284724826329538174397761924584039406575192055287433119845079357019642260430170737785124165201056676854619202301787420071113833664316841726318563825476029107545820917785717935565403744524387523836174489851800491759863599005247283278850698485319532821547788427639793787659942622855679973532555671327233971992437343571744996926201955559657447716561481048063196786184864717837697860670761934042848297617550215326897662323345868178578788092792139618098133768866658255210096431996811911797990253463977645754859328745836558825207176008736530055164193150300182804801908161904803198426498139041833940009889204162710053105820602183551345689303878762370660794078549810878170044228863250245599341984432584288114233411648211360649864014097078993902618788028480086452696215317703113949754401079543984136465545224333976839674440251691625947132158189242393007166199100851496274654529339317055100470988099816615869607739510231056760413347149893073157149802049210553852228145524029005137578911800549379523940935445450892684820384936487474030445142474763826780332798538351819795303641994748136792529207512384273983498512840219794241835855687056905596464292013885187828515226723110028496165017600631676929932643508607278328260050285699775867333087922589161895514592412260715800963497612789561276008499251567146310257577225806328044118808378760364352061719361521323908425822638838963477929605435903520402759551350866458432332582067079747371439056135564908436859469982304544652355999393498886739963258336318202572803737766691850895616526776082599754630778547641307096307311733468690960858692357967942747991009307173236108927033183886231487651775986621564751469750332416184563058498657944073000121732644800932950976392745869772554839034201308470402524206499144873910792967616730405718795704087199929787076506654468254355921688419348636032238024659982966813938783452724948168027701764245545947413755560863729181619725167132973533947356056859356237629118369606424205577160992718930106021306265734536294461440722435214205078543568079535345879157758583254688780636456856692668748708895794073055115865813076131302609626510941869007333509088068947969759762745543150523804809550427002800262498661957298125186071528186492439240060968112359567283432022826132157130708908673112500497934342220754705390388161749079666530825627067851039948794342168565755819602722266392093566955456721965440775065038338034656250225149767305661822189603336550315491811228852265290460726712769365594398432305534154566091907291635168607426537341126799422378054358117309488084612310030415255879629045005718206370901428948944531792830486473581303125192266856555791048768719663318213761751025034345112873239553230304024905371300250590572648473761739969561713259640834923982258987450813470791414381906195408160230934145797848993647029954565751841622261261189056933656695310213098050388227243920353792170181752624758382282590660430928519939188932403637004728265259117476029151622331743205267069249888636586374609904080054089918129290850510860074396605443542874986024214989416112501457200058946980734643353226923888112402630848285538542245688825229163103537705613320766811380001289833275474494575152228059957138221725614114953453820186806002439789538411255027656007894981593137442093665299858642445394837570232846612429893523982110064756387894929661491173503201660336206496638502489681104671463475843745334003497605194631604149827326037619785808336838944710965411644080730437052068953194947664619446132757892460367277123911119196348361527309023258438901431225744208539811473335677952781759431015167814728916988571775644260225499373009939901543882963809626422888362137787037583270968542368108112077710271938189439473344832769992470483091126360291320633907691465512097298097139117807756889305314790844451098624169156665839707856921503740421599953530260707847924368100978952020160578843648614538324770945798376532411577242141808608345491247447467578760688088201568224377095829441039722728516077094953252161576629800483075169261490358870883978030054017263173007338554078784328104783493653857113214253834631348476147290328559548815345352686509616005972491423825569231702747901633918391658000096206444587330459901889194764199452648790059881914317854517608787991731349814977460130092862058900654828187660473207307300860245950587603851435355093603898917438171363665659668554133512810765014454243782001770684922356094679370977934903394026077414631059535980865554282427866485134404780071579611023277183974488854546232667255531238725038508890032255654551837190888766483693280129444600819846855947891858877106495181765364486926427405391658194826226736997639331177012078357973387690527379269566664464345534094221109321482607516237936447348856722603133427762371520335400217794281581447592675889496963465649404008051293979535369443623442736867087393126690355485356134688386671051541744343441364436193300572930427216102705350495748032370397793348556553220798292702958651587662319408643604637165004408322625650818758307504051789136992888337586756287099396628473639275699201296318924618152217985155483007169657638873140445582091512253655702901651789919070355677301453110168351934255050997797004486263320486291434305714525752546389704996246806259122709707517541756994676187567410095654673866387857616531015597693093400155583832759901898669050594644908229594945494151361432658101326037907509354333672253135034285334730404211580032508509169237307132968356475718028813490686478441383615979699650127054953004490572016401113118088517241768701184762381786963745919879765312008481335334261811137943955822845717755270253650218413065152120718158902100493511684196017233691001805981925297646253538979830573267603555193357890024359875368175369167730203117843624082256789263096064685081981827725483103419274230726422915001157473012086131388220149917467691176496298947338350306105947363632827319982597718416638092250923256946106684271920680380470944578467524914000716716541955693415409473939566140341305281479103084096906797913895475467143406586634682721041872928110323503622788727152449392072400112859718622664721486155568355843953891143158823387099547082620988534759244151901910950118234923516984966379310570671700776296514255194421363364827467802931508773979578111151584346539169904272178487342063628977029820827965730633355922369605331891583391468776096520507362188743027836169305275077258469943853454971688552706138566612612673449650254883767909117296770685094974790224358744263595085096510234040076031721107824374255709315147259392102675130118796901194076776586916703337792507536834526115290486389539708957113198881424375905031759641994831407842884623488525530678559614934933749445545715346587197632914761848959473556169701295381143797078191976425652440370022663038337742786166883106489602759972473276667851808142143213885867629824654093704254485648314802251309960544348312608081007339445122135381366286245011450096787786802392970070317741677774930607389080406282147014329056945702688956097847835917539598216553405557007400248689939557872917198265692439310261687243536959640555148127704644632941023151016522037534782862313048662262920089220489976410120390800013786548231155618632653583849523294683796333677032028605934062722368586685627276627450848728153336253607111122691028514962093464770001191944905131783957497645447275663640403541442505333365880671535703251880438207290812707297202124301355427126896972419439022994690768308990047231094734737886783025238833209537201998044196711144651386529020612992705651006385724471132633841418907069201792692300607083178559083420911796816008267251415429595060632075388849410296513322189746286306528104420410263966568722318738891971099454540930202044485581357273046431728182648042215967604971385834226916988702674011337082821356221390658814962319953815982879696428313868200032563105025805326048568315765186486476616872650811723586746022648605693466337496861276861895537476154208145665532906048321694489784505140647295359434889836799654458115154908171396384412964808002095989035745437169988979237623397488298990009593843575728272479153410844951849535439049140075322434590359510748745432329476556908830774868305849456295820024620725481721978408857183791311935704930081236601312018471809400443039839744638037599237544404858943310064957877985552265095375448616277857417611767682142586319550931078429575676429161684154024459797566997525613763349174509001856142129255560155630090854518549094916271088949795274608558017097034241033765481667349005344495289335679370060449256367906207958667530660033917923042491154688262763629579121059304586013268380797563208015262415834213999065105180946930348893666917153944478097832197686022685313461742542141176131689137906526320229343551847586059181765669258104295224529164853278457173173349445109081725132283417109571324943174194855980239673643753629117893569544687213515334983492471905976713804990301605974066934545558823900056990807584747616240757918134289694930064946852566825009232187341559394792186573094874419196730423683838093307432409916791033062923730481740802672419461032413348455416360596767346068177095525579125929655242900455721555530783737188201556130440414837128123902774680124364872944098730052317093824774506752036785706229071871865759853719991128701404469420661310902417961109938499587392890324793222982700094858071545017971309385452518633181776932929605829167875091018885419578879177941521433683294272243117213985923022343882813824873845207477940111618473288732654095506734177330297500877898469758250154977091788861214878252399525515892584993548604772935058658820034788012801221607317563140860303870492778633324353225203876637851916556729982353183302247971928727806369603750721773699495425687891427591791570421670918658141608702188178430502838425988608643300885511493282094967678442567726217731802156496538639759780560986012543407839255278686628556488284786299682881730508085627490776405064106017797762706958820341855977483076328763647769501929075958275644868109074470491876585455829844957906647901290372231145837116645288327081255334043843204507044746653613684407179391663018308483207074396145769877646476180813483674622971444257769008424637535484943571283271286007329340664146315843976890952237741629310155207671317762071827983266372359151688007511328933863551831052383051735851347089290229210900819229418731916149864879137217378638903515546581565303824798989261473787012406449725062135124968240357896174475059578316479686076485403561801901762353666512138235637981891784525740697606345927356590102346927930255192308185054043452020440516460087977736718358794760225621443524963445647267532172061426940369229880497168707086648228155709286925733574964581824556931505908799495659827700600630361594996495630370685501499492514657617374747954477128877524937097644805328136947010656669633686162116683928782937871167557610926273634243162287139700366957021249736940087826443122601847834606302284592101141088868705552593952986780799266947769890254770989702499484444266986766901313307194047777847038422931062774641472551514895303765619613802546302056837685232228455381112306047105132161734992425790854276094625122859793766017140618276282275180090150095821934354250918711514013613971426162986130147965650706991369925271751803596029835228836073872618732931901969946735656677589316078105599567351766762370003508013414137964169940574478123114536938360725155821123814435680319958802140308600572561049875481412434023681668587012304773086212583473394857903750811986435329748233388536851074939193840095847540994030654564296959619045334637102709103932286059813146179078091290202777846910218369672386793312908053118353995024048973838925200278891067318851781189697229305959630862216035170882579972304603681060803658306094230133994313550730827947240615299358777093429589625934750317064917125316569778387180854758467570163320171703944989706420503647670515254737211119441818834725985595688309966047098874432751595676255426099219206347810922018306909476803940870881338742774544856934603100535559419407599346344442324538287852926217563620961824872856272095529789089457616353321149189667121081472243028997272391823683178732112008164074130164119634011785511016052610092915273286900170320244167759800556860417341478120316287390187188503992184228876905398739395577252169468170504512239642082352962335657114774321873134014872527171457232094448767263034050881123908901086093360095634305486955498911420515324047812807726162809350398530498330942704716410254235805152232015568956879598921408915962148439996224083411159585655361688696189302272602300940026191352203273500117608934804953753403268193611158457681348563985091091352196465156224129890779567635108269855460678958952562673459822863588904772368983767903727399554808420247233222584586118332591556217649750262586437563770430665163246927368348055825183729387880785674920285687772347161114217154126647530221222995841700189081646023344476687584645885314012597187473666635381901962324124377040206196655673624415131134416667343047933051259464716407466167398392915560810170064827879178881617361755037388659236475638665899681493985749063201169902579253768572709394833634322618667325491768753480042429909369344539681595101056919713367750178099429416058678967921414739122672389506929674769672851027749389374362538666568508816639568748147069384342982180353311883272461715946400763599919378418881086231620413038813572672773079179776102787146975159316995158769323789438667759881797720648295266765615001266644893451690551471302163647409119177765016547316476740274087089808810408532589414266590708121837901054958859524047499266026517498272589495950126017960833847168061256421790129692934725538571297384081198943041563849258122949838129173494381380167519124199795433529251348618576803138502475754977756120832292677562786003813359439910354501651543199062772359204477311052036918392054807663336402815471277933614968626898640993683999777392799177738510413660054307249832745103382496332428602406410921846323959825955134996883257345160360617627204944314698173206805468350964313834152488995603169325213811273030208405106397985872475171186839835433972553441977487139027299406221655274449598433222524420556263452259744100785245028137162601275130866482393798309714902271006951803739431478365003301993787897606741309957532368282284825505357666940692005806161555085180580885025544056572111743011571992000353905255542282639960302151990940297824900190911279707993570071047144280080688740630667975251276364376133314020192259640757392813427600040924447655326188736351208215216538249177411535510485725822016641160899959186807507481675254276549034502295005055812053395047909891359584509780664415883456206706882600641011274570564459852336241921832500836397860161556748875463122276318394302694694411812265649402007853847832776037867842394744805487142769505592832052577360832408814029407034932425788668244639125286284425357239289010221904826532094065085721435959018014894383426684641499465764826324585408513304727494179477739792957854638001603435798493233595887949202953776309056958953235905884869322641142783778284454185576677953735925484450092158617560399781997538174731938063798771087050830570613727031032762796497643389008826111076521243676268981737778467857598300026423778301614094119576548635837841787961254988410175971665900498721158688269641392546543705628964185805885429343476636622058526532024085170211452438681940498230956109454495607368831586540674292575087015666410423959773941723740212457270885289327019430277742814519173894921339477491278626084317394706692849466869804621388013615122807285035973796397074279929915778693750310514824788428044234019775260530271464983690580555683145107589471997971903170146313076355593440066667121035776452163441139372509310413299913462840389311682730377201581018387434238350652020264492495138842009215697506475420639967118713242709571337029848331260435546909557616981826547519772420000632809756508976687138234197052224380521002736697600218240457466046354401348550954545622426254085098468136582980010667193077480148365799192595854939874126642106033555549325134148063794450469400838524548755283481814159456190883832260878122592721882972652737611877423897826054511023804185145840230305388622516866105098188220006268892967886248330547158417855243361027790718296474126695393584506215567599051103945626324208556608803287072297056270514194911617258636219596259826443720446271593353558863810288963385774200102732527200487642111594968828832551812647153086414128317773003567653673451412533661241147192295158768047560162155543280218580918459153468179002759960485596271454575263753990709640290749994677689189661290408120540701599594090461326109064220665227612634214809586285639620902810778870127347221737659687895405811619435320848358644737323543819566831420560175424387866174330821371491121115140425574083797225845767609673475251777116624102290170715124367152666879777636100731251711138967799876858603490149228199839406076539614755008524274128575711189195378424185426361573638012847495429003147161554439142908872289642224918735283634086412407764222807028608381688024071387747721923784531505784321929133841761418374830708979832492147608474268199071535124591676751523640130108813879363458964578850350913090604002385914273790949505128492016756926413262163664869627955063076885319093078828615716066419566479220422761854459417121966690219690175590408510452664779924040284006464127624504951929376692784636597906302840861978116692641483860756415430837366664538416963073173100529366462121134273070765715475196989469250258483264839192827188472873687235831463663024492062233436665905437269512999473030609077248522675866131003514781295432644160512618650413758761359281862127866143183888928758713459569792728139857329003379193943410009459450395712823114831249141825465886543594913427994624920524548288372679225059473209441038627662321376889943059683613705718188399535104160833985676856301766523426074290655485789595878541617789079866143407346367920757630827845570195833069142330513481096898041491257285811746423619922248001193540285124931543590350369343118248295265542334149288109824360214536525468645048603934311707092113468187176549911311054393075164741981644880692124167141363167626125962647818156466350706070939740083230758460521021627763859377085985237275494477505340082615400818401507567316874864451646177975019479723670869320216462110565134698637744349795120442213224532567876148056749657868886918802892839068645379194511654059939571041921713059542987796354258466226321117393645833229648920474869213614923629927037806633268922011997187403481376798507754127104851588663615157470549536814527201424001536528512130191788433590657595518793326830835687701546517452135341641968087004378895041989860576556486903945983052545864521347775473517541745988422291845638913077902694785586661581566345785646700807002669857494671568062937761082879026651099539471944108234183162428142432074473297348058253298216093254762100831722584396735384946691990353359317819154484043293742983292036258890497787576150948303487550657921495279094410336665548777369471560797048066681279134782495866942483390366270698712841780345039345670534918670944818174492296515244282282007111134572006453629324166554562202871534662927585724650407971954809958627125187807048522794541135406142043338928422400254621575531331360829843431037882933516129090737747368952774524880829161223863310488998107228653222879111609451182036147062522738360943922318063354821966888159956019568864882878994986300527891661819134059314845763849806049599877469840683683884768427730420586789163804490488203525572598045390678774732334277843260348032625454969852533719064719403371693111568484562185244603343734380567384228389904549943589240222701159349974497017804864859710247621753302653589292771838734823661711211498188586539995420049632818341647179477262447002091165329160923647695898074736886687660844351522479825621707342549771069459868810697715701380723925704348104926700769284398156642174959821546158707383713887443908852602481931231025940911018677460637471926110015502554669163612170670972425472632253880628899051268595539020516074092443679383398316463049410278122722559643532362322419079676650978762491208888302824206563790561042932210711695520502179543479278919871786419704454243973888029863097870984530448529651575739406342731965042509577360940906698866380277504312299545748334399196364096248326692445967536023063992067648607578222788187998127744607636718181799699666554193888536361487217268573518165330065650756813118086469978476728060503152275442810660164243923890863390317139151012117596359110504436444799901219945110859632103026764456949089464710343517188875467778452701290084126004140674448095782557619525670225992598410164111834975061925114852819022242211144829901212799340408532763850848358153112894680213598506880310619489818342080027910951456992189473181520014360024862366547679774093009204442454425693888000681059665808348235336581253783033172535599686081096495909647663544695579039810370306782605938942844086018049572184206377206048624236876571190266743627570936876878644799972681257642006054351073313060798183895574768098000151029839769971599137013337372287817652435741832843537514364882103554189560793680228157236632321392452244430730647546713211692957759655950174490158013108920780689853602629211273289608700161637977127153107027116020300143944688515462850553364018195773711600187887318823333431848089819043003646431496461029265992113530458657586896713238709524558451347220235791300729497406942172629232234904006922554749363605676292526007861433595686491477295882062168780532149735214354484014274276344752071912591963345499464896069385725307113720417934042060366705717180656389150239710946028760382687342554096856029824307048941159950325596944037245713004902960328169475736215766595805231411977983175658773879248823927922134271702080962794666432128431809129862600287149343348550492823300746964273058662987050871095233592381355683986212074800712861290716345527439206393387799364799362679261105755065109560742907165036393049111139277941779362482821522314659032001500887088444370209795132236692225789089309709445527686616264587921477427115873636974507623637711483973248208772408817745725617974961631053147852572180211200426597336295875236189812487273329961709664758962766240285016452449455035598604299334781894721408230393570992677902858977596351049440496029915582176923885693614928983679640886143020144359022477688944363798653406486733469336778379365051314370851494786438127210242016361277176376349078622177595559481876570783236214551708159040339579448642634058702085702912521065290785481270686567951698221054846828878539549457182911952640053812213677312546219924827549929858644323605867059233912252022745915138378225534831524745012271190144929238842959932092972440313766693909436537059262589470967640257476610295178979191799006033601039381747370154158746937535759153734836668420945443874690463253778839901030258247078710621510819972657083661669898723117353318241861496786699395850821013846192462228586581063440618401687909614576951467381442820575293984485878720566715235317771573851996521129772572434472875693640888131301176771050827696740311363920389078816083960981891549249970928314135038350362690100478115999032695534518057948333138021608946189582531958055265474443556980107661222360846508264213371521215284474593350215910671571585465096834751359434144090409478637488571574951926390538618025927217522822510773469287364607261352460036725154842531449988521304263025303459825247909438099631690965212021703011728041115451912078843360346461134964066604976324927087331109131406170040836222060996028087504228172091679648742378456697554045161215797657501624114813295215310898279985402165865750279854966201264677475743030037035651380566810003255259306128822996361668051002434141402783309789989509457893986691808482473974407798548481411148014475732794084712008275293992618660971107028981380309648400986961763447004196061884073868341906620611677034324796634458720694056592699774529423357758599697693147481537262610994901902734936122069088541837272839258321889924725987185136674561439972522007238611196426707162935296672570988064226306037853373433567194031407750236690798976729322814655460165342331117335478075596330089425030231749115577732078660772055365137210415304010518151729026992151778748060852431849557505869872753452438722678583323690588249004647377668425667105023529179378589244118861060210767341317282432023639250031952190959348326904115010855796086034099331510318430440658015977411942647297927538612160033485986066181869217438579022922055021734198943895587109877107431305638367703988885253755094433940947356152134190966097621563265644518488941439851174325421795342712887332256257666062576189633251003539989988116894442667411596114174913823582967111329704789206475535104907158436989585618778022231664862502907687699081858879050599214398815248941120154765286333923388773804629903443217445119796997648865895140803941960535809048948807827772402361235077175832965790284381687179045881900397230874456241914770401013568547592815757760203257456690592615484975762574360220588438082997707178524445268073449842531423367573580074781726258140169441466588302924595077942071552700217437034827756760154906955922541417384081095156151328968353305778726708269003452577593313770772221943907570276845582522197125341760065226914625299288265990850929250589466425430223496250868821690624681420453194940097244334692600942103109769808020943945612961436156643514956902948652274181303323487115089558016466064504635326718708904492742487009941537215553196184426802175136493198436500917920459200760218420677885024323161054906169874287079615955651301247910949764693643533206622035488569430979509639538131654549855093198771911900275400270915223178163850197361473948557630321534875805111025847581162176252851387906708864078894700979102408451062776549311887918818834926327131622345948175731438030030819381470390414131965867230228742605895953424172322892999599669289052992795147495599493828022585901389437110945329299638508071264968296397681799148001899646894860856157400682844404222447480238691203437222787455668379389687300219239387425320951063763219777188155980295867666947059579356802922515070722641181670832611282097446843750000997048245394746839865854762772282399987159765688221568926543851955694698892360577211658131982623589663067040304465479157588854973314897437234498282929244813653714237256632758193531449076286767166508672993324491916273763210154038496744911941281596811803961132608128653243965198674993494195268359738183434382747809294782826290438045650708512010724131657362131593320068225030252661417997843619623518594787682673846742111336467274785945820289035637722418563915896041921714592550549336835852903936204334054665443836261112856908838845658698344077366330712676113769461223727569566712430031619581921942440050314442203623137469838940112936376390784137617543329234554129533611203535592417232556311207387951755075117148403863332275870326488088135279254170171986534811120744996750395907354205885685019832178688130589713003727081828783226858523284502851339885759229111442463818133479077655852457075376393678533805399053445539613932227155737894965877389110831847191616265502978930031222187069490617114098683685001798794052619669730090238309566795535637688618290113621236091652574650386416649115975807970847943185177516893356943998758820080345085171756189172118508502831048969963839050205413863207268669635764398117236138384003371977082735976985086084700147447895882755438311261952877242916714157340063605304760514724563926748819569763052657628281847101430349173365027992894888154853425538672108126625262336013195491545582640758762863180806405208129788593485230410562998599860271169519728097700416461416500803492349950605156097424551713753211464620487187716029682814005086352080356289069616500828004378892460581614337724605684640595274630514321449718524512984624026000623103361239073546280877010715199384772587046842807931274202432033893106687081755239562993063825861904231010786211530027836272086790633703413488810929928191783671243229134502099490249236226630669712933216593501281806509793926818886035046699951615137852194559015563082385733716638048772051839295554540554459159268494548395987400586071406688773759841623567295766496275179029630833273645890707173205328680664551042693272322678897770180235521565659478877498897315837713441202521029522459959896283731683557506290100223247021765420740945238947713265994230263964230091491665080203575569928739407797046670825335042025571807430018869259816526807715540846213594697433483589979040464934341578274399144535464423047696752540945247460506367730748059764212661246554525523621649882591167847456108729819355815296925580806800001804647200721774082725955539935613178407343797588217292523323464508805358670725569825730256864569780760177345663658462324254460712269180507951252778063757567495305761007077343514052563127512339970417601017156354142859341854275003557651897919940697769401557759710837586324502666337295287752396762276392949101402105938001448061260509270386091813787184770214381613588534315544737965474305000706485198068745846103848294592741865921359405946149266771052793796518445551332488343607557313582503447412016087184409685870611116455535994378329260796969522565408819345931379948660901511142401007788638762844246410921993527148112793305755946957936525226610535209808259206950860400185456245488685507423421910922932540978003610066683622353938425940573866102449895995727995416082653502792453894940766600304845142299972608788338454710450035854774019057626949394674118829835069090262135960531442194228801378674341981998160480557613942514351680416285041396403475893807431941001060793455613758552444731421437512950810717912908935519530146814699150741263781314010372657957729292056738425681459205228277280711536488502176734207414324489236573729910337119470472435690201861903422011541705413604341263182073985125684865205382884024946113773400640689730629655388291499374185542757715054447426878590581743921453176456884356943044558520827229275891323675437724856500206512343490803979608015320302648733213780518779338951456990065976468701518571488766343876308483584504871145794616647060584423739053021772258276307101248293762909158680112850877171312185714906420074867665229712695656261893826624124359381199894300669755269006808235904684486469460173749329375924719471948113899464283432635687372870446609679587479977153059782940720750574758156710892387149692522475375898686168842525139154019261210035570859023534919961354644398681471810371052581787217470654043552499927716832540023505283987199766148760897680326252208186260818066086035585166017143350494512585853525362032901408893600288852707014993045128510363199498213741399554150989012941055020774092983944874646757604774383374792221788680434425423935461214996683040188417288742080298327981263020102621572223950896211113154601159403998807743800861433619662326474807387258330412635481481178467246734469580280096646902364276201505332332548114397142626906442211674071986320781274129731249698253943971578927524260996381327957661039428067999933510637195082836592590645699365976667411989728457631312011834985349253433991521608913066587838425176779359747157185741735611586525463835687833320539966843767248396760860376676855404601335706834759916670014877291934671545500989832149307844364838365758774329399817600706789126084813062527182713846604486886705170031108611637271116626031282344214578648111467020716125932730201329717020602401601977480836842067825198167628882945017210161145976948954126671797879137769262780817785247907817098150342430273927565131956692498494170600442683448621700777971839332677219782935568834777596113820978052624620262757253376723698176994278394606636695067193072019512093955232816827524442109677556595738704865732943651683599939958686233050308697141187386403410680526469696128497659163210883512475264653299379326898103210537666691285452099688115862640728940030678593585476794301873169570619997581179213525263875069152877565318604428790040345000297260617098333863017097084473781845058314096542611367240639782734299144326479546741022482616213048407469006137049788600383790651326766172498536817135188287336118627525203498882902528248055721543166548972758054431255844071123907977885789052136651585019868587497701718683135693156209357063631955370981337180605936004319218998692044132390004647200301809573438120604730377990399007416869404654932743579312794661361241190031250036488049721244994020626937347328197872884016119949713096757083001423094546664246182248602465772569502533477204089507660597284795351835569610030058747349050344954861553099713160498675204036835598010581580500008849046219567018535752422417504917486741499567193111235829158026975213682256664100712012456058212728357339265464042203379635212176784242665650068301659101541532763305593495771978376193531390994085137191030708798164902835034778554390522717286636200544481391019016760681061455811098060908606452437299546039115703503067432502282061274404820336708913071620775189021235949036748716788754738867403911886276971775814372171001185020752595663325611207939728749524814562582941152635256145082142319844048448605858479041608166964715655514787885300104137984939060198540106211006334712596719178136063963423021616843211796981391406656678783886334370231451667604899329692954735944279623188366969666372774363335013493738925192487498842755579940952551722348467169562031086499390992555583326873663188385318756660671342352240172731546798197031821324524767271547843309207950905482227949205076722903024749008417679964597248473947361349540335763902635826932347015093029701314225146260696994863034577196255587264110538359333938690847422705938393055482947986596924487884431835525827150393608860514740568859863977780486240878925366206452503477289559944515554532205578549157701406395760251640175383024325623169101229948544773239652607356327248988068918350306187761609324741761263360537840621933112334188963640705004493887684274345025523382609558083675605447066622711655943519678943330326779606635447656297157308749951675568070841198398231699129337452715010367522988990000455646203407750812914832414998892528841248044397720924664622895519221588915151373664881040300409473280750600394845464834596086279755180267835620608822937600601705594574883316908814044351435271971646066913539500739632117914145126841150024006702557802104371979670543769186854379514536042735917349015925397778124949357651675866835695163371475568344439020941099100810587287282029871351982481181879245280973379835909617927147518591611034151323139155372576283668532733763146885567699993287664561461389915440597471650614786765857175210293770268978674701330030001813968632765942180855807011227588289613790319052443318421344149271643338568092261605473088616299420885970675111004403040244962762662977833761320583871803627926271678668342327400173751415331972791202192952542802548029838237471779945087335370355876854183262658452970594585950741721646947430471220762571704389875348074415720026119536491372865162686057251573436678622096212552289503644531093225046816466369557058062548848387523675326075292458121090921948195938892132981748407027569617136859446863085390925954834509358097880599024061398016883554953804846771687770440711525380020376241308061348009063464922742390951286794770316826485025503146269687596228919490911609684903723755854279770266708996024063594537297581696100223578561420913444072679088235266612908505943714745167659491172377830250318051784045060788166050385544849117489822331134550475772674580730187563078653835049160536190204298604143351372647128615004113804291833192215158528756813471088718215879658356447962284551946603643828529324294585449703991542684988648416048139385468159672566001290399707083618119161140182050188869802725368198696107694752102661091014392631780478109463524625067611774849133182142342242382530728816292182780955411553872516742024699017180865633077661999690104930499872257010744333374085160524192582831502797536804746220551070784089607168495905625723099681423821431080053485036241000457030720811106687567796340497492380412649072640672333777145684215899996457445718965059607048990741695249605323217262300148686448530763524465152667636879244538371976240695580738061248103033401414985556423870127064091645512735214527435955838453606553113695370264508881750854485696277492853035913663839934949232448379734019839814366198955565955350757850325247582928096704272447610902593928293310452471549638297464728354268666317389066579763254059795872387262249730824818920695443944687044212784335850644235486881881334372874699682510821554798180203452033148084015948755323758447248465957093998062002363727527016411328272491665071751769050420529992046107452838249718170660688204945818677874188269945244641054469288692023963815728454847558877400633865277145646741802253969405290203010097754404619993146758845114539994152055686733621432589834753408308001160566167213095582547639916547950281750420169369133472858651034329795146132460055134291300368661348171516483587003233225586120793533520228023184325438693258307518629883663703928588240666343894576942407179530368632640278471755558582673735691156095484188145695683279058228513125388172789275150876617874879353966731628718057659326126447801024443212640757907710622154149692356977575273983718522520102746600520189577137736480329005030197571061691548957688128857550263032482995073261160630906565289528824825015083807346882666901387251845964665077691518958041456194665493414089677380114043821882731030567747710452651611384101869647228006647221754800334530881504357206528490146413211875374483391619938223271069370610073014696720272659527790548273299078842786916011778578005630853417723903944956931909507606023699081484912424715454531493654351975670558938866113841590227643649657651170597145445208689414361106431762560203995959294712251257933986437484889540929754319204252554425972882202415805303925802732705136981142935848519816788568925349451703270414541780345452499866608217169480605986437772769330108244587496169287839354875557414510607605036217939542956416354474488568611661167819185640564698866603695621612647972461748801245263385330036815939801983624393429251607888254780506242714318528514888063044688434309011746368052975844000821059597238240492293523009887192664928927130737167475297544768131630187112046592891322048135596114151335075849273507616174216959467037867724580014603642660548045933075801986118787247348180128050062814079470705407815093298096054573480619363965655660349791461365793535971108457235925207769032059496840150362877533928031688992904796491417050993727051370111920237861984314495033624614256139692804856060163268234525434327667739958553297235849280589536759185645826764644367153547019787706465745580297664547424444932607355648675125232794692407835937482916820965214053987907199753667703804557145785849665895188270699852225420979460326485477906007272938225181864060833524334373480403314247557405023024331925531655928359379117844584525058866588985065469450098375880381127344493384036559490017341692234776527239263805929163763794593232321405547028673226106544798415491033222789332520646350959821688983242097221959680000000000000000000000000000000000000000000000000000000000000000000000000000000000000000000000000000000000000000000000000000000000000000000000000000000000000000000000000000000000000000000000000000000000000000000000000000000000000000000000000000000000000000000000000000000000000000000000000000000000000000000000000000000000000000000000000000000000000000000000000000000000000000000000000000000000000000000000000000000000000000000000000000000000000000000000000000000000000000000000000000000000000000000000000000000000000000000000000000000000000000000000000000000000000000000000000000000000000000000000000000000000000000000000000000000000000000000000000000000000000000000000000000000000000000000000000000000000000000000000000000000000000000000000000000000000000000000000000000000000000000000000000000000000000000000000000000000000000000000000000000000000000000000000000000000000000000000000000000000000000000000000000000000000000000000000000000000000000000000000000000000000000000000000000000000000000000000000000000000000000000000000000000000000000000000000000000000000000000000000000000000000000000000000000000000000000000000000000000000000000000000000000000000000000000000000000000000000000000000000000000000000000000000000000000000000000000000000000000000000000000000000000000000000000000000000000000000000000000000000000000000000000000000000000000000000000000000000000000000000000000000000000000000000000000000000000000000000000000000000000000000000000000000000000000000000000000000000000000000000000000000000000000000000000000000000000000000000000000000000000000000000000000000000000000000000000000000000000000000000000000000000000000000000000000000000000000000000000000000000000000000000000000000000000000000000000000000000000000000000000000000000000000000000000000000000000000000000000000000000000000000000000000000000000000000000000000000000000000000000000000000000000000000000000000000000000000000000000000000000000000000000000000000000000000000000000000000000000000000000000000000000000000000000000000000000000000000000000000000000000000000000000000000000000000000000000000000000000000000000000000000000000000000000000000000000000000000000000000000000000000000000000000000000000000000000000000000000000000000000000000000000000000000000000000000000000000000000000000000000000000000000000000000000000000000000000000000000000000000000000000000000000000000000000000000000000000000000000000000000000000000000000000000000000000000000000000000000000000000000000000000000000000000000000000000000000000000000000000000000000000000000000000000000000000000000000000000000000000000000000000000000000000000000000000000000000000000000000000000000000000000000000000000000000000000000000000000000000000000000000000000000000000000000000000000000000000000000000000000000000000000000000000000000000000000000000000000000000000000000000000000000000000000000000000000000000000000000000000000000000000000000000000000000000000000000000000000000000000000000000000000000000000000000000000000000000000000000000000000000000000000000000000000000000000000000000000000000000000000000000000000000000000000000000000000000000000000000000000000000000000000000000000000000000000000000000000000000000000000000000000000000000000000000000000000000000000000000000000000000000000000000000000000000000000000000000000000000000000000000000000000000000000000000000000000000000000000000000000000000000000000000000000000000000000000000000000000000000000000000000000000000000000000000000000000000000000000000000000000000000000000000000000000000000000000000000000000000000000000000000000000000000000000000000000000000000000000000000000000000000000000000000000000000000000000000000000000000000000000000000000000000000000000000000000000000000000000000000000000000000000000000000000000000000000000000000000000000000000000000000000000000000000000000000000000000000000000000000000000000000000000000000000000000000000000000000000000000000000000000000000000000000000000000000000000000000000000000000000000000000000000000000000000000000000000000000000000000000000000000000000000000000000000000000000000000000000000000000000000000000000000000000000000000000000000000000000000000000000000000000000000000000000000000000000000000000000000000000000000000000000000000000000000000000000000000000000000000000000000000000000000000000000000000000000000000000000000000000000000000000000000000000000000000000000000000000000000000000000000000000000000000000000000000000000000000000000000000000000000000000000000000
* UtilsJUnit3Test: tearDown() method
* UtilsJUnit3Test: setUp() method
* UtilsJUnit3Test: test method 3 - testExpectedException()
* UtilsJUnit3Test: tearDown() method
* UtilsJUnit3Test: setUp() method
* UtilsJUnit3Test: test method 1 - testHelloWorld()
* UtilsJUnit3Test: tearDown() method
]]></system-out>
  <system-err><![CDATA[]]></system-err>
</testsuite>
