<?xml version="1.0" encoding="UTF-8" ?>
<testsuite errors="0" failures="0" hostname="DESKTOP-NC1MD3J" name="sample.UtilsJUnit4Test" skipped="1" tests="4" time="0.718" timestamp="2019-11-24T17:12:04">
  <properties>
    <property name="libs.jsp-compiler.javadoc" value="" />
    <property name="netbeans.autoupdate.country" value="US" />
    <property name="javac.test.classpath" value=":build/classes:C:\Program Files\NetBeans 8.2\platform\modules\ext\junit-4.12.jar:${libs.junit.classpath}:C:\Program Files\NetBeans 8.2\platform\modules\ext\hamcrest-core-1.3.jar" />
    <property name="libs.jsf20.maven-pom" value="" />
    <property name="libs.DataBindingME.src" value="C:\Program Files\NetBeans 8.2\mobility\sources\netbeans_databindingme-src.zip" />
    <property name="libs.spring-webmvc4.0.src" value="" />
    <property name="ant.core.lib" value="C:\Program Files\NetBeans 8.2\extide\ant\lib\ant.jar" />
    <property name="javadoc.windowtitle" value="" />
    <property name="libs.jsp-compilation.javadoc" value="" />
    <property name="user.dir" value="C:\Users\BlackAngel\Documents\NetBeansProjects\JUnitSampleSol" />
    <property name="libs.javaee-api-7.0.src" value="" />
    <property name="java.vm.version" value="25.171-b11" />
    <property name="libs.DataBindingME.classpath" value="C:\Program Files\NetBeans 8.2\mobility\modules\ext\netbeans_databindingme.jar" />
    <property name="libs.j2me_common_ant.src" value="" />
    <property name="libs.MySQLDriver.classpath" value="C:\Program Files\NetBeans 8.2\ide\modules\ext\mysql-connector-java-5.1.23-bin.jar" />
    <property name="libs.eclipselinkmodelgen.src" value="" />
    <property name="javadoc.notree" value="false" />
    <property name="netbeans.autoupdate.version" value="1.23" />
    <property name="libs.EclipseLink-GlassFish-v3.classpath" value="C:\Program Files\glassfish-4.1.1\glassfish\modules\org.eclipse.persistence.antlr.jar;C:\Program Files\glassfish-4.1.1\glassfish\modules\org.eclipse.persistence.asm.jar;C:\Program Files\glassfish-4.1.1\glassfish\modules\org.eclipse.persistence.core.jar;C:\Program Files\glassfish-4.1.1\glassfish\modules\org.eclipse.persistence.dbws.jar;C:\Program Files\glassfish-4.1.1\glassfish\modules\org.eclipse.persistence.jpa.jar;C:\Program Files\glassfish-4.1.1\glassfish\modules\org.eclipse.persistence.jpa.jpql.jar;C:\Program Files\glassfish-4.1.1\glassfish\modules\org.eclipse.persistence.jpa.modelgen.processor.jar;C:\Program Files\glassfish-4.1.1\glassfish\modules\org.eclipse.persistence.moxy.jar;C:\Program Files\glassfish-4.1.1\glassfish\modules\org.eclipse.persistence.oracle.jar;C:\Program Files\glassfish-4.1.1\glassfish\modules\javax.persistence.jar" />
    <property name="libs.javaee-web-api-6.0.classpath" value="C:\Program Files\NetBeans 8.2\enterprise\modules\ext\javaee-web-api-6.0.jar" />
    <property name="libs.DataBindingME-PIM.maven-pom" value="" />
    <property name="libs.Java-EE-GlassFish-v3-Prelude.javadoc" value="C:\Program Files\NetBeans 8.2\enterprise\docs\javaee-doc-api.jar" />
    <property name="javac.profile.cmd.line.arg" value="" />
    <property name="jdk.home" value="C:\Program Files\Java\jdk1.8.0_171" />
    <property name="libs.javac-api.src" value="" />
    <property name="javadoc.noindex" value="false" />
    <property name="libs.jpa2-persistence.classpath" value="C:\Program Files\NetBeans 8.2\java\modules\ext\hibernate4\hibernate-jpa-2.1-api-1.0.0.Final.jar" />
    <property name="sun.os.patch.level" value="" />
    <property name="libs.Java-EE-GlassFish-v3-Prelude.src" value="" />
    <property name="java.vm.specification.name" value="Java Virtual Machine Specification" />
    <property name="nb.show.statistics.ui" value="usageStatisticsEnabled" />
    <property name="netbeans.autoupdate.variant" value="" />
    <property name="have.tests" value="true" />
    <property name="org.xml.sax.driver" value="com.sun.org.apache.xerces.internal.jaxp.SAXParserImpl$JAXPSAXParser" />
    <property name="libs.hamcrest.classpath" value="C:\Program Files\NetBeans 8.2\platform\modules\ext\hamcrest-core-1.3.jar" />
    <property name="libs.javac-api.javadoc" value="" />
    <property name="os.name" value="Windows 10" />
    <property name="libs.beans-binding.classpath" value="C:\Program Files\NetBeans 8.2\java\modules\ext\beansbinding-1.2.1.jar" />
    <property name="libs.javaee-endorsed-api-7.0.maven-pom" value="" />
    <property name="ap.proc.none.internal" value="" />
    <property name="libs.DataBindingME-SVG.javadoc" value="C:\Program Files\NetBeans 8.2\mobility\modules\docs\netbeans_databindingme_svg-api.zip" />
    <property name="libs.restapi.javadoc" value="" />
    <property name="libs.JWSAntTasks.maven-pom" value="" />
    <property name="libs.jstl.classpath" value="C:\Program Files\NetBeans 8.2\enterprise\modules\ext\jstl-impl.jar;C:\Program Files\NetBeans 8.2\enterprise\modules\ext\jstl-api.jar" />
    <property name="libs.testng.src" value="" />
    <property name="libs.spring-webmvc3.0.src" value="" />
    <property name="libs.restapi.classpath" value="C:\Program Files\NetBeans 8.2\enterprise\modules\ext\jaxrs-2.0\javax.ws.rs-api-2.0.jar" />
    <property name="java.vendor.url.bug" value="http://bugreport.sun.com/bugreport/" />
    <property name="libs.jaxb.maven-pom" value="" />
    <property name="os.arch" value="amd64" />
    <property name="libs.eclipselink.src" value="" />
    <property name="user.name" value="BlackAngel" />
    <property name="libs.jsf12.javadoc" value="C:\Program Files\NetBeans 8.2\enterprise\docs\javaee-doc-api.jar" />
    <property name="libs.Comet-GlassFish-v3.javadoc" value="" />
    <property name="copylibs.rebase" value="true" />
    <property name="libs.j2me_common_ant.maven-pom" value="" />
    <property name="ant.file.JUnitSampleSol" value="C:\Users\BlackAngel\Documents\NetBeansProjects\JUnitSampleSol\build.xml" />
    <property name="libs.spring-webmvc3.0.maven-pom" value="" />
    <property name="libs.swing-layout.maven-pom" value="" />
    <property name="sun.java.command" value="org.apache.tools.ant.taskdefs.optional.junit.JUnitTestRunner sample.UtilsJUnit4Test skipNonTests=false filtertrace=true haltOnError=false haltOnFailure=false showoutput=true outputtoformatters=true logfailedtests=true threadid=0 logtestlistenerevents=true formatter=org.apache.tools.ant.taskdefs.optional.junit.BriefJUnitResultFormatter formatter=org.apache.tools.ant.taskdefs.optional.junit.XMLJUnitResultFormatter,C:\Users\BlackAngel\Documents\NetBeansProjects\JUnitSampleSol\build\test\results\TEST-sample.UtilsJUnit4Test.xml crashfile=C:\Users\BlackAngel\Documents\NetBeansProjects\JUnitSampleSol\build\junitvmwatcher6822911743654789134.properties propsfile=C:\Users\BlackAngel\Documents\NetBeansProjects\JUnitSampleSol\build\junit6863856749115536190.properties" />
    <property name="build.classes.dir" value="build/classes" />
    <property name="netbeans.accept_license_class" value="org.netbeans.license.AcceptLicense" />
    <property name="build.sysclasspath" value="ignore" />
    <property name="manifest.encoding" value="UTF-8" />
    <property name="ap.supported.internal" value="true" />
    <property name="java.failonerror" value="true" />
    <property name="libs.javaee-endorsed-api-7.0.javadoc" value="C:\Program Files\NetBeans 8.2\enterprise\docs\javaee-doc-api.jar" />
    <property name="libs.jaxws21.javadoc" value="C:\Program Files\NetBeans 8.2\java\docs\jaxws-api-doc.zip" />
    <property name="libs.spring-webmvc4.0.javadoc" value="" />
    <property name="includes" value="sample/**/*Test.java" />
    <property name="user.country" value="US" />
    <property name="javadoc.encoding" value="UTF-8" />
    <property name="javac.classpath" value="" />
    <property name="libs.jsp-compilation-syscp.src" value="" />
    <property name="libs.JAVADB_DRIVER_LABEL.src" value="" />
    <property name="libs.spring-framework400.classpath" value="C:\Program Files\NetBeans 8.2\ide\modules\org-apache-commons-logging.jar;C:\Program Files\NetBeans 8.2\java\modules\ext\cglib-2.2.jar;C:\Program Files\NetBeans 8.2\java\modules\ext\spring-4\spring-aop-4.0.1.RELEASE.jar;C:\Program Files\NetBeans 8.2\java\modules\ext\spring-4\spring-aspects-4.0.1.RELEASE.jar;C:\Program Files\NetBeans 8.2\java\modules\ext\spring-4\spring-beans-4.0.1.RELEASE.jar;C:\Program Files\NetBeans 8.2\java\modules\ext\spring-4\spring-build-src-4.0.1.RELEASE.jar;C:\Program Files\NetBeans 8.2\java\modules\ext\spring-4\spring-context-4.0.1.RELEASE.jar;C:\Program Files\NetBeans 8.2\java\modules\ext\spring-4\spring-context-support-4.0.1.RELEASE.jar;C:\Program Files\NetBeans 8.2\java\modules\ext\spring-4\spring-core-4.0.1.RELEASE.jar;C:\Program Files\NetBeans 8.2\java\modules\ext\spring-4\spring-expression-4.0.1.RELEASE.jar;C:\Program Files\NetBeans 8.2\java\modules\ext\spring-4\spring-framework-bom-4.0.1.RELEASE.jar;C:\Program Files\NetBeans 8.2\java\modules\ext\spring-4\spring-instrument-4.0.1.RELEASE.jar;C:\Program Files\NetBeans 8.2\java\modules\ext\spring-4\spring-instrument-tomcat-4.0.1.RELEASE.jar;C:\Program Files\NetBeans 8.2\java\modules\ext\spring-4\spring-jdbc-4.0.1.RELEASE.jar;C:\Program Files\NetBeans 8.2\java\modules\ext\spring-4\spring-jms-4.0.1.RELEASE.jar;C:\Program Files\NetBeans 8.2\java\modules\ext\spring-4\spring-messaging-4.0.1.RELEASE.jar;C:\Program Files\NetBeans 8.2\java\modules\ext\spring-4\spring-orm-4.0.1.RELEASE.jar;C:\Program Files\NetBeans 8.2\java\modules\ext\spring-4\spring-oxm-4.0.1.RELEASE.jar;C:\Program Files\NetBeans 8.2\java\modules\ext\spring-4\spring-test-4.0.1.RELEASE.jar;C:\Program Files\NetBeans 8.2\java\modules\ext\spring-4\spring-tx-4.0.1.RELEASE.jar;C:\Program Files\NetBeans 8.2\java\modules\ext\spring-4\spring-web-4.0.1.RELEASE.jar;C:\Program Files\NetBeans 8.2\java\modules\ext\spring-4\spring-webmvc-4.0.1.RELEASE.jar;C:\Program Files\NetBeans 8.2\java\modules\ext\spring-4\spring-webmvc-portlet-4.0.1.RELEASE.jar;C:\Program Files\NetBeans 8.2\java\modules\ext\spring-4\spring-websocket-4.0.1.RELEASE.jar" />
    <property name="debug-transport" value="dt_shmem" />
    <property name="netbeans.home" value="C:\Program Files\NetBeans 8.2\platform" />
    <property name="build.compiler.emacs" value="true" />
    <property name="libs.javaee-web-api-6.0.src" value="" />
    <property name="libs.jsp-compilation-syscp.classpath" value="C:\Program Files\NetBeans 8.2\extide\ant\lib\ant.jar;C:\Program Files\NetBeans 8.2\enterprise\modules\ext\servlet3.1-jsp2.3-api.jar;C:\Program Files\NetBeans 8.2\enterprise\modules\ext\glassfish-jspparser-4.0.jar;C:\Program Files\NetBeans 8.2\enterprise\modules\ext\jstl-impl.jar;C:\Program Files\NetBeans 8.2\enterprise\modules\ext\jsf-2_2\javax.faces.jar" />
    <property name="java.endorsed.dirs" value="C:\Program Files\Java\jdk1.8.0_171\jre\lib\endorsed" />
    <property name="libs.Comet-GlassFish-v3.maven-pom" value="" />
    <property name="libs.groovy-all.src" value="" />
    <property name="netbeans.dynamic.classpath" value="C:\Program Files\NetBeans 8.2\platform\core\asm-all-5.0.1.jar;C:\Program Files\NetBeans 8.2\platform\core\core-base.jar;C:\Program Files\NetBeans 8.2\platform\core\core.jar;C:\Program Files\NetBeans 8.2\platform\core\org-netbeans-libs-asm.jar;C:\Program Files\NetBeans 8.2\platform\core\org-openide-filesystems-compat8.jar;C:\Program Files\NetBeans 8.2\platform\core\org-openide-filesystems.jar;C:\Program Files\NetBeans 8.2\platform\core\locale\core-base_ja.jar;C:\Program Files\NetBeans 8.2\platform\core\locale\core-base_pt_BR.jar;C:\Program Files\NetBeans 8.2\platform\core\locale\core-base_ru.jar;C:\Program Files\NetBeans 8.2\platform\core\locale\core-base_zh_CN.jar;C:\Program Files\NetBeans 8.2\platform\core\locale\core_ja.jar;C:\Program Files\NetBeans 8.2\platform\core\locale\core_pt_BR.jar;C:\Program Files\NetBeans 8.2\platform\core\locale\core_ru.jar;C:\Program Files\NetBeans 8.2\platform\core\locale\core_zh_CN.jar;C:\Program Files\NetBeans 8.2\platform\core\locale\org-netbeans-libs-asm_ja.jar;C:\Program Files\NetBeans 8.2\platform\core\locale\org-netbeans-libs-asm_pt_BR.jar;C:\Program Files\NetBeans 8.2\platform\core\locale\org-netbeans-libs-asm_ru.jar;C:\Program Files\NetBeans 8.2\platform\core\locale\org-netbeans-libs-asm_zh_CN.jar;C:\Program Files\NetBeans 8.2\platform\core\locale\org-openide-filesystems-compat8_ja.jar;C:\Program Files\NetBeans 8.2\platform\core\locale\org-openide-filesystems-compat8_pt_BR.jar;C:\Program Files\NetBeans 8.2\platform\core\locale\org-openide-filesystems-compat8_ru.jar;C:\Program Files\NetBeans 8.2\platform\core\locale\org-openide-filesystems-compat8_zh_CN.jar;C:\Program Files\NetBeans 8.2\platform\core\locale\org-openide-filesystems_ja.jar;C:\Program Files\NetBeans 8.2\platform\core\locale\org-openide-filesystems_pt_BR.jar;C:\Program Files\NetBeans 8.2\platform\core\locale\org-openide-filesystems_ru.jar;C:\Program Files\NetBeans 8.2\platform\core\locale\org-openide-filesystems_zh_CN.jar;C:\Program Files\NetBeans 8.2\nb\core\org-netbeans-upgrader.jar;C:\Program Files\NetBeans 8.2\nb\core\locale\core_nb.jar;C:\Program Files\NetBeans 8.2\nb\core\locale\core_nb_ja.jar;C:\Program Files\NetBeans 8.2\nb\core\locale\core_nb_pt_BR.jar;C:\Program Files\NetBeans 8.2\nb\core\locale\core_nb_ru.jar;C:\Program Files\NetBeans 8.2\nb\core\locale\core_nb_zh_CN.jar;C:\Program Files\NetBeans 8.2\nb\core\locale\org-netbeans-upgrader_ja.jar;C:\Program Files\NetBeans 8.2\nb\core\locale\org-netbeans-upgrader_pt_BR.jar;C:\Program Files\NetBeans 8.2\nb\core\locale\org-netbeans-upgrader_ru.jar;C:\Program Files\NetBeans 8.2\nb\core\locale\org-netbeans-upgrader_zh_CN.jar" />
    <property name="java.vm.specification.version" value="1.8" />
    <property name="libs.hibernate4-support.src" value="" />
    <property name="ant.file.JUnitSampleSol-impl" value="C:\Users\BlackAngel\Documents\NetBeansProjects\JUnitSampleSol\nbproject\build-impl.xml" />
    <property name="libs.primefaces.classpath" value="C:\Program Files\NetBeans 8.2\enterprise\modules\ext\primefaces\primefaces-5.0.jar" />
    <property name="libs.javaee-api-6.0.classpath" value="C:\Program Files\NetBeans 8.2\enterprise\modules\ext\javaee-api-6.0.jar" />
    <property name="libs.groovy-all.maven-pom" value="" />
    <property name="netbeans.productversion" value="NetBeans IDE 8.2 (Build 201609300101)" />
    <property name="libs.jaxws21.src" value="" />
    <property name="do.archive" value="true" />
    <property name="netbeans.autoupdate.language" value="en" />
    <property name="java.vendor" value="Oracle Corporation" />
    <property name="libs.javaee-api-6.0.javadoc" value="C:\Program Files\NetBeans 8.2\enterprise\docs\javaee-doc-api.jar" />
    <property name="jar.index.metainf" value="false" />
    <property name="javac.debug" value="true" />
    <property name="javadoc.splitindex" value="true" />
    <property name="file.separator" value="\" />
    <property name="libs.Java-EE-GlassFish-v3-Prelude.maven-pom" value="" />
    <property name="libs.junit_4.maven-pom" value="" />
    <property name="javac.test.processorpath" value=":build/classes:C:\Program Files\NetBeans 8.2\platform\modules\ext\junit-4.12.jar:${libs.junit.classpath}:C:\Program Files\NetBeans 8.2\platform\modules\ext\hamcrest-core-1.3.jar" />
    <property name="netbeans.buildnumber" value="201609300101" />
    <property name="libs.JWSAntTasks.javadoc" value="" />
    <property name="build.generated.sources.dir" value="build/generated-sources" />
    <property name="user.variant" value="" />
    <property name="libs.eclipselinkmodelgen.classpath" value="C:\Program Files\NetBeans 8.2\java\modules\ext\eclipselink\org.eclipse.persistence.jpa.modelgen_2.5.2.v20140319-9ad6abd.jar" />
    <property name="libs.javaee-endorsed-api-7.0.src" value="" />
    <property name="sun.java.launcher" value="SUN_STANDARD" />
    <property name="libs.hibernate4-persistencemodelgen.javadoc" value="" />
    <property name="libs.jaxb.javadoc" value="C:\Program Files\NetBeans 8.2\ide\docs\jaxb-api-doc.zip" />
    <property name="libs.struts.classpath" value="C:\Program Files\NetBeans 8.2\enterprise\modules\ext\struts\antlr-2.7.2.jar;C:\Program Files\NetBeans 8.2\enterprise\modules\ext\struts\bsf-2.3.0.jar;C:\Program Files\NetBeans 8.2\enterprise\modules\ext\struts\commons-beanutils-1.8.0.jar;C:\Program Files\NetBeans 8.2\enterprise\modules\ext\struts\commons-chain-1.2.jar;C:\Program Files\NetBeans 8.2\enterprise\modules\ext\struts\commons-digester-1.8.jar;C:\Program Files\NetBeans 8.2\enterprise\modules\ext\struts\commons-fileupload-1.1.1.jar;C:\Program Files\NetBeans 8.2\enterprise\modules\ext\struts\commons-io-1.1.jar;C:\Program Files\NetBeans 8.2\enterprise\modules\ext\struts\commons-logging-1.0.4.jar;C:\Program Files\NetBeans 8.2\enterprise\modules\ext\struts\commons-validator-1.3.1.jar;C:\Program Files\NetBeans 8.2\enterprise\modules\ext\struts\jstl-1.0.2.jar;C:\Program Files\NetBeans 8.2\enterprise\modules\ext\struts\oro-2.0.8.jar;C:\Program Files\NetBeans 8.2\enterprise\modules\ext\struts\standard-1.0.6.jar;C:\Program Files\NetBeans 8.2\enterprise\modules\ext\struts\struts-core-1.3.10.jar;C:\Program Files\NetBeans 8.2\enterprise\modules\ext\struts\struts-el-1.3.10.jar;C:\Program Files\NetBeans 8.2\enterprise\modules\ext\struts\struts-extras-1.3.10.jar;C:\Program Files\NetBeans 8.2\enterprise\modules\ext\struts\struts-faces-1.3.10.jar;C:\Program Files\NetBeans 8.2\enterprise\modules\ext\struts\struts-mailreader-dao-1.3.10.jar;C:\Program Files\NetBeans 8.2\enterprise\modules\ext\struts\struts-scripting-1.3.10.jar;C:\Program Files\NetBeans 8.2\enterprise\modules\ext\struts\struts-taglib-1.3.10.jar;C:\Program Files\NetBeans 8.2\enterprise\modules\ext\struts\struts-tiles-1.3.10.jar" />
    <property name="ant.home" value="C:\Program Files\NetBeans 8.2\extide\ant" />
    <property name="libs.junit_4.src" value="C:\Program Files\NetBeans 8.2\platform\docs\junit-4.12-sources.jar" />
    <property name="libs.testng.classpath" value="C:\Program Files\NetBeans 8.2\platform\modules\ext\testng-6.8.1-dist.jar" />
    <property name="libs.absolutelayout.maven-pom" value="" />
    <property name="ant.java.version" value="1.8" />
    <property name="java.library.path" value="C:\Program Files\Java\jdk1.8.0_171\jre\bin;C:\WINDOWS\Sun\Java\bin;C:\WINDOWS\system32;C:\WINDOWS;C:\Program Files (x86)\Common Files\Oracle\Java\javapath;C:\Program Files (x86)\Intel\Intel(R) Management Engine Components\iCLS\;C:\Program Files\Intel\Intel(R) Management Engine Components\iCLS\;C:\Windows\system32;C:\Windows;C:\Windows\System32\Wbem;C:\Windows\System32\WindowsPowerShell\v1.0\;C:\Windows\System32\OpenSSH\;C:\Program Files (x86)\NVIDIA Corporation\PhysX\Common;C:\Program Files (x86)\Intel\Intel(R) Management Engine Components\DAL;C:\Program Files\Intel\Intel(R) Management Engine Components\DAL;C:\Program Files (x86)\Intel\Intel(R) Management Engine Components\IPT;C:\Program Files\Intel\Intel(R) Management Engine Components\IPT;C:\Program Files\Intel\WiFi\bin\;C:\Program Files\Common Files\Intel\WirelessCommon\;C:\Program Files\NVIDIA Corporation\NVIDIA NvDLISR;C:\instantclient-basic-windows.x64-18.3.0.0.0dbru\instantclient_18_3;C:\instantclient-basic-nt-1\instantclient_12_2;C:\wamp64\bin\php\php5.6.40;C:\ProgramData\ComposerSetup\bin;C:\WINDOWS\system32;C:\WINDOWS;C:\WINDOWS\System32\Wbem;C:\WINDOWS\System32\WindowsPowerShell\v1.0\;C:\WINDOWS\System32\OpenSSH\;C:\Program Files\nodejs\;C:\Program Files\MongoDB\Server\4.2\bin;C:\Program Files\Git\cmd;C:\Users\BlackAngel\AppData\Local\Microsoft\WindowsApps;C:\Program Files\Intel\WiFi\bin\;C:\Program Files\Common Files\Intel\WirelessCommon\;C:\instantclient-basic-nt-1\instantclient_12_2;C:\instantclient-basic-windows.x64-18.3.0.0.0dbru\instantclient_18_3;C:\Users\BlackAngel\AppData\Roaming\Composer\vendor\bin;C:\Program Files\JetBrains\WebStorm 2019.1.3\bin;;C:\Users\BlackAngel\AppData\Roaming\npm;C:\Program Files\MongoDB\Server\4.2\bin;;C:\Users\BlackAngel\AppData\Local\Programs\Microsoft VS Code\bin;." />
    <property name="javadoc.author" value="false" />
    <property name="libs.metro.maven-pom" value="" />
    <property name="libs.EclipseLink-GlassFish-v3.src" value="" />
    <property name="java.util.logging.config.class" value="org.netbeans.core.startup.TopLogging" />
    <property name="libs.spring-framework400.src" value="" />
    <property name="libs.PostgreSQLDriver.src" value="" />
    <property name="sun.arch.data.model" value="64" />
    <property name="basedir" value="C:\Users\BlackAngel\Documents\NetBeansProjects\JUnitSampleSol" />
    <property name="libs.jpa20-persistence.maven-pom" value="" />
    <property name="jar.compress" value="false" />
    <property name="libs.javaee-web-api-7.0.classpath" value="C:\Program Files\NetBeans 8.2\enterprise\modules\ext\javaee-web-api-7.0.jar" />
    <property name="path.separator" value=";" />
    <property name="libs.javaee-web-api-6.0.javadoc" value="C:\Program Files\NetBeans 8.2\enterprise\docs\javaee-doc-api.jar" />
    <property name="ant.junit.enabletestlistenerevents" value="true" />
    <property name="sun.io.unicode.encoding" value="UnicodeLittle" />
    <property name="libs.jaxws21.classpath" value="C:\Program Files\NetBeans 8.2\ide\modules\ext\jaxb\jaxb-impl.jar;C:\Program Files\NetBeans 8.2\ide\modules\ext\jaxb\jaxb-xjc.jar;C:\Program Files\NetBeans 8.2\java\modules\ext\jaxws22\FastInfoset.jar;C:\Program Files\NetBeans 8.2\java\modules\ext\jaxws22\gmbal-api-only.jar;C:\Program Files\NetBeans 8.2\java\modules\ext\jaxws22\ha-api.jar;C:\Program Files\NetBeans 8.2\java\modules\ext\jaxws22\javax.mail_1.4.jar;C:\Program Files\NetBeans 8.2\java\modules\ext\jaxws22\jaxws-rt.jar;C:\Program Files\NetBeans 8.2\java\modules\ext\jaxws22\jaxws-tools.jar;C:\Program Files\NetBeans 8.2\java\modules\ext\jaxws22\management-api.jar;C:\Program Files\NetBeans 8.2\java\modules\ext\jaxws22\mimepull.jar;C:\Program Files\NetBeans 8.2\java\modules\ext\jaxws22\policy.jar;C:\Program Files\NetBeans 8.2\java\modules\ext\jaxws22\saaj-impl.jar;C:\Program Files\NetBeans 8.2\java\modules\ext\jaxws22\stax-ex.jar;C:\Program Files\NetBeans 8.2\java\modules\ext\jaxws22\stax2-api.jar;C:\Program Files\NetBeans 8.2\java\modules\ext\jaxws22\streambuffer.jar;C:\Program Files\NetBeans 8.2\java\modules\ext\jaxws22\woodstox-core-asl.jar;C:\Program Files\NetBeans 8.2\java\modules\ext\jaxws22\api\jaxws-api.jar;C:\Program Files\NetBeans 8.2\java\modules\ext\jaxws22\api\jsr181-api.jar;C:\Program Files\NetBeans 8.2\java\modules\ext\jaxws22\api\javax.annotation.jar;C:\Program Files\NetBeans 8.2\java\modules\ext\jaxws22\api\saaj-api.jar;C:\Program Files\NetBeans 8.2\ide\modules\ext\jaxb\activation.jar;C:\Program Files\NetBeans 8.2\ide\modules\ext\jaxb\api\jaxb-api.jar;C:\Program Files\NetBeans 8.2\ide\modules\ext\jaxb\api\jsr173_1.0_api.jar" />
    <property name="libs.struts.src" value="" />
    <property name="apple.awt.graphics.UseQuartz" value="true" />
    <property name="user.language" value="en" />
    <property name="testng.mode" value="testng" />
    <property name="libs.JAXB-ENDORSED.maven-pom" value="" />
    <property name="libs.eclipselink.maven-pom" value="" />
    <property name="test.binaryincludes" value="&lt;nothing&gt;" />
    <property name="libs.primefaces.javadoc" value="" />
    <property name="libs.spring-framework300.maven-pom" value="" />
    <property name="run.test.classpath" value=":build/classes:C:\Program Files\NetBeans 8.2\platform\modules\ext\junit-4.12.jar:${libs.junit.classpath}:C:\Program Files\NetBeans 8.2\platform\modules\ext\hamcrest-core-1.3.jar:build/test/classes" />
    <property name="ant.project.invoked-targets" value="test" />
    <property name="test.binaryexcludes" value="" />
    <property name="libs.swing-layout.javadoc" value="C:\Program Files\NetBeans 8.2\platform\docs\swing-layout-1.0.4-doc.zip" />
    <property name="sun.java2d.dpiaware" value="true" />
    <property name="libs.hibernate4-persistence.maven-pom" value="" />
    <property name="libs.DataBindingME-SVG.classpath" value="C:\Program Files\NetBeans 8.2\mobility\modules\ext\netbeans_databindingme_svg.jar" />
    <property name="https.nonProxyHosts" value="localhost|127.0.0.1|DESKTOP-NC1MD3J" />
    <property name="libs.PostgreSQLDriver.maven-pom" value="" />
    <property name="java.class.version" value="52.0" />
    <property name="libs.JAVADB_DRIVER_LABEL.classpath" value="C:\Program Files\Java\jdk1.8.0_171\db\lib\derby.jar;C:\Program Files\Java\jdk1.8.0_171\db\lib\derbyclient.jar;C:\Program Files\Java\jdk1.8.0_171\db\lib\derbynet.jar" />
    <property name="libs.hibernate4-persistencemodelgen.maven-pom" value="" />
    <property name="libs.javaee-endorsed-api-6.0.src" value="" />
    <property name="libs.eclipselink.javadoc" value="C:\Program Files\NetBeans 8.2\java\modules\ext\docs\javax.persistence-2.1.0-doc.zip" />
    <property name="libs.jsp-compilation.maven-pom" value="" />
    <property name="user.properties.file" value="C:\Users\BlackAngel\AppData\Roaming\NetBeans\8.2\build.properties" />
    <property name="runtime.encoding" value="UTF-8" />
    <property name="libs.javac-api.maven-pom" value="" />
    <property name="file.encoding.pkg" value="sun.io" />
    <property name="sun.cpu.endian" value="little" />
    <property name="libs.JAXB-ENDORSED.javadoc" value="" />
    <property name="libs.JWSAntTasks.classpath" value="C:\Program Files\NetBeans 8.2\java\ant\extra\org-netbeans-modules-javawebstart-anttasks.jar" />
    <property name="libs.spring-webmvc4.0.maven-pom" value="" />
    <property name="libs.spring-framework300.src" value="" />
    <property name="libs.jstl.src" value="" />
    <property name="empty.dir" value="C:\Users\BlackAngel\Documents\NetBeansProjects\JUnitSampleSol\build\empty" />
    <property name="version-output" value="java version &quot;1.8" />
    <property name="test.binarytestincludes" value="" />
    <property name="libs.hibernate4-persistencemodelgen.src" value="" />
    <property name="javadoc.preview" value="true" />
    <property name="libs.jpa20-persistence.javadoc" value="C:\Program Files\NetBeans 8.2\java\modules\ext\docs\javax.persistence-2.1.0-doc.zip" />
    <property name="java.home" value="C:\Program Files\Java\jdk1.8.0_171\jre" />
    <property name="libs.jsp-compilation.src" value="" />
    <property name="debug.test.classpath" value=":build/classes:C:\Program Files\NetBeans 8.2\platform\modules\ext\junit-4.12.jar:${libs.junit.classpath}:C:\Program Files\NetBeans 8.2\platform\modules\ext\hamcrest-core-1.3.jar:build/test/classes" />
    <property name="libs.javaee-endorsed-api-6.0.classpath" value="C:\Program Files\NetBeans 8.2\enterprise\modules\ext\javaee6-endorsed\javax.annotation.jar;C:\Program Files\NetBeans 8.2\enterprise\modules\ext\javaee6-endorsed\jaxb-api-osgi.jar;C:\Program Files\NetBeans 8.2\enterprise\modules\ext\javaee6-endorsed\webservices-api-osgi.jar" />
    <property name="libs.javaee-api-6.0.src" value="" />
    <property name="netbeans.importclass" value="org.netbeans.upgrade.AutoUpgrade" />
    <property name="ant.project.default-target" value="default" />
    <property name="annotation.processing.run.all.processors" value="true" />
    <property name="libs.DataBindingME.maven-pom" value="" />
    <property name="libs.PostgreSQLDriver.javadoc" value="" />
    <property name="libs.restlib.classpath" value="C:\Program Files\NetBeans 8.2\enterprise\modules\ext\jersey2\ext\asm-all-repackaged-2.2.0-b21.jar;C:\Program Files\NetBeans 8.2\enterprise\modules\ext\jersey2\ext\cglib-2.2.0-b21.jar;C:\Program Files\NetBeans 8.2\enterprise\modules\ext\jersey2\ext\guava-14.0.1.jar;C:\Program Files\NetBeans 8.2\enterprise\modules\ext\jersey2\ext\hk2-api-2.2.0-b21.jar;C:\Program Files\NetBeans 8.2\enterprise\modules\ext\jersey2\ext\hk2-locator-2.2.0-b21.jar;C:\Program Files\NetBeans 8.2\enterprise\modules\ext\jersey2\ext\hk2-utils-2.2.0-b21.jar;C:\Program Files\NetBeans 8.2\enterprise\modules\ext\jersey2\ext\javax.annotation-api-1.2.jar;C:\Program Files\NetBeans 8.2\enterprise\modules\ext\jersey2\ext\javax.inject-2.2.0-b21.jar;C:\Program Files\NetBeans 8.2\enterprise\modules\ext\jersey2\ext\javax.servlet-api-3.0.1.jar;C:\Program Files\NetBeans 8.2\enterprise\modules\ext\jersey2\ext\jaxb-api-2.2.7.jar;C:\Program Files\NetBeans 8.2\enterprise\modules\ext\jersey2\ext\jersey-entity-filtering-2.5.1.jar;C:\Program Files\NetBeans 8.2\enterprise\modules\ext\jersey2\ext\jersey-media-moxy-2.5.1.jar;C:\Program Files\NetBeans 8.2\enterprise\modules\ext\jersey2\ext\org.osgi.core-4.2.0.jar;C:\Program Files\NetBeans 8.2\enterprise\modules\ext\jersey2\ext\osgi-resource-locator-1.0.1.jar;C:\Program Files\NetBeans 8.2\enterprise\modules\ext\jersey2\ext\persistence-api-1.0.jar;C:\Program Files\NetBeans 8.2\enterprise\modules\ext\jersey2\ext\validation-api-1.1.0.Final.jar;C:\Program Files\NetBeans 8.2\enterprise\modules\ext\jersey2\jersey-client.jar;C:\Program Files\NetBeans 8.2\enterprise\modules\ext\jersey2\jersey-common.jar;C:\Program Files\NetBeans 8.2\enterprise\modules\ext\jersey2\jersey-container-servlet.jar;C:\Program Files\NetBeans 8.2\enterprise\modules\ext\jersey2\jersey-container-servlet-core.jar;C:\Program Files\NetBeans 8.2\enterprise\modules\ext\jersey2\jersey-server.jar;C:\Program Files\NetBeans 8.2\java\modules\ext\eclipselink\eclipselink.jar" />
    <property name="libs.MySQLDriver.maven-pom" value="" />
    <property name="libs.hibernate4-persistence.javadoc" value="C:\Program Files\NetBeans 8.2\java\modules\ext\docs\javax.persistence-2.1.0-doc.zip" />
    <property name="http.nonProxyHosts" value="localhost|127.0.0.1|DESKTOP-NC1MD3J" />
    <property name="libs.junit_4.javadoc" value="C:\Program Files\NetBeans 8.2\platform\docs\junit-4.12-javadoc.jar" />
    <property name="libs.EclipseLink-GlassFish-v3.maven-pom" value="" />
    <property name="libs.javaee-web-api-6.0.maven-pom" value="" />
    <property name="run.classpath" value=":build/classes" />
    <property name="jna.boot.library.name" value="jnidispatch-422" />
    <property name="libs.javaee-endorsed-api-6.0.javadoc" value="C:\Program Files\NetBeans 8.2\enterprise\docs\javaee-doc-api.jar" />
    <property name="libs.javaee-api-7.0.classpath" value="C:\Program Files\NetBeans 8.2\enterprise\modules\ext\javaee-api-7.0.jar" />
    <property name="sun.awt.datatransfer.timeout" value="1000" />
    <property name="libs.spring-webmvc3.0.javadoc" value="" />
    <property name="libs.jpa2-persistence.maven-pom" value="" />
    <property name="libs.hibernate4-support.classpath" value="C:\Program Files\NetBeans 8.2\java\modules\ext\hibernate4\antlr-2.7.7.jar;C:\Program Files\NetBeans 8.2\java\modules\ext\hibernate4\c3p0-0.9.2.1.jar;C:\Program Files\NetBeans 8.2\java\modules\ext\hibernate4\hibernate-c3p0-4.3.1.Final.jar;C:\Program Files\NetBeans 8.2\java\modules\ext\hibernate4\mchange-commons-java-0.2.3.4.jar;C:\Program Files\NetBeans 8.2\java\modules\ext\hibernate4\dom4j-1.6.1.jar;C:\Program Files\NetBeans 8.2\java\modules\ext\hibernate4\ehcache-core-2.4.3.jar;C:\Program Files\NetBeans 8.2\java\modules\ext\hibernate4\hibernate-ehcache-4.3.1.Final.jar;C:\Program Files\NetBeans 8.2\java\modules\ext\hibernate4\hibernate-core-4.3.1.Final.jar;C:\Program Files\NetBeans 8.2\java\modules\ext\hibernate4\jboss-logging-3.1.3.GA.jar;C:\Program Files\NetBeans 8.2\java\modules\ext\hibernate4\hibernate-commons-annotations-4.0.4.Final.jar;C:\Program Files\NetBeans 8.2\java\modules\ext\hibernate4\hibernate-entitymanager-4.3.1.Final.jar;C:\Program Files\NetBeans 8.2\java\modules\ext\hibernate4\javassist-3.18.1-GA.jar;C:\Program Files\NetBeans 8.2\java\modules\ext\hibernate4\jboss-transaction-api_1.2_spec-1.0.0.Final.jar;C:\Program Files\NetBeans 8.2\java\modules\ext\hibernate4\slf4j-api-1.6.1.jar;C:\Program Files\NetBeans 8.2\java\modules\ext\hibernate4\slf4j-simple-1.6.1.jar" />
    <property name="nb.native.filechooser" value="false" />
    <property name="libs.restapi.src" value="" />
    <property name="sun.management.compiler" value="HotSpot 64-Bit Tiered Compilers" />
    <property name="libs.j2me_common_ant.javadoc" value="" />
    <property name="javac.deprecation" value="false" />
    <property name="javadoc.use" value="true" />
    <property name="sun.java2d.noddraw" value="true" />
    <property name="libs.jsp-compiler.classpath" value="C:\Program Files\NetBeans 8.2\enterprise\ant\extra\jspcompile.jar" />
    <property name="javac.processorpath" value="" />
    <property name="libs.hamcrest.maven-pom" value="" />
    <property name="javac.compilerargs" value="" />
    <property name="ant.file" value="C:\Users\BlackAngel\Documents\NetBeansProjects\JUnitSampleSol\build.xml" />
    <property name="libs.beans-binding.maven-pom" value="" />
    <property name="libs.hibernate4-support.javadoc" value="C:\Program Files\NetBeans 8.2\java\modules\ext\docs\javax.persistence-2.1.0-doc.zip" />
    <property name="libs.jsf12.classpath" value="C:\Program Files\NetBeans 8.2\enterprise\modules\ext\jsf-1_2\commons-beanutils.jar;C:\Program Files\NetBeans 8.2\enterprise\modules\ext\jsf-1_2\commons-collections.jar;C:\Program Files\NetBeans 8.2\enterprise\modules\ext\jsf-1_2\commons-digester.jar;C:\Program Files\NetBeans 8.2\enterprise\modules\ext\jsf-1_2\commons-logging.jar;C:\Program Files\NetBeans 8.2\enterprise\modules\ext\jsf-1_2\jsf-api.jar;C:\Program Files\NetBeans 8.2\enterprise\modules\ext\jsf-1_2\jsf-impl.jar" />
    <property name="libs.Java-EE-GlassFish-v3-Prelude.classpath" value="C:\Program Files\glassfish-4.1.1\glassfish\modules\endorsed\javax.annotation-api.jar;C:\Program Files\glassfish-4.1.1\glassfish\modules\endorsed\jaxb-api.jar;C:\Program Files\glassfish-4.1.1\glassfish\modules\endorsed\webservices-api-osgi.jar;C:\Program Files\glassfish-4.1.1\glassfish\modules\bean-validator.jar;C:\Program Files\glassfish-4.1.1\glassfish\modules\cdi-api.jar;C:\Program Files\glassfish-4.1.1\glassfish\modules\javax.batch-api.jar;C:\Program Files\glassfish-4.1.1\glassfish\modules\javax.ejb-api.jar;C:\Program Files\glassfish-4.1.1\glassfish\modules\javax.el.jar;C:\Program Files\glassfish-4.1.1\glassfish\modules\javax.enterprise.concurrent-api.jar;C:\Program Files\glassfish-4.1.1\glassfish\modules\javax.enterprise.concurrent.jar;C:\Program Files\glassfish-4.1.1\glassfish\modules\javax.enterprise.deploy-api.jar;C:\Program Files\glassfish-4.1.1\glassfish\modules\javax.faces.jar;C:\Program Files\glassfish-4.1.1\glassfish\modules\javax.inject.jar;C:\Program Files\glassfish-4.1.1\glassfish\modules\javax.interceptor-api.jar;C:\Program Files\glassfish-4.1.1\glassfish\modules\javax.jms-api.jar;C:\Program Files\glassfish-4.1.1\glassfish\modules\javax.json.jar;C:\Program Files\glassfish-4.1.1\glassfish\modules\javax.mail.jar;C:\Program Files\glassfish-4.1.1\glassfish\modules\javax.management.j2ee-api.jar;C:\Program Files\glassfish-4.1.1\glassfish\modules\javax.persistence.jar;C:\Program Files\glassfish-4.1.1\glassfish\modules\javax.resource-api.jar;C:\Program Files\glassfish-4.1.1\glassfish\modules\javax.security.auth.message-api.jar;C:\Program Files\glassfish-4.1.1\glassfish\modules\javax.security.jacc-api.jar;C:\Program Files\glassfish-4.1.1\glassfish\modules\javax.servlet-api.jar;C:\Program Files\glassfish-4.1.1\glassfish\modules\javax.servlet.jsp-api.jar;C:\Program Files\glassfish-4.1.1\glassfish\modules\javax.servlet.jsp.jar;C:\Program Files\glassfish-4.1.1\glassfish\modules\javax.servlet.jsp.jstl-api.jar;C:\Program Files\glassfish-4.1.1\glassfish\modules\javax.servlet.jsp.jstl.jar;C:\Program Files\glassfish-4.1.1\glassfish\modules\javax.transaction-api.jar;C:\Program Files\glassfish-4.1.1\glassfish\modules\javax.websocket-api.jar;C:\Program Files\glassfish-4.1.1\glassfish\modules\javax.ws.rs-api.jar;C:\Program Files\glassfish-4.1.1\glassfish\modules\javax.xml.registry-api.jar;C:\Program Files\glassfish-4.1.1\glassfish\modules\javax.xml.rpc-api.jar;C:\Program Files\glassfish-4.1.1\glassfish\modules\jaxb-osgi.jar;C:\Program Files\glassfish-4.1.1\glassfish\modules\webservices-osgi.jar;C:\Program Files\glassfish-4.1.1\glassfish\modules\weld-osgi-bundle.jar;C:\Program Files\glassfish-4.1.1\mq\lib\jaxm-api.jar" />
    <property name="libs.jstl.maven-pom" value="" />
    <property name="libs.restapi.maven-pom" value="" />
    <property name="libs.beans-binding.src" value="" />
    <property name="ant.file.type.JUnitSampleSol" value="file" />
    <property name="java.vm.specification.vendor" value="Oracle Corporation" />
    <property name="libs.DataBindingME-PIM.javadoc" value="C:\Program Files\NetBeans 8.2\mobility\modules\docs\netbeans_databindingme_pim-api.zip" />
    <property name="libs.swing-layout.src" value="C:\Program Files\NetBeans 8.2\platform\docs\swing-layout-1.0.4-src.zip" />
    <property name="org.openide.major.version" value="IDE/1" />
    <property name="java.vm.name" value="Java HotSpot(TM) 64-Bit Server VM" />
    <property name="netbeans.user" value="C:\Users\BlackAngel\AppData\Roaming\NetBeans\8.2" />
    <property name="javadoc.additionalparam" value="" />
    <property name="java.io.tmpdir" value="C:\Users\BLACKA~1\AppData\Local\Temp\" />
    <property name="java.vendor.url" value="http://java.oracle.com/" />
    <property name="endorsed.classpath.cmd.line.arg" value="" />
    <property name="jna.loaded" value="true" />
    <property name="junit.available" value="true" />
    <property name="libs.jsp-compiler.src" value="" />
    <property name="sun.boot.library.path" value="C:\Program Files\Java\jdk1.8.0_171\jre\bin" />
    <property name="have.sources" value="true" />
    <property name="libs.hamcrest.javadoc" value="" />
    <property name="debug.classpath" value=":build/classes" />
    <property name="javadoc.private" value="false" />
    <property name="test.src.dir" value="test" />
    <property name="libs.jsf20.classpath" value="C:\Program Files\NetBeans 8.2\enterprise\modules\ext\jsf-2_2\javax.faces.jar" />
    <property name="ap.processors.internal" value="" />
    <property name="meta.inf.dir" value="src/META-INF" />
    <property name="javadoc.encoding.used" value="UTF-8" />
    <property name="libs.DataBindingME-SVG.src" value="C:\Program Files\NetBeans 8.2\mobility\sources\netbeans_databindingme_svg-src.zip" />
    <property name="dist.jar" value="dist/JUnitSampleSol.jar" />
    <property name="libs.spring-framework400.maven-pom" value="" />
    <property name="java.runtime.name" value="Java(TM) SE Runtime Environment" />
    <property name="ant.project.name" value="JUnitSampleSol" />
    <property name="netbeans.hash.code" value="unique=NB_CND_EXTIDE_GFMOD_GROOVY_JAVA_JC_MOB_PHP_WEBCOMMON_WEBEE01ce17c33-9bbd-4a0e-8832-62e06e616954_f323fb7c-257e-4a9d-aeba-9802ab6684ae" />
    <property name="netbeans.default_userdir_root" value="C:\Users\BlackAngel\AppData\Roaming\NetBeans" />
    <property name="libs.jsp-compilation-syscp.maven-pom" value="" />
    <property name="junit.selected.version" value="4" />
    <property name="sun.cpu.isalist" value="amd64" />
    <property name="libs.spring-framework400.javadoc" value="" />
    <property name="libs.CopyLibs.javadoc" value="" />
    <property name="org.openide.specification.version" value="6.2" />
    <property name="libs.DataBindingME-PIM.classpath" value="C:\Program Files\NetBeans 8.2\mobility\modules\ext\netbeans_databindingme_pim.jar" />
    <property name="user.home" value="C:\Users\BlackAngel" />
    <property name="annotation.processing.processors.list" value="" />
    <property name="libs.primefaces.maven-pom" value="" />
    <property name="debug-args-line" value="-Xdebug" />
    <property name="libs.javaee-api-6.0.maven-pom" value="" />
    <property name="libs.JWSAntTasks.src" value="" />
    <property name="jar.index" value="false" />
    <property name="libs.CopyLibs.maven-pom" value="" />
    <property name="libs.spring-framework300.javadoc" value="" />
    <property name="libs.absolutelayout.javadoc" value="" />
    <property name="guice.disable.misplaced.annotation.check" value="true" />
    <property name="java.specification.name" value="Java Platform API Specification" />
    <property name="java.specification.vendor" value="Oracle Corporation" />
    <property name="libs.javac-api.classpath" value="C:\Program Files\NetBeans 8.2\java\modules\ext\nb-javac-api.jar" />
    <property name="ant.file.type.JUnitSampleSol-impl" value="file" />
    <property name="java.version" value="1.8.0_171" />
    <property name="run.jvmargs.ide" value="" />
    <property name="javadoc.version" value="false" />
    <property name="libs.MySQLDriver.javadoc" value="" />
    <property name="org.openide.version" value="deprecated" />
    <property name="platform.java" value="C:\Program Files\Java\jdk1.8.0_171\jre/bin/java" />
    <property name="source.encoding" value="UTF-8" />
    <property name="ap.cmd.line.internal" value="" />
    <property name="libs.eclipselinkmodelgen.maven-pom" value="" />
    <property name="libs.jsp-compilation-syscp.javadoc" value="" />
    <property name="libs.eclipselinkmodelgen.javadoc" value="" />
    <property name="libs.javaee-endorsed-api-7.0.classpath" value="C:\Program Files\NetBeans 8.2\enterprise\modules\ext\javaee7-endorsed\javax.annotation-api.jar;C:\Program Files\NetBeans 8.2\enterprise\modules\ext\javaee7-endorsed\javax.xml.soap-api.jar;C:\Program Files\NetBeans 8.2\enterprise\modules\ext\javaee7-endorsed\jaxb-api-osgi.jar;C:\Program Files\NetBeans 8.2\enterprise\modules\ext\javaee7-endorsed\jaxws-api.jar;C:\Program Files\NetBeans 8.2\enterprise\modules\ext\javaee7-endorsed\jsr181-api.jar" />
    <property name="libs.metro.javadoc" value="C:\Program Files\NetBeans 8.2\enterprise\docs\metro-1.4-doc.zip" />
    <property name="libs.struts.maven-pom" value="" />
    <property name="netbeans.home+have.tests" value="true" />
    <property name="annotation.processing.processor.options" value="" />
    <property name="libs.testng.maven-pom" value="" />
    <property name="libs.jaxb.src" value="" />
    <property name="jdk.launcher.addexports.5" value="java.management/sun.management=ALL-UNNAMED" />
    <property name="jdk.launcher.addexports.4" value="java.desktop/com.sun.java.swing.plaf.windows=ALL-UNNAMED" />
    <property name="jdk.launcher.addexports.3" value="java.desktop/sun.awt.im=ALL-UNNAMED" />
    <property name="work.dir" value="C:\Users\BlackAngel\Documents\NetBeansProjects\JUnitSampleSol" />
    <property name="libs.jaxb.classpath" value="C:\Program Files\NetBeans 8.2\ide\modules\ext\jaxb\jaxb-impl.jar;C:\Program Files\NetBeans 8.2\ide\modules\ext\jaxb\jaxb-xjc.jar;C:\Program Files\NetBeans 8.2\ide\modules\ext\jaxb\jaxb1-impl.jar;C:\Program Files\NetBeans 8.2\ide\modules\ext\jaxb\activation.jar;C:\Program Files\NetBeans 8.2\ide\modules\ext\jaxb\api\jaxb-api.jar;C:\Program Files\NetBeans 8.2\ide\modules\ext\jaxb\api\jsr173_1.0_api.jar" />
    <property name="jdk.launcher.addexports.2" value="java.desktop/java.awt.peer=ALL-UNNAMED" />
    <property name="jdk.launcher.addexports.1" value="java.base/jdk.internal.jrtfs=ALL-UNNAMED" />
    <property name="jdk.launcher.addexports.0" value="java.desktop/sun.awt=ALL-UNNAMED" />
    <property name="do.depend" value="false" />
    <property name="dist.javadoc.dir" value="dist/javadoc" />
    <property name="libs.j2me_common_ant.classpath" value="C:\Program Files\NetBeans 8.2\mobility\modules\org-netbeans-modules-j2me-common-ant.jar;C:\Program Files\NetBeans 8.2\java\modules\org-netbeans-modules-classfile.jar" />
    <property name="libs.spring-webmvc3.0.classpath" value="C:\Program Files\NetBeans 8.2\java\modules\ext\spring-3.0\spring-webmvc-3.2.7.RELEASE.jar" />
    <property name="libs.swing-layout.classpath" value="C:\Program Files\NetBeans 8.2\platform\modules\ext\swing-layout-1.0.4.jar" />
    <property name="libs.javaee-web-api-7.0.maven-pom" value="" />
    <property name="libs.restlib.src" value="" />
    <property name="javac.source" value="1.6" />
    <property name="build.generated.dir" value="build/generated" />
    <property name="line.separator" value="&#xd;&#xa;" />
    <property name="java.specification.version" value="1.8" />
    <property name="libs.jaxws21.maven-pom" value="" />
    <property name="java.vm.info" value="mixed mode" />
    <property name="nb.junit.batch" value="true" />
    <property name="junit.forkmode" value="perTest" />
    <property name="sun.boot.class.path" value="C:\Program Files\Java\jdk1.8.0_171\jre\lib\resources.jar;C:\Program Files\Java\jdk1.8.0_171\jre\lib\rt.jar;C:\Program Files\Java\jdk1.8.0_171\jre\lib\sunrsasign.jar;C:\Program Files\Java\jdk1.8.0_171\jre\lib\jsse.jar;C:\Program Files\Java\jdk1.8.0_171\jre\lib\jce.jar;C:\Program Files\Java\jdk1.8.0_171\jre\lib\charsets.jar;C:\Program Files\Java\jdk1.8.0_171\jre\lib\jfr.jar;C:\Program Files\Java\jdk1.8.0_171\jre\classes" />
    <property name="javac.target" value="1.6" />
    <property name="built-jar.properties" value="C:\Users\BlackAngel\Documents\NetBeansProjects\JUnitSampleSol\build\built-jar.properties" />
    <property name="build.test.classes.dir" value="build/test/classes" />
    <property name="src.dir" value="src" />
    <property name="sun.awt.keepWorkingSetOnMinimize" value="true" />
    <property name="libs.jpa2-persistence.src" value="" />
    <property name="annotation.processing.enabled" value="true" />
    <property name="libs.jsf20.src" value="" />
    <property name="libs.jpa20-persistence.src" value="" />
    <property name="libs.DataBindingME-SVG.maven-pom" value="" />
    <property name="libs.jsf12.src" value="" />
    <property name="libs.JAVADB_DRIVER_LABEL.maven-pom" value="" />
    <property name="libs.struts.javadoc" value="C:\Program Files\NetBeans 8.2\enterprise\docs\struts-1.3.10-javadoc.zip" />
    <property name="ignore.failing.tests" value="true" />
    <property name="libs.Comet-GlassFish-v3.classpath" value="" />
    <property name="libs.javaee-web-api-7.0.src" value="" />
    <property name="libs.primefaces.src" value="" />
    <property name="dist.dir" value="dist" />
    <property name="libs.groovy-all.javadoc" value="" />
    <property name="testng.debug.mode" value="" />
    <property name="libs.groovy-all.classpath" value="C:\Program Files\NetBeans 8.2\groovy\modules\ext\groovy-all.jar" />
    <property name="javac.fork" value="false" />
    <property name="java.awt.printerjob" value="sun.awt.windows.WPrinterJob" />
    <property name="default.javac.source" value="1.8" />
    <property name="debug-transport-by-os" value="dt_shmem" />
    <property name="sun.jnu.encoding" value="Cp1252" />
    <property name="libs.MySQLDriver.src" value="" />
    <property name="java.runtime.version" value="1.8.0_171-b11" />
    <property name="build.test.results.dir" value="build/test/results" />
    <property name="default.javac.target" value="1.8" />
    <property name="libs.junit_4.classpath" value="C:\Program Files\NetBeans 8.2\platform\modules\ext\junit-4.12.jar" />
    <property name="user.timezone" value="" />
    <property name="nb.junit.single" value="false" />
    <property name="libs.javaee-endorsed-api-6.0.maven-pom" value="" />
    <property name="libs.JAVADB_DRIVER_LABEL.javadoc" value="" />
    <property name="netbeans.dirs" value="C:\Program Files\NetBeans 8.2\nb;C:\Program Files\NetBeans 8.2\ergonomics;C:\Program Files\NetBeans 8.2\ide;C:\Program Files\NetBeans 8.2\extide;C:\Program Files\NetBeans 8.2\java;C:\Program Files\NetBeans 8.2\apisupport;C:\Program Files\NetBeans 8.2\webcommon;C:\Program Files\NetBeans 8.2\websvccommon;C:\Program Files\NetBeans 8.2\enterprise;C:\Program Files\NetBeans 8.2\mobility;C:\Program Files\NetBeans 8.2\profiler;C:\Program Files\NetBeans 8.2\python;C:\Program Files\NetBeans 8.2\php;C:\Program Files\NetBeans 8.2\identity;C:\Program Files\NetBeans 8.2\harness;C:\Program Files\NetBeans 8.2\cnd;C:\Program Files\NetBeans 8.2\cndext;C:\Program Files\NetBeans 8.2\dlight;C:\Program Files\NetBeans 8.2\groovy;C:\Program Files\NetBeans 8.2\extra;C:\Program Files\NetBeans 8.2\javacard;C:\Program Files\NetBeans 8.2\javafx" />
    <property name="libs.jsf20.javadoc" value="C:\Program Files\NetBeans 8.2\enterprise\docs\javaee-doc-api.jar" />
    <property name="libs.jstl.javadoc" value="C:\Program Files\NetBeans 8.2\enterprise\docs\javaee-doc-api.jar" />
    <property name="java.ext.dirs" value="C:\Program Files\Java\jdk1.8.0_171\jre\lib\ext;C:\WINDOWS\Sun\Java\lib\ext" />
    <property name="libs.metro.src" value="" />
    <property name="libs.absolutelayout.classpath" value="C:\Program Files\NetBeans 8.2\java\modules\ext\AbsoluteLayout.jar" />
    <property name="excludes" value="" />
    <property name="libs.metro.classpath" value="C:\Program Files\NetBeans 8.2\ide\modules\ext\jaxb\activation.jar;C:\Program Files\NetBeans 8.2\enterprise\modules\ext\metro\webservices-api.jar;C:\Program Files\NetBeans 8.2\enterprise\modules\ext\metro\webservices-extra-api.jar;C:\Program Files\NetBeans 8.2\enterprise\modules\ext\metro\webservices-extra.jar;C:\Program Files\NetBeans 8.2\enterprise\modules\ext\metro\webservices-rt.jar;C:\Program Files\NetBeans 8.2\enterprise\modules\ext\metro\webservices-tools.jar" />
    <property name="libs.restlib.maven-pom" value="" />
    <property name="libs.jpa2-persistence.javadoc" value="C:\Program Files\NetBeans 8.2\java\modules\ext\docs\javax.persistence-2.1.0-doc.zip" />
    <property name="libs.DataBindingME.javadoc" value="C:\Program Files\NetBeans 8.2\mobility\modules\docs\netbeans_databindingme-api.zip" />
    <property name="apple.laf.useScreenMenuBar" value="true" />
    <property name="java.class.path" value="C:\Users\BlackAngel\Documents\NetBeansProjects\JUnitSampleSol\build\classes;C:\Program Files\NetBeans 8.2\platform\modules\ext\junit-4.12.jar;C:\Program Files\NetBeans 8.2\platform\modules\ext\hamcrest-core-1.3.jar;C:\Users\BlackAngel\Documents\NetBeansProjects\JUnitSampleSol\build\test\classes;C:\Program Files\NetBeans 8.2\extide\ant\lib\ant-launcher.jar;C:\Program Files\NetBeans 8.2\extide\ant\lib\ant.jar;C:\Program Files\NetBeans 8.2\extide\ant\lib\ant-junit.jar;C:\Program Files\NetBeans 8.2\extide\ant\lib\ant-junit4.jar" />
    <property name="do.mkdist" value="true" />
    <property name="libs.absolutelayout.src" value="" />
    <property name="libs.jpa20-persistence.classpath" value="C:\Program Files\NetBeans 8.2\java\modules\ext\eclipselink\javax.persistence_2.1.0.v201304241213.jar" />
    <property name="os.version" value="10.0" />
    <property name="application.args" value="" />
    <property name="libs.EclipseLink-GlassFish-v3.javadoc" value="C:\Program Files\NetBeans 8.2\enterprise\docs\javaee-doc-api.jar" />
    <property name="libs.javaee-api-7.0.maven-pom" value="" />
    <property name="sun.awt.enableExtraMouseButtons" value="true" />
    <property name="sun.desktop" value="windows" />
    <property name="libs.hibernate4-persistence.src" value="" />
    <property name="libs.hibernate4-support.maven-pom" value="" />
    <property name="libs.Comet-GlassFish-v3.src" value="" />
    <property name="libs.restlib.javadoc" value="" />
    <property name="libs.JAXB-ENDORSED.classpath" value="C:\Program Files\NetBeans 8.2\ide\modules\ext\jaxb\api\jaxb-api.jar" />
    <property name="nb.internal.action.name" value="test" />
    <property name="libs.javaee-api-7.0.javadoc" value="C:\Program Files\NetBeans 8.2\enterprise\docs\javaee-doc-api.jar" />
    <property name="libs.eclipselink.classpath" value="C:\Program Files\NetBeans 8.2\java\modules\ext\eclipselink\eclipselink.jar;C:\Program Files\NetBeans 8.2\java\modules\ext\eclipselink\javax.persistence_2.1.0.v201304241213.jar;C:\Program Files\NetBeans 8.2\java\modules\ext\eclipselink\org.eclipse.persistence.jpa.jpql_2.5.2.v20140319-9ad6abd.jar" />
    <property name="libs.beans-binding.javadoc" value="C:\Program Files\NetBeans 8.2\java\docs\beansbinding-1.2.1-doc.zip" />
    <property name="java.awt.graphicsenv" value="sun.awt.Win32GraphicsEnvironment" />
    <property name="java.vm.vendor" value="Oracle Corporation" />
    <property name="libs.CopyLibs.classpath" value="C:\Program Files\NetBeans 8.2\java\ant\extra\org-netbeans-modules-java-j2seproject-copylibstask.jar" />
    <property name="libs.spring-framework300.classpath" value="C:\Program Files\NetBeans 8.2\ide\modules\org-apache-commons-logging.jar;C:\Program Files\NetBeans 8.2\java\modules\ext\cglib-2.2.jar;C:\Program Files\NetBeans 8.2\java\modules\ext\spring-3.0\spring-aop-3.2.7.RELEASE.jar;C:\Program Files\NetBeans 8.2\java\modules\ext\spring-3.0\spring-aspects-3.2.7.RELEASE.jar;C:\Program Files\NetBeans 8.2\java\modules\ext\spring-3.0\spring-beans-3.2.7.RELEASE.jar;C:\Program Files\NetBeans 8.2\java\modules\ext\spring-3.0\spring-build-src-3.2.7.RELEASE.jar;C:\Program Files\NetBeans 8.2\java\modules\ext\spring-3.0\spring-context-3.2.7.RELEASE.jar;C:\Program Files\NetBeans 8.2\java\modules\ext\spring-3.0\spring-context-support-3.2.7.RELEASE.jar;C:\Program Files\NetBeans 8.2\java\modules\ext\spring-3.0\spring-core-3.2.7.RELEASE.jar;C:\Program Files\NetBeans 8.2\java\modules\ext\spring-3.0\spring-expression-3.2.7.RELEASE.jar;C:\Program Files\NetBeans 8.2\java\modules\ext\spring-3.0\spring-framework-bom-3.2.7.RELEASE.jar;C:\Program Files\NetBeans 8.2\java\modules\ext\spring-3.0\spring-instrument-3.2.7.RELEASE.jar;C:\Program Files\NetBeans 8.2\java\modules\ext\spring-3.0\spring-instrument-tomcat-3.2.7.RELEASE.jar;C:\Program Files\NetBeans 8.2\java\modules\ext\spring-3.0\spring-jdbc-3.2.7.RELEASE.jar;C:\Program Files\NetBeans 8.2\java\modules\ext\spring-3.0\spring-jms-3.2.7.RELEASE.jar;C:\Program Files\NetBeans 8.2\java\modules\ext\spring-3.0\spring-orm-3.2.7.RELEASE.jar;C:\Program Files\NetBeans 8.2\java\modules\ext\spring-3.0\spring-oxm-3.2.7.RELEASE.jar;C:\Program Files\NetBeans 8.2\java\modules\ext\spring-3.0\spring-struts-3.2.7.RELEASE.jar;C:\Program Files\NetBeans 8.2\java\modules\ext\spring-3.0\spring-test-3.2.7.RELEASE.jar;C:\Program Files\NetBeans 8.2\java\modules\ext\spring-3.0\spring-tx-3.2.7.RELEASE.jar;C:\Program Files\NetBeans 8.2\java\modules\ext\spring-3.0\spring-web-3.2.7.RELEASE.jar;C:\Program Files\NetBeans 8.2\java\modules\ext\spring-3.0\spring-webmvc-3.2.7.RELEASE.jar;C:\Program Files\NetBeans 8.2\java\modules\ext\spring-3.0\spring-webmvc-portlet-3.2.7.RELEASE.jar" />
    <property name="libs.jsp-compiler.maven-pom" value="" />
    <property name="libs.hamcrest.src" value="" />
    <property name="run.jvmargs" value="" />
    <property name="libs.hibernate4-persistence.classpath" value="C:\Program Files\NetBeans 8.2\java\modules\ext\hibernate4\antlr-2.7.7.jar;C:\Program Files\NetBeans 8.2\java\modules\ext\hibernate4\c3p0-0.9.2.1.jar;C:\Program Files\NetBeans 8.2\java\modules\ext\hibernate4\hibernate-c3p0-4.3.1.Final.jar;C:\Program Files\NetBeans 8.2\java\modules\ext\hibernate4\mchange-commons-java-0.2.3.4.jar;C:\Program Files\NetBeans 8.2\java\modules\ext\hibernate4\dom4j-1.6.1.jar;C:\Program Files\NetBeans 8.2\java\modules\ext\hibernate4\ehcache-core-2.4.3.jar;C:\Program Files\NetBeans 8.2\java\modules\ext\hibernate4\hibernate-ehcache-4.3.1.Final.jar;C:\Program Files\NetBeans 8.2\java\modules\ext\hibernate4\hibernate-core-4.3.1.Final.jar;C:\Program Files\NetBeans 8.2\java\modules\ext\hibernate4\jboss-logging-3.1.3.GA.jar;C:\Program Files\NetBeans 8.2\java\modules\ext\hibernate4\hibernate-commons-annotations-4.0.4.Final.jar;C:\Program Files\NetBeans 8.2\java\modules\ext\hibernate4\hibernate-entitymanager-4.3.1.Final.jar;C:\Program Files\NetBeans 8.2\java\modules\ext\hibernate4\javassist-3.18.1-GA.jar;C:\Program Files\NetBeans 8.2\java\modules\ext\hibernate4\jboss-transaction-api_1.2_spec-1.0.0.Final.jar;C:\Program Files\NetBeans 8.2\java\modules\ext\hibernate4\slf4j-api-1.6.1.jar;C:\Program Files\NetBeans 8.2\java\modules\ext\hibernate4\slf4j-simple-1.6.1.jar;C:\Program Files\NetBeans 8.2\java\modules\ext\hibernate4\hibernate-jpa-2.1-api-1.0.0.Final.jar" />
    <property name="libs.JAXB-ENDORSED.src" value="" />
    <property name="libs.testng.javadoc" value="C:\Program Files\NetBeans 8.2\platform\docs\testng-6.8.1-javadoc.zip" />
    <property name="libs.DataBindingME-PIM.src" value="C:\Program Files\NetBeans 8.2\mobility\sources\netbeans_databindingme_pim-src.zip" />
    <property name="user.script" value="" />
    <property name="libs.PostgreSQLDriver.classpath" value="C:\Program Files\NetBeans 8.2\ide\modules\ext\postgresql-9.4.1209.jar" />
    <property name="libs.jsf12.maven-pom" value="" />
    <property name="libs.hibernate4-persistencemodelgen.classpath" value="C:\Program Files\NetBeans 8.2\java\modules\ext\hibernate4\hibernate-jpamodelgen-4.3.1.Final.jar" />
    <property name="libs.CopyLibs.src" value="" />
    <property name="build.dir" value="build" />
    <property name="libs.jsp-compilation.classpath" value="C:\Program Files\NetBeans 8.2\extide\ant\lib\ant.jar;C:\Program Files\NetBeans 8.2\enterprise\modules\ext\servlet3.1-jsp2.3-api.jar;C:\Program Files\NetBeans 8.2\enterprise\modules\ext\glassfish-jspparser-4.0.jar;C:\Program Files\NetBeans 8.2\enterprise\modules\ext\jsf-2_2\javax.faces.jar;C:\Program Files\NetBeans 8.2\enterprise\modules\ext\jstl-api.jar;C:\Program Files\NetBeans 8.2\extide\ant\lib\ant-launcher.jar" />
    <property name="ant.version" value="Apache Ant(TM) version 1.9.7 compiled on April 9 2016" />
    <property name="build.classes.excludes" value="**/*.java,**/*.form" />
    <property name="file.encoding" value="Cp1252" />
    <property name="jdkBug6558476" value="false" />
    <property name="javadoc.nonavbar" value="false" />
    <property name="libs.spring-webmvc4.0.classpath" value="C:\Program Files\NetBeans 8.2\java\modules\ext\spring-4\spring-webmvc-4.0.1.RELEASE.jar" />
    <property name="platform.active" value="default_platform" />
    <property name="awt.toolkit" value="sun.awt.windows.WToolkit" />
    <property name="libs.javaee-web-api-7.0.javadoc" value="C:\Program Files\NetBeans 8.2\enterprise\docs\javaee-doc-api.jar" />
  </properties>
  <testcase classname="sample.UtilsJUnit4Test" name="helloWorldCheck" time="0.007" />
  <testcase classname="sample.UtilsJUnit4Test" name="testWithTimeout" time="0.583" />
  <testcase classname="sample.UtilsJUnit4Test" name="temporarilyDisabledTest" time="0.0">
    <skipped />
  </testcase>
  <testcase classname="sample.UtilsJUnit4Test" name="checkExpectedException" time="0.001" />
  <system-out><![CDATA[* UtilsJUnit4Test: @BeforeClass method
* UtilsJUnit4Test: @Before method
* UtilsJUnit4Test: test method 1 - helloWorldCheck()
* UtilsJUnit4Test: @After method
* UtilsJUnit4Test: @Before method
* UtilsJUnit4Test: test method 2 - testWithTimeout()
computing 13392!
13392! = 12733707875860558434082272955876554202077980842005121655831348789437573759324701545818485356443080088403405579229110747341698585758271708486869808791488044041976449387018181179605647927963115859235844437932556177007253802011710740802215846617319819622957728803624368525059273856135792311066651410532123777610420071357557431871601919135409679475620552332787443064494359169142420644322995611162641092506806800347653704845400057348485806286585848988849064570571399223215134422039196528240508742112736375376986574858013699493211146499916027238926848684260033460919740702012839530283915984799210811461548308856191249564208152124712778695455518255638220511763231310341518472861172494607206541639624432336176139576753589128900579136164246232720207006055603751611917263914723124857673801793478630576154039894466545163734622720830201137550489037719653323341616067988950347191561721085728347688304582351711437826771715136388194129152692058895755777897510826605842699366689370317803092786423852177699049883918320224606577789525660238038655097472378859679806797921152258485573781594265685132640576969558936251355552646572373911571292605211291591606246991558438660530840682924554245481094435968334876603782326470671522380554258298299808941577809724447130789076697610153415110951758265679511897598185165927707888240903937932327750418673680580155001157371045528446299806552225717588184770037351592061332413445022859078710002148584370625909949426783766106090851262693983280059697767126615606475541909603502827938688474625592742500138417623837322440784566352813998061075130848518964031200500186349776412657537034060062263973062756141382578441265686360940741312513364734987756416453551001723742133580081347509115311866828898231638673585827743388536033799465513624132319390625240200880133900213353396449325056712236913662457949843077665640298464165270124777205713690553850239902260651228920043275041160016272325381227166153566920804001794173142436649554447507541858996035057177742691867182099330869151937352686590809958119965411270082743285428561324623586071222929493910728558468990139621203727915239302709508268966394329063820773256238331650616291972497559967664139410707399900287506388021798899555708750568807596398136732135662158844164362695849329678233869923612754640471285316520206727886834592280442777783890092489159402094400424514827512349016461296541450401162263216657963266014872835741978042397009321597109821502801128575686977753492982792155116031376644574265794278532143722785520574646716541322475280016110735034755202487013278708170568293016394589119455177661217724020301586022172099418580048080730964812080795594769666736440931141620485481831262550983285155078344300079795416182954599510457859348105601342731484475192698882744413458707264728697880842212858300389801097453208276084644015078943765251335729373973230012470844560466743253924075528229626918343624419935606702824165318810826889452214361644954704617372444437621065383943687207397836872927614202148583076412967346648037957253830988476635514889638080849445818553120562636791877052032741458747088220465222915748425628229088658855501153195323798126938263123570381275970745388546347443828129956188908022621562840439018086404232958474218752884087324570187633912512199553311904106541583801854962281770271721070629734176749927762203081498571892096288851433379157998662139258201963206628155160509870952086417997338580742015566528925362118431330830104453187114511036573903967761267458763950006141943324108344573467108875261258542767905726119741882673732602610158936828532794640394878049207226390855878165270214735247734081019435624636822511089395156002204681830914356963627283607302302644644713834463874804651344970220890755226715425874869967088604783851748832355530746393998649014478158977879538279710961728100552083285043413684028398072165324782365813922321304790644763530719598413596279302456781901635572630272186258103738875081849720718581594148543269251048601783236600093990710268486852778239249155922456657491080094995559022049295352266727656614890875721903794771462344974111652225080815565646009611125132447413664879658303422394424970280508694412924723049165543343345278592327358288294451624220608494372935218578818714611957849030299440470615102848309203751336134386337729483760944080441937890553433794393935334245138890058225135437956183646784005009574218186659259108020714331668327105274228031436179362659411147878073265288256080557824686459261401104946625665929660591807875736919667630342750665689507726089411552794463154384661586594878381428262919945561423347604392264053987438467425673233419863731463029158102515812768636242370502295648383270052408015139610980710229533212216266424984045253662130486391240990441941339817981013526767130437807463348665820884758786566794829263007807385138752472209495426923476417792123462779589166629201171881092858815333078630949722769213196690283518438647687115810255003041186250598061835850450846085236541482630543535423745617190552829348593181978132932594364156844194444202440991207231616813743054734453447273246393576571908636845141282770836648025558319248827076834774138552639017452573806244990382281790193911559882827818456412294588572469034488068855751516547437013611835181941476125493398601389069827176768272277909163043093594464490121816828961982703637912088792218401682971217577603551246904884587582553185006624724870722111080438315001751288142666994136402177499148733061855682210135668927445955124494466561597186008177221779635436099784345015789308688815577049606252291196926455893525210692679661927953319909813274788566680942134265550431293692920379266204276239765264927450741179830386420842913436429091717313950907089624849410235522700956416660968856135685182804164489566814808830113181344413698171953744642663993241287606471423959581015256285341874161116236416014287118962244306094305423532512003027951109779769640648146735198198044790898980991509019959744832162731727511125986084633861157084197960704595268231482620791447196933291721568019719012175699703179089643073161391917955020000066606797500463891500753528289511429720520219146194380172702615315078095801650535326376404164150807425790448014224122956472943665963270823057009100664940671509206766992126928481395558006594862318772993457424951315843598891332095785847622649256509984240116101939654900185394009454752929702418055630368965734357572717674501933695871107412537932103655364810262221884053901569449408045354112054495894445185568238339742300780503648043720492813536325555815739581538561865626812535754046605366078085787553734552564947826301642840309137224938808627631974990424463438087170548571111397744687380733057195065140670969452132063506068805567028334150896047597835736409565975617266574383654829389442846046509194659565243309499278672814838283583019133468157848347751139749973092380194858144465205018661029108707658626906600547358249813456924469092163405657042161618383132117262491731040479824786745903556728742166936822147297560793942409021611717903051214175439628596082492101533078296855437066611959609677252359263038665361948145708068523821505154146624490089012862128909658392950706121977974100392744880840541918231685456259612115488056893699353507577218625683582149088443823172384944856575687048653796194856556294152924333095550057163606388672976858272574142780131328607526172449446224050037114876357350782596399706736443786372192187969256623080473707931934815562971442698790389940188599348687289766589032963666556848883425743478194376026198318491416731060757622531478353692091197378921176210452957301926242208515334024431160646613503752662024884464663818832806368890654698059627830467136427867871612489460772593851846632194882849689455892249669540202802385072357400367240577402203161286985878935679086248219345671289510113964598771606375912191613009619164795009210998616002378096090541400059756541819251754054494640964093932968107951614565983162779997606712780642141598000453140165273179851300164128902259509426734673356089641317848895742587388946256785124340672408350907172307041694598501731862713511521482063858362891561937519595775144738529890284997287855677974018636600306553881104858214819394696044415131415717896584485775011828514523775082556253514226624668816891733599399703334692944235685042900819344437059432417504156163223120537296105168770355125987128280378667461978731057668100797370561166019555774378550136168043772508741252272628572955700725388952428687571830721545738571409504173006354509654230735622150248246645457970918878087394715242036409607330272733745560814500574862004220251763535654801434963020802893447126813383113575027348036394494976216603514166086537967630838409955651820948819411796859242402315886558747825071309262573346407482301737594394116114657115232226881026575236337579350387820206545295495344199909115676881123425591239864528944749236011106617231541120783175300209539469401963408605286998474980353409286663035649887480049961298695862051083495294458000588175920451851708344942232972464282694756190427895536516203507242340711326471205059728468381350716849751949675951840405423363694170824802644419076938587279771095169680267234140714582335359595960812867925074757564093212363341754059083999282390988706376443976678802208577093417218934015955071877522140819567642883117252814231717468033124833717088205319256445634857932951102482647327218395312074828778491883857409423712207883876570397575001228715441889567319773487132983183835878080835647265002581121182723744361163079130103970537896613748651445938980510120315282173425436332044694175889074978762694701924411676485906514896426315928386204783388949756040669619198690658944086956399303145202917166234068154724613420749605982327434505645982297284079983846902439233203331233261060040858799751992066362089883857407875976808409332515804953504977787645006654361764653715810906517573453956870846313092726753256347515217337687742208496753117144069308485969403965855397495236862390075998285069081113546036781827300609451270822146408443381355386741324463073731762630024955666129879922874478733824249914440944691690366963717767888157670588366595998692293407107085710790176942672007680043771907186461474156860004367994199438944969092334766553503556962257374127602856726544046597091882625704195447614150368527989539692464132283058005978156598219322394259765918742363541703657096623778330121859778049274814963576978478729828037787684525656178777340483588417737239171731799948589348250093102430816752801475113571500930767616144581891660147194982409763154055233586875875520441828723643355863555807289281177772532324984884895842722920596510191142062642587635602182631521635266520697137286076702485920916876198677293873249394685774589566118824119278913214686257486927517796144400295181440702342221112320738414631345577739077623683099523227805963369172849009465381380867893798962323761256670832817328999764734369520263408203281087151083933097559870570997642018191522883342399574454233766711733263898327165761127952422802813854344846957215795992779780408199873612731302794679813589449459879031485873845724244617055529366775564010457785955132820173210003116625123013281061063126039296721202127987410963828722589966560081822331628121236228776804039278181838280083997163343092412586074361247622662852063059737595135786434525111530066239569389586566336789424219615742148669926989887513227064629652063481918983719549436689924334897008313387932590727613121930953818284350726744509828168638374148253446082834524156177526576225006567736001515782058192127607398036773614302381946551168677738504635794286051788550079639316456500777706583063094743611240143189194843171531909319795324730085651324055034679107463345780949123873731352226958834168521082812814430053118213895493993499825583673954884100782863537691121252824525838721205085187927840929893402948713468395048473876060398344502128128341059601249311787465265302971653452835458599334579178510335724347348628058574590377489526751747427681321650699700905728315652460562580886892219959104925179310685960533031845811866841161054066889975103698233861688113506122141925246890927910242914918746037612533709537519359548886705550855870235476562697059460414028317079121366654682943721460966588877702765208113217072381433414621059828553866608205578011741340670273336061290663371811942116880521236086160394612806861781713653816525415446638895559363240114216472903551074025100310620880524824535735233022816748612597059346361386497815694242375004858379620242674469077088129484372833494051667414804230634900382808410300851666269127481677450231799151046666098974494449795698922752951819046714618208710083367538258091665429633973470291978284920008073825849050832923206318080968423157078953949390338533791156930719541039076677970943752182382241337031146433965481664639486138970077773697140734343088575703495737605238181078537284073491241110543372117250780134296302137178917852097241015069073070432577597699610414962004196016142956592074741027387253380885754831742237043703269126989845731184046986413057588529145720092052476815399893845219411987570622078678771643954140825862444135571339206631407614774884319291810169302956942610582200980338290511199468222502124791170458647458363560404045976188086940376825075655806592148590487185543374651562221981543680833165738536782480636036315352896675676892329470376217986799571558066504280377057310231569237306477970960813547193670561005080512573951398803338234899064461974210734146900481275231011086691521960795621732331655481994315608910994618360374190677418001720974795334053759080158464082572665411351180631171456047519510418908635890603714319021222461738896783487018257940116916534628423285681329122790367717219279843022495501534165815255359964470262550261386357706989571750594306088875403469541186574613925243295632465831728913304576465875785888379606366044806189530966891394226055124459966606887259277923905805075206584435477165779550706723542118287917305266227414603558684892663895367538222825238056342737060329202099502577785841698947511404407156456462113140965485132567496919402871569146240644395179127458153418063059318272418357510059015795396921881921430475604797937745076055299340293331174745750810228356121117096353005849566989382956796742300622126746457348192972915953697482466339722895116234786310506502145117902804590738046161706147991744641928837795950296381341364660176528117424735509303172923812877163769969663093786612141992284664299336379008882419611717638629473879437844002557421570692445319430520566959304347966536881944338585914732208812252297336830675989139516430878940402942113576591442785471737089155988597442426723720673100973757081778510039178726952680488834009392908910409842724928408047958505354237285541454335428388263384888582584845904549079823493278750207951813686340440218733485466792489600756506602194856962207861055870738445880452078348007528305440708305589641906314377193845862481448908448834280233712094660689839736242452209997690630878969838897432365004176347327252047005765450314684925364512072817683455018607910371923455200795063470411303666285686825101048829070534827339962791602801709387471305373428147148904843643884598693144631707430244073734491504022253133055628445001012926607423671733696379678510903462455451703257573976845632491389473975859035096610685819177573467862694805066538239919794854921627150688239172176682885604019811781588745099137915673844513406985850020377633826290840464875210170673149659510411865836691308349878234839495166889418753635759820439050695542426592328466382903782758036138371424116407525110937035879432481329535582021663205464424777664628906896794008678067115249867593659263289790986969809512580054872570858610525463866841555026207859828979326244654757593707361309869813287409729511581136854619432897632343803590870702087739938464409956572526521604139467373825276137630654661846347272941913824662974932478298383099472318017468748778790480822764426800485553444847663468675770585377094907076490750147613857111217647480956606138726828762633652340920122540713900662957443549397377890141288489370644942461556848783936180692179484976278820789304580442327302863218087452353668901689069231851356667310440600705869173561574103687006334991867439065322194488148325909900293093494096946842508189309566968529501070427925653998661121099675017483448121304526027149021313273024569809914181050180560428816017085690374697447728380566154169494585521242301457385075077475421193177693378833627983159690355641591826556311325887568549815762117527671332499325373341890485883715568967154533195236712522645038410275629184720491882078122431822969997377288356433798512108108638397902326507749653981600080196255999963918091404786312555550850806878884570625809429863002158396812553365203993926052426885340809875448176511325694434974051263653846675413254781414339294803283991447914480396179004591380687217107466936599172054761316146869782539652815075850513880513919419589526437649872260680755654319268727662536797988806149232880447479510619401486622980659996037832523606482966553894754110176717067226246826857856501197669540034627155399346516396856328517522666008040183297775130380284664636990150158207065444828119363338428433158594616604965310278672606466680127545319728416374078595259273617275133148773679409698821782877317450457112349794588083137533128065827017821489315072085322744772833205869589021498080810873699374799009256266631278507089462040586721739001374225150117921188023499416572259885765681308170937803158715522790116136507164479564602378432906695899439560616683571253699864295980388742889146716301548633258701972392113861333054977734785490783285148692857671142593456396595974343920732343808908449697556128711785832864844533620901104191851189635163643496398951044513372135787884514350473809975999002109679027059056861067235296430832465334168488116059778479990668500134463743910977169571752581205783117523356952926675776478019422942311380734664328086523659444412934029859756702384352888298516453195453377018352229405523911131211036704746670626993987641309684440495875483328203404550071955289660649466052548183867126455542996683460228860533410936417531375827354307784566390815920643036858447732569469963006771931833031535316917827904133218004555527643386024087432569637160640473900378272559585425115028689094245429748552795293497538663340238558088302194084796392433145757895003635069457095629911921279060739275654563633610709532973897218157095496700636904369430072181201347638978273002323080492324587404464357451190846119029279247913526969051153851609013705899149621563613200022792391033379337314951420972172402270726381392687031104310147846629225272949255267563174873099820520222663326732811012392269378886824695532187191579535818995162791844672657106018771534814050447729800433483573404563883353290882359255832527734508106744324888206660486966354446545936684250394170518750309463449960786480308470914604960480803042013740965997018505719924433489548376653349293573042113924612866726177982323820780946967752090585395718170432639771497836345519555554693895261673063061217478394108093244083811381702655020272603217353589202206958091483305875333070330613074430178253034101652767039317143036051394083228074756780210997088864952673622474560077844275023871447923218383782149569586269796201637075577514573950768373117869701323468688265233768530296702485848361969337956637726895166549792922531476017671636530529957016354093297211688494634429359965862585406862311998672267405280896094431232085472884778472649708720274741007736582813849981519943167336474483523510274681688048576437975049519544086596412662598938557019088003496935252981792468746142246786766889591281738598192294035234642602876794979135857047316566132363609677261468297530243535544855748810236364728870420760715001718996654451733564236612931873452514714175688142152542170664266195262304912051172087146431917944171858971425328644088743794185908599014265048284927102322252474250970606306962930996113147369262935188789398501134694465881578617159955147317047054101295554676384015950132520613868684799495733048329140170705484717280409380513630153584391742825987980572097815334789631164988221472210862488070210722766515036995596726578412743055578098512711611273347201203581958930151999211081921768484372848513981302987487629080011701223361027889122458690710351659726379232196788185917282841654816670161907482792113697616317721553920384644386793432343128607521118415119897486507649683386328123749760646019949315045090284232822338487048210231238996950463543376980472384770356624739008148206796461622904475510616666892117452058939410116326709235365090701285961406117501878178994268268567582639872813796469756643250380069010561352441541314548119363022935089950683261749028624055052138397274435581342932694644227095535889724777097974222048367746911465162278124580483770464740289235987203600403009241129569088906880898193032476793288712214987857642017177927006770209503619612313260289876230698461309680982248915861129114706930575613859634044053101785448315735021503536519237762021444423870248674904373616342688131057732988988471265508414881757527821887736719854242272715093956424027819152356500202797497138782303415810133179360577418381148279320485031516769901023985834593399465825378787092388673952869821976725849584619663270298759694970132379191204642076696522759760392232300502311813860294346190355335674388035556192126201337691502992568846250452957208470042118668596075785045637055609405612500576262921166367831918613857811049643723090304286323848574425535331184944205178516025709434198083705398041078916463240550501416756785098301045881178442742786526173231153840211622600101987659464874805633964204965185037045915120165088570519723353353403414339852341192627452824298449208269534561750759208509871971217140415410748682762274384550237367677184907531010718702638347498848204806206635765804666662505168896239101873054304619981379794991207569823256708408248497988083212695663599754580795986106720590582011537719538134064480212763519623909268915656489497788144268912330169007443152706933730416972314749595292764582081678373115318502482848318417848843904107746205332662352492862687126470595553473584054252735549638674088076455489139232316990276956113734540121914068285017968610482310743638592557556637261735687173867757682914136962784052042114697018467271479339579409544248075272158460957707934398046697507708226942871752307511012294514516828073139391940816965458495653276337187995180735214416755188775402180464481441836833335259032283327431209927645594133285297693151178209419156371309252377354695277816693961507466137757665721080452120244836154788282549055706203998469646815454541973658570248998819277752381985596909747097434393416134881736907322495388639400875349809429772309696506707432070112830296329166389098458119774589776188492468534947470915123184665746836727264659311214210649576028333754068707595271350381919759695494345193798750344339217558835892610643462442672034616885746059294750192339677119821422403182388514586274709021890711828567865267790371774815798818561303864803968795089168514673350186957376162996154707761351758596972589838184155288678155767518507435863486245834427037381670897592525523314109002100740829212628364242653658460895040490011033690066829616140929214352250512849365313143228152881004361127335403138100944923390637273076777790434751064240812197828059962467416782771066923126429597363535483153497906591780713037696774830303739606212930228751418397381240823736266359904322331877257716092393104445614939260219154892463551806558749736098931393449955636042587153111208539053826239751863178607023908277984844509906540355688350319899982774221508996713827465395388439036678286498692852740853663361629635085964894496046556648087155955479777321943842693357452001909206275060161090869218015651627173838936230219282542439581355853157584430484801981909922825465723554901912218306606114290353963305934783449903586954650921854859505202101909830519910497189057333816146869709571075126025920923163331489176530133303763278903845585419604972509558770189803263163483805636241306417799883954937536040355657936946487065780457396190482207195441576894825767484992892284476181727225990843175242181638999785397768934700654720120633085619860954632985155004580331758270900294729278568270607036639438437749885067084147812783806951932362305604168163183348862236240798027969675035891332360727125510220676354083858240317950689596021269784004818490020186905552769391677556715641976880218720489044286679804792945899933976167120152076980525157543450243696184662425336750918659452450378894093036418480967767596610592929582747334764882224106614171415080246691228647923115885303095889743777210740650617359986755271941635089823383123394616779933375607414171642095685210611412345605495163658471264396333314346057910081044282814130727616418462108825600691683875726069514046613437973824310181467372968495371031837059068104492057405485499021395079288412532062756858479714047823795526334135842130123275572239191378405888796466483316203611513912469892160554651340719906547031899027540732084374057735028806025234487323999744695162401993051170380369676005658815046832183130330666632337213624569136484857383712229803530405001189147793256135033545466995150237353681649407437815837725813511323393882786200232825962758344921996281505469365507902221720516923976669179025870302567269659290065993752900360693182158129707074736454918986529185082534285081238801271599269765721841027446296579576653336007753802342572522519404963911016434914867259544948319557352084868926777580383151105243612941954922959334237836043513196780925745793942681007079411655346870694116637216301935022157694758504918970349367868690044173170302396239469795758499569574890128896368283455516817134179855056097933182528598671265882382012726615914402388868831222127462526062587702768385641575207401102432013086338077966960398681442489560517217341948295474349786350149123124926056472857952228416564885397864687121679463798071737073454390864916993457252575447171611012923705160361234214584995559317229897853117314816794027948840148393634849410502724389345798003409713195470072668975618628480774339874265852306273254136620409684688898505181254959172377720531317122900084376622004119000807423065930726555462904448040807274123070633893602800916876463879227703316738430184184341696671625674892528613490061250786567162964091272820138589111168131642505249274428180894104337414922346486487527145255927635307820392256068213408399233175773753105706767045388838163367293308099699165734534150020639387268422553135225908417724498346947597046652093310451230526730654033281880631738047720412450929864049630196796315331128011223496829099701963143766893969818965869199838418119882292416710801793483276696283344097286780964022008528918117599573305307313436205275160121197133837518370753257662375668795767886029677880135385832216739226404176454328420072199326695921970405265141561090831427306260069728783765711956330632584225413654878829632176846831887047333570006828954597138551801112911548927864820605350696261092188406617727336234251133855401817365518893963697846009683867995841459708079130735610671610779061443251416670494125142623349534981406366340132871905080843439528852275258341265487438040297099726802733323006077236336468964487538975299565327551206829547549591199331054634696013915494758426303751125055373949051959656208380199459519200763282621592036335029127672449639332986779590773747312780587440441811988559366981095331697965143553005781901843412791987200833543856415505717486935396958712856145409326727455473095213412378088706693695433287561795674595451718551964546470728554082723531987038862313370627099686984275271184177560894638895047065806855944569130103998297550326610082304494155769335542184126788840246409817714788115940234848799425689666513939849701492484560698263002432337127532556233763653805509811699270444351954242165056538849917054555744046800920182326282978009931690887150455060880080761752830143515452007115514604943763679539940875296629020293309177661752215831282144101577183375520257465990896408606866428228984662191066316317941457301602887853259603915217485554370705662955376240882308624004423050883680309268486255172499529025379222918254201507002570371725798698221062641986433542813846960249191628628843778150263206552966699535202063385188030008309667741116786645741918354317096381756544842825728869338336119502134442813121488017832247015998945567925533760299606066314759786543989473448824278139901689707590949123642159879306621369263376281334739263956126921407685451342314605123110655670502128190663038897698889986919803040165398133670923191100383348554771188387175393440782235032030869148146431085324110425703004359528464503722565846384280375921234255687163108478646441168943569758473837553103263255155134586929790900004416503065601158643749742819758175838750570858277905987988337083668599121077024113881801427622806429361382858658466175384216487098764095950420594844848501924789928932037909994263801544503183606783201004174598874735274483763725695834473582527522715493266794761094073895891210200890773852551701461888247180378595296004708564047126320373301527714904236101051770511510775812915947777015787927969039605520496482156471039743611087109511469627990228405239972433390671315116540216794319595523091875753033355055635141240287439987081817194678527271376483291077236897714515987561370936822192967790468984230638162669876275061447894341826382787061424309620508627975071814956024139602921648283574222001127655491843680670041637542619195991202036027321319867372954612903286820866259084147230340625456781382098607520203616581464268810428818105666408608815305404877261270703603522125898845908630418436413202172801429981401435728135267432986712691250568448704028561762469117867502741898755259206770014857575700084653877176406639541662238379757945506552328539712632064915095062919395751315159194055012341238981133898739025535612925524554501574278734193163284256309438632859615439876151091616499457526014002829960929693469332278775996985590897125402507696138111511505407602786879703521890064716471116543427128064857605827496227703248084110898698936048784669397953090362491757508064057268208491730987901631781965730906741073158913038656114573112467580738166899269830496887472144618837915840850237113288204694538211439862611498790482386549701021870018034300171131218191736616510321867483757313185089025861301080501847859622297022368589065071653511713037456189035354505021469060364751145028860325051924625965542008420478188282382983719102752964307172806574139533826875795456282488874008369484339787841216350558634656186520083357756797827545239377188654197718363365811476212369145427238554482816142392403670142932959554448546877784175651933663344397111017937917329564126485127093270294566597607312321077105535864848621647798559552368091062164301949632151354365024097621011859245555731406966098603516500903102971382056564729687511946371445653589656946436194387072763555664827129840048982368744204267563223077945061257861348040708012900025334392346946675213236114968028430206133273246587830386987233740202053858128474097888918101121854990340277591945589291732858281039179354141993620793676300644626408602198515066949014447095457777582098143318458090548150733330686272089041895978215290649831457050838761588287169765741389962559516166886659233545916128109075548240039958157667095664430824065927885726585957067870890559485162240922683120149920818733938448985974233376892537081716038025549497168006111904673129838469549507346513446644804759307536454437056840062681449884056701732263260893284489942989952859811477868018240655774766399576240218214113002491152846064240492938647079086324409089898633057989460658134476401670535733080626591191206811774834651541467298048349194857982892259410614048210244958948865466794871091691730991928361361862507947196414419800956572142826506706370007366653954697023113363295596019144064280691366761467558359650340640587745732233720181029130590394393139812363303032755750750245833582636931539210872228122782889646784175677150414886900271297109966621632495216819289629464621518485339424920248975580750699626075844639452509947015189725236196123768223320633649590346603848334561599952148288362735424989813558723828207230926306636643795639402729064603126727617989806437129064750164276673315533667446073693742650437839036563559436513853279857847647399901567349037810781036174596919969446648644727787185202672905437847978046404118104833838956587651462899033388007141539663358688480053377074525909715811907278389500233285695121140859763939555689874280149667178929546184412239408711423937672763048697675175052369586829992380941073931435790088888796459387985749061323250578210166515874909097146758901360475232107108404199778329219898756454742988597750947765069484860600254334833186015348165532116961408259214682866476002740905590737839238013669825964623264524890309529332207608711689687916008837826103575375644947320392759752657027041393088390241200870234344719444231120634989497788613535711757686731911483664490734192949415853671787286685856743143709312273485772551674136524662464062123188325694724647982430780445435396142927732258639645770929432580709118710028599376882506935989055018779839861394244099017560507940734059879828368901557379036609322316974880505996043885692006350845390003551832046293314167655576489509356070495656969768836762083506223022236471843519067908930946710646741492856029955511925253604566739903400185534805936795281143796697546338098011906675858473075985584784654053789820246912729100042785612585825221533662369900483668063557815629366306132424416247292378363244038934654468606883562297151683433184530173478853490196136128213540606225622030087779065559272702912381711409267272029893559958245700914444482293296200210055057751421854706673076822710530307750248519835434798002738509146767535985313143654084689827013913665024019786853552991944738180534297891390789424159407603124166283684104835927021453097915275909487258267760721382635890560006523826731370081752432931064791774596944080048297357888074464542898718526642843905328979233281117851746756350357795030034447312337545188573217703498371885215732137323213439059288338894819559763825622694205581924741255091162334615188049215908075399024527562634646649199642342518989295602541533087700537673640468210525261187404288061887098411420569242637257025048908456376572563136952643211903728183821999172471243141977147780476515456822677243455602853114326784339268325835492586288329766607895518293565147467159489132533055595989586774604103325332171300278090368105369979651858672925299023793519460304299527373893958855057069120539148542859620660388408521245740294936995822135996382296973135206142886098681370415214804449305898879750035229144837101418116797010844066533267233972828474304886347824470669451880162385626930410853493871972028173098342473493035782831996236065442303376610565971407992913915957589540836603673600571065557254359382660975342629233329010745481425693139530799583066490966437048958921582964427984413114265168817115265422073957494131878845181131588294480645769197929685329693734066247257616773865165804426761535330260590016007660657474692732890378588660007038431079963448631644129358725302569117761683068831872211312936624344278314485320950658288391562269305720679470695814212126438330190541206274332790992329244627342920656689229216713242119815285218814860334373422611122239728654896287608183284541586110264157334611405844349252361932822637505989735560443328623329095525345078194790138956919908151172541044511585453337280534170952875876918187575449528189923685955032521702954090879824409113385299462416079874717125883601603607871413806673792437258200923182926222940405249779569637020379621528642960599136295225183617922325540259067057003322813469528021847379702897647397211985220856075451948098004586027050418515268632659660143375954465360457808951287714647830708353350310187503728361048083165285838990689962171252167143392700992120776928229018206283454136229816972468066805746299021772133573714359948434233709781271612850522157089888762737894676289998178775762477902008123950897872332933336582901026821847500681347112940848800742511996659638852651712214290526475087152558452079809364610751835587529072168363365778051529220171747839946808805430928103096340348923930355909958462591718329688456199887251233164531311959287739272231433753881850161407650687515274585698335173855825662157800167519129303809673588161364862531543624596804619606698746071505125602903867640520203128557714302979880708897151213080388377866638376242609932036194557676272943158759978154990220832743142504463824684065162823670160742731172037407405717460845040043433046317740467878657058746196261086415039254350025519927037230738994920685668023490368757546952767455598666161863034684898673386289309908393735735980295431119176954413917165256541218944026893657150738558975587766062174333774321091562049065050564384330739229762139166487158567705602365357716666369032357822116693324516140409631334920979495759468409304818801691229289416257634645883047884987233125993001591078865677159122333458926773942771430822158789028529196838066614809610504336010306410560431333843397201015353878287239871382488259038287377006143207891991003730664929086556242961399715832943832391543441047469912048595358791242478586125210320996032352442435883885338412000220987872154525710099126474018977018477326499999557654479559208609678989375376633968988972575979133120984201603060613225914505673287903336498633483441528055162124923280070002709615707125465259025770243081399862081353749923799774920235266491805265073804701804618017872453165906808492098766531870977995442489195269683418506940288268448792279413872946452589581797845618071601256993369460675576435723450305219754668089990100011097945464402273040130029286376391076824563857153955689757896599187640107201849806182874818086811381941906797830037256769520245102216119200871488756339868263192520215432153081884039479133837695704377701880532052614007428997205265307752405355423010774773977474135738763704569979480563674190441702722991645054112412657639412621844620151748390320075312549859710248865328962322331518453151539834484069588287538426677251901409663685387157578983922566140909209812184538806371165436114306235036272699887010390116084094283780595923173371396107885964413464090125162577027803341628450125923376679596108864741653598214885146142240907761101311330571845751299118347916840488696907410049389092564929482729997505253935172476798222733062622295150439099827388586623219850464813498335438092859770518363714370233728160148701967322127435452281754290658547993631642890728488708409381594070374334928341330894627631249669051336791692236379574265937539247991990684725465076579938894011991306222254750827022293620477065519046425360367851770906790931969573053008290382612263272855124289247518380299777855344684214294464306815924782263614008479551767169602889940716363347707772904229644271919153038659560046610881606150803589796106786690670044662193446199751399419504706358959981999284817743606030999185788979096420987005869499685071803723223219305635592480122125491555783905947039322951174564193372840099621534179026986246740655803598955889958698565842788778456292903786212097823477077994090278344408443602838298139172943512080305867762399696096600752315313370113202340026974911486547422542886991001580819770470377820609462614542869469184016319969718752327429463809675320581245555382937588140642005061936079044063995405144910909664142588331066760878999454627488658673983134522595729362350941456977795872108734006866201044586477353305706719664887799631879684278107541829267609568918374806380630012554585273626533462347541603566880450219613415087742074397484668643856790589433483724070213049450684968716034974105415853732816526744321257410891297999315843774422960289293184008544500231018416861986936974532926135874247037630541506138359867495486109366347434289976565245871398008980121686363057812777267988886215078933315256165903455038840058883891437824428682503055723064916864959896008083429334044928975275743541160218044554277201059547823983685534408820563989424692651384372340806486733653125567277217404811145511955097890808910410191001762766786201653941463517372295854088097100394221613803253987028778461262814577998049857705552689765996196980078149246043763866264759445704922893147834888806944021385733423712246562772857048846583563327813595049106999327292852731561310137566808359729800217797742518586554437279750331526873620358493375023568799802668148899436337181194564749289802345413681490823292492788560057198061712532337981196223170726480352366390686770365719131895149968912148086409321845788291520545000176270410671082791794498330433403534051688552649225862734527147580202599117185273831017329998404153005318738079449381601651930688891842432588158158523765271726394182794217655933833736541327241331707941867160627712010895801980532484938208966667033356662879569482139847631646720754135420722325790750689089534155174434283226696277182800479858859788936703930855106783984451410239991699284621689879235746809434667032937344946724991320022318714280890371363677614933364961092867560955511585583683288645701717850994255796612851656007258967818205346451400235468624971912614440938877234052535058688410209652780658029019962545916849470495364942299466953193945529670986563346712351606242175513683794245155510557274910965163515813716280228015517912847973710813296624343980211481496651659701759246778727175152309930290409368235522147747046666515283931671702606846458422366859237284291076271358723259966180587396668444637578783743495036416238507165974366286953921674518995058653884233913347769793466249760388481434166034143646621326494808577370011234928077062737289131453140210975140083784505350603842721261265964207062743573239594153820954724715424588511336518276778505159738120558617462448056795568326531112098052006183291190615232294945492377573728995023844319912721891495199298426172777757752071124652207396014542956698017724842801252219820110881093125139070308487807196292846660483029568051679217247597389069488963829818764629426287731403644846940786939802326855017875105307642484682172996480724409882757434219242528389629563018244812059327528325750589461820949617416473482418331277798907651817698068255189410675722876034065193354425464749943958219105452646811271613748882489645837031707433257314552594595348791698873411677194746855964569963473171972065704127304555473199669376344086430816004481116508073629706719339796207150520273539969229608068569073658729477397523760161862324542085259468520950527982584312356239055316027549122125764517928558763074856695822003519666921793006470581265993161616455940283580094047356898865725891293308072736218807635094317675098599276983743433898158755998593847924326929393630443937693439217208458078562461531955806914385009597989964181729214344566357402896974891712261891554620020140441350831648237527100609650977753703533024121873109487159986204092016840502051023282639807642177812516023176833165446130869098802662009367915623170745097064235277470313610931642369396708385901079957632982469317220076546167796784581415432476603880724615036864732384872446615750052470286730144807098325646401723579116065432152544334800264444433708885720521543373939826642711555983430685038487632187025727893508021212233913716584656181320012790742814552925092620424412913351406249225999037905482235641883562406434118815100683461151689525421880084286400107819160107362393623302717096685628199703470220115286928218663451742922226913533170409137203542388115372663988518975920483531712109085940992097193259617105318996923728779810629780184502691727544994719938544469962037126957302983135133009857998109398085684315899048535681173291004159730436131763803063051374763924131883661539339299525835612292034713952000085523314891545294871114284062643190767824029109643310997804054774573545551762682564643285988091058622201329377351004345542208125194769305851141272000665852497169041829552967652060560825908457176969367853001287246552775105607006993570036718748540239925624064323941607778111359720690239429734927588195834340255806307489811116705330990830316746780571754047300217733015117067941612229754412846085147593961959645871651349645067661636726076668363577161539833071010061895881502505297270368674565694740695754286192933587932951054924289629438756970768988084894147918519267241402655118275895182176335252770090826676929468586968519804661153649382565869697716258984129091329589533843690852612291786694423213148567067109018572106959762469074165904984545393594012746797128275113225170600287348774550007997992229699313825055681283577332163624509348909689904030598184994857228567567628907272070137636895918084533053643760633038306483179905319073729588709940642170366041573228721537862054049623913989186838719873262380305195757947933811067538744129444881625388522167245717017345162934840681014598323728973549721816147817303731116702991103355479961766490748931972479527693700042569361310337889803282254662500166867456896724829367016213042591510134892026885431468713852168700444533094167674632858294271229677616308011069469916746859297963348800995137518879834812556918119387541066655350562507084067428486057363534151583550694172808037145769234245573000956608873429763895435100534624330165115284990966565158288835630049970622225438598599354183977530458393997839708998126855082105786302128413289630191145269802331439391200667630825080581361256601850306328908035192639437306566786742741720375491417948834519068900777504066804824305512491653917984560097127533410548547925796561365057670092937893515975322482824146541024315465208879143715664771174999512078733656681276224123977608350361966194935814877380473974530620536371431819618112966308847053317201170361810496562148086148759346296589626956817889891067703719638894648444762180011198932393328917286432880231622027768844419145655017448810371441595257283000499343004566178078959098694717358994829120119340244089270740434670815013678179698629151804181941775610990160169694978074263493711755799294836509384856089664031756073930150343809282972331246025127251276271263206527206026283398565387298260348623740677583041343126750924234990356387737203839974795326105928877242940205152161856250456768436084530422918325068263027678390838900428394814665882741087567088731148549169235851713604939575033645468948421785615882490065045680225962521066006794401770410729752265442866772403203052733504818591814468595080512853704944221382219844048525556430086960812117462921532440303753748178798402585894060032000000000000000000000000000000000000000000000000000000000000000000000000000000000000000000000000000000000000000000000000000000000000000000000000000000000000000000000000000000000000000000000000000000000000000000000000000000000000000000000000000000000000000000000000000000000000000000000000000000000000000000000000000000000000000000000000000000000000000000000000000000000000000000000000000000000000000000000000000000000000000000000000000000000000000000000000000000000000000000000000000000000000000000000000000000000000000000000000000000000000000000000000000000000000000000000000000000000000000000000000000000000000000000000000000000000000000000000000000000000000000000000000000000000000000000000000000000000000000000000000000000000000000000000000000000000000000000000000000000000000000000000000000000000000000000000000000000000000000000000000000000000000000000000000000000000000000000000000000000000000000000000000000000000000000000000000000000000000000000000000000000000000000000000000000000000000000000000000000000000000000000000000000000000000000000000000000000000000000000000000000000000000000000000000000000000000000000000000000000000000000000000000000000000000000000000000000000000000000000000000000000000000000000000000000000000000000000000000000000000000000000000000000000000000000000000000000000000000000000000000000000000000000000000000000000000000000000000000000000000000000000000000000000000000000000000000000000000000000000000000000000000000000000000000000000000000000000000000000000000000000000000000000000000000000000000000000000000000000000000000000000000000000000000000000000000000000000000000000000000000000000000000000000000000000000000000000000000000000000000000000000000000000000000000000000000000000000000000000000000000000000000000000000000000000000000000000000000000000000000000000000000000000000000000000000000000000000000000000000000000000000000000000000000000000000000000000000000000000000000000000000000000000000000000000000000000000000000000000000000000000000000000000000000000000000000000000000000000000000000000000000000000000000000000000000000000000000000000000000000000000000000000000000000000000000000000000000000000000000000000000000000000000000000000000000000000000000000000000000000000000000000000000000000000000000000000000000000000000000000000000000000000000000000000000000000000000000000000000000000000000000000000000000000000000000000000000000000000000000000000000000000000000000000000000000000000000000000000000000000000000000000000000000000000000000000000000000000000000000000000000000000000000000000000000000000000000000000000000000000000000000000000000000000000000000000000000000000000000000000000000000000000000000000000000000000000000000000000000000000000000000000000000000000000000000000000000000000000000000000000000000000000000000000000000000000000000000000000000000000000000000000000000000000000000000000000000000000000000000000000000000000000000000000000000000000000000000000000000000000000000000000000000000000000000000000000000000000000000000000000000000000000000000000000000000000000000000000000000000000000000000000000000000000000000000000000000000000000000000000000000000000000000000000000000000000000000000000000000000000000000000000000000000000000000000000000000000000000000000000000000000000000000000000000000000000000000000000000000000000000000000000000000000000000000000000000000000000
* UtilsJUnit4Test: @After method
* UtilsJUnit4Test: @Before method
* UtilsJUnit4Test: test method 3 - checkExpectedException()
* UtilsJUnit4Test: @After method
* UtilsJUnit4Test: @AfterClass method
]]></system-out>
  <system-err><![CDATA[]]></system-err>
</testsuite>
